Dec 3, 2014 6:34:11 PM AudioFileComparator fingerPrint
INFO: Trying to get fingerprint for file : /course/cs5500f14/Assignments/A5/z07.wav
Dec 3, 2014 6:34:11 PM FingerPrint scan
INFO: Processing chunk : 0
Dec 3, 2014 6:34:12 PM FingerPrint computeMagnitude
INFO: FingerPrint: :16615.0:32532.0:63035.0:148755.0:269657.0:505193.0:985396.0:1933114.0:3954745.0:7907978.0 Result :1.581702E7
Dec 3, 2014 6:34:12 PM FingerPrint scan
INFO: Processing chunk : 16777216
Dec 3, 2014 6:34:12 PM FingerPrint computeMagnitude
INFO: FingerPrint: :9572.0:56330.0:40959.0:116917.0:199628.0:445900.0:957725.0:1865872.0:3720911.0:7367055.0 Result :1.4780869E7
Dec 3, 2014 6:34:12 PM FingerPrint scan
INFO: Processing chunk : 33554432
Dec 3, 2014 6:34:12 PM FingerPrint computeMagnitude
INFO: FingerPrint: :15345.0:27057.0:34617.0:125883.0:217800.0:392316.0:1025470.0:1842079.0:3681928.0:7485646.0 Result :1.4848141E7
Dec 3, 2014 6:34:12 PM FingerPrint scan
INFO: Processing chunk : 50331648
Dec 3, 2014 6:34:12 PM FingerPrint computeMagnitude
INFO: FingerPrint: :10997.0:18487.0:90053.0:110635.0:281012.0:507304.0:916059.0:1954552.0:3871564.0:7769475.0 Result :1.5530138E7
Dec 3, 2014 6:34:12 PM FingerPrint scan
INFO: Processing chunk : 67108864
Dec 3, 2014 6:34:12 PM FingerPrint computeMagnitude
INFO: FingerPrint: :17988.0:43826.0:37819.0:126996.0:232381.0:451722.0:1004699.0:1894659.0:3794471.0:7598056.0 Result :1.5202617E7
Dec 3, 2014 6:34:12 PM FingerPrint scan
INFO: Processing chunk : 83886080
Dec 3, 2014 6:34:12 PM FingerPrint computeMagnitude
INFO: FingerPrint: :22016.0:31785.0:46957.0:105155.0:241251.0:469378.0:948533.0:1922715.0:3812660.0:7614790.0 Result :1.521524E7
Dec 3, 2014 6:34:12 PM FingerPrint scan
INFO: Processing chunk : 100663296
Dec 3, 2014 6:34:12 PM FingerPrint computeMagnitude
INFO: FingerPrint: :22519.0:48301.0:69483.0:83440.0:230872.0:426692.0:814557.0:1771387.0:3434272.0:6940275.0 Result :1.3841798E7
Dec 3, 2014 6:34:12 PM FingerPrint scan
INFO: Processing chunk : 117440512
Dec 3, 2014 6:34:12 PM FingerPrint computeMagnitude
INFO: FingerPrint: :6182.0:37224.0:71218.0:87221.0:248012.0:418620.0:859337.0:1733515.0:3495494.0:6966666.0 Result :1.3923489E7
Dec 3, 2014 6:34:12 PM FingerPrint scan
INFO: Processing chunk : 134217728
Dec 3, 2014 6:34:12 PM FingerPrint computeMagnitude
INFO: FingerPrint: :6947.0:23282.0:41284.0:132397.0:223307.0:386689.0:902805.0:1697811.0:3408553.0:6860722.0 Result :1.3683797E7
Dec 3, 2014 6:34:12 PM FingerPrint scan
INFO: Processing chunk : 150994944
Dec 3, 2014 6:34:12 PM FingerPrint computeMagnitude
INFO: FingerPrint: :8348.0:35623.0:33844.0:94502.0:187961.0:476454.0:881612.0:1739659.0:3490199.0:6980139.0 Result :1.3928341E7
Dec 3, 2014 6:34:12 PM FingerPrint scan
INFO: Processing chunk : 167772160
Dec 3, 2014 6:34:12 PM FingerPrint computeMagnitude
INFO: FingerPrint: :6596.0:40366.0:49309.0:128326.0:210486.0:491844.0:1001522.0:1995013.0:4000764.0:7882115.0 Result :1.5806341E7
Dec 3, 2014 6:34:12 PM FingerPrint scan
INFO: Processing chunk : 184549376
Dec 3, 2014 6:34:12 PM FingerPrint computeMagnitude
INFO: FingerPrint: :6489.0:59041.0:89343.0:301520.0:566568.0:1053090.0:2069072.0:4193071.0:8366127.0:1.673896E7 Result :3.3443281E7
Dec 3, 2014 6:34:12 PM FingerPrint scan
INFO: Processing chunk : 201326592
Dec 3, 2014 6:34:12 PM FingerPrint computeMagnitude
INFO: FingerPrint: :56469.0:76823.0:143046.0:262841.0:617199.0:1149546.0:2367808.0:4664688.0:9292663.0:1.8690665E7 Result :3.7321748E7
Dec 3, 2014 6:34:12 PM FingerPrint scan
INFO: Processing chunk : 218103808
Dec 3, 2014 6:34:12 PM FingerPrint computeMagnitude
INFO: FingerPrint: :9730.0:99626.0:140487.0:295800.0:575858.0:1213564.0:2347576.0:4775832.0:9547107.0:1.9028257E7 Result :3.8033837E7
Dec 3, 2014 6:34:12 PM FingerPrint scan
INFO: Processing chunk : 234881024
Dec 3, 2014 6:34:12 PM FingerPrint computeMagnitude
INFO: FingerPrint: :52507.0:89990.0:90836.0:302852.0:568284.0:1045063.0:2194429.0:4355331.0:8718496.0:1.7494074E7 Result :3.4911862E7
Dec 3, 2014 6:34:12 PM FingerPrint scan
INFO: Processing chunk : 251658240
Dec 3, 2014 6:34:12 PM FingerPrint computeMagnitude
INFO: FingerPrint: :12642.0:40633.0:87126.0:317510.0:499808.0:989231.0:2062747.0:3969537.0:8059730.0:1.6177153E7 Result :3.2216117E7
Dec 3, 2014 6:34:12 PM FingerPrint scan
INFO: Processing chunk : 268435456
Dec 3, 2014 6:34:12 PM FingerPrint computeMagnitude
INFO: FingerPrint: :43218.0:68622.0:93774.0:240848.0:474823.0:929770.0:1997334.0:3816443.0:7750662.0:1.5537645E7 Result :3.0953139E7
Dec 3, 2014 6:34:12 PM FingerPrint scan
INFO: Processing chunk : 285212672
Dec 3, 2014 6:34:12 PM FingerPrint computeMagnitude
INFO: FingerPrint: :19652.0:57770.0:168745.0:141237.0:473545.0:775943.0:1624991.0:3369092.0:6654239.0:1.3305458E7 Result :2.6590672E7
Dec 3, 2014 6:34:12 PM FingerPrint scan
INFO: Processing chunk : 301989888
Dec 3, 2014 6:34:12 PM FingerPrint computeMagnitude
INFO: FingerPrint: :17116.0:19602.0:146021.0:200625.0:464044.0:874581.0:1584314.0:3371965.0:6621675.0:1.3178125E7 Result :2.6478068E7
Dec 3, 2014 6:34:12 PM FingerPrint scan
INFO: Processing chunk : 318767104
Dec 3, 2014 6:34:12 PM FingerPrint computeMagnitude
INFO: FingerPrint: :16562.0:55076.0:65479.0:268574.0:364038.0:744781.0:1472717.0:2917425.0:5972277.0:1.1903337E7 Result :2.3780266E7
Dec 3, 2014 6:34:12 PM FingerPrint scan
INFO: Processing chunk : 335544320
Dec 3, 2014 6:34:12 PM FingerPrint computeMagnitude
INFO: FingerPrint: :41247.0:77880.0:55244.0:182941.0:403492.0:644164.0:1572965.0:2907767.0:5868812.0:1.1922785E7 Result :2.3677297E7
Dec 3, 2014 6:34:12 PM FingerPrint scan
INFO: Processing chunk : 352321536
Dec 3, 2014 6:34:12 PM FingerPrint computeMagnitude
INFO: FingerPrint: :7833.0:23523.0:59171.0:137516.0:394662.0:642712.0:1193436.0:2461208.0:4881736.0:9856640.0 Result :1.9658437E7
Dec 3, 2014 6:34:12 PM FingerPrint scan
INFO: Processing chunk : 369098752
Dec 3, 2014 6:34:12 PM FingerPrint computeMagnitude
INFO: FingerPrint: :52097.0:34978.0:91786.0:177474.0:311921.0:745307.0:1457589.0:2948038.0:5816112.0:1.1681295E7 Result :2.3316597E7
Dec 3, 2014 6:34:12 PM FingerPrint scan
INFO: Processing chunk : 385875968
Dec 3, 2014 6:34:12 PM FingerPrint computeMagnitude
INFO: FingerPrint: :45312.0:41234.0:159942.0:238115.0:442602.0:984623.0:1777831.0:3820679.0:7541079.0:1.5005881E7 Result :3.0057298E7
Dec 3, 2014 6:34:12 PM FingerPrint scan
INFO: Processing chunk : 402653184
Dec 3, 2014 6:34:12 PM FingerPrint computeMagnitude
INFO: FingerPrint: :53759.0:72861.0:96660.0:198183.0:383704.0:848361.0:1705056.0:3312039.0:6777385.0:1.352114E7 Result :2.6969148E7
Dec 3, 2014 6:34:12 PM FingerPrint scan
INFO: Processing chunk : 419430400
Dec 3, 2014 6:34:12 PM FingerPrint computeMagnitude
INFO: FingerPrint: :20565.0:32112.0:39367.0:206033.0:373039.0:752219.0:1652746.0:3132351.0:6205144.0:1.2454016E7 Result :2.4867592E7
Dec 3, 2014 6:34:12 PM FingerPrint scan
INFO: Processing chunk : 436207616
Dec 3, 2014 6:34:12 PM FingerPrint computeMagnitude
INFO: FingerPrint: :21657.0:50445.0:68620.0:125615.0:422303.0:726364.0:1613679.0:3141219.0:6069696.0:1.2372357E7 Result :2.4611955E7
Dec 3, 2014 6:34:12 PM FingerPrint scan
INFO: Processing chunk : 452984832
Dec 3, 2014 6:34:12 PM FingerPrint computeMagnitude
INFO: FingerPrint: :19886.0:59178.0:103729.0:222976.0:366244.0:782177.0:1546188.0:3012113.0:6148803.0:1.2272744E7 Result :2.4534038E7
Dec 3, 2014 6:34:12 PM FingerPrint scan
INFO: Processing chunk : 469762048
Dec 3, 2014 6:34:12 PM FingerPrint computeMagnitude
INFO: FingerPrint: :30059.0:29214.0:126357.0:164767.0:393308.0:715703.0:1354822.0:2960739.0:5775947.0:1.1591138E7 Result :2.3142054E7
Dec 3, 2014 6:34:12 PM FingerPrint scan
INFO: Processing chunk : 486539264
Dec 3, 2014 6:34:12 PM FingerPrint computeMagnitude
INFO: FingerPrint: :6275.0:73036.0:137988.0:147335.0:451138.0:867218.0:1539743.0:3323684.0:6491861.0:1.2949027E7 Result :2.5987305E7
Dec 3, 2014 6:34:12 PM FingerPrint scan
INFO: Processing chunk : 503316480
Dec 3, 2014 6:34:12 PM FingerPrint computeMagnitude
INFO: FingerPrint: :28953.0:74359.0:113695.0:191162.0:510572.0:976611.0:1893894.0:3862392.0:7622732.0:1.5276269E7 Result :3.0550639E7
Dec 3, 2014 6:34:12 PM FingerPrint scan
INFO: Processing chunk : 520093696
Dec 3, 2014 6:34:12 PM FingerPrint computeMagnitude
INFO: FingerPrint: :18169.0:29356.0:96786.0:250091.0:462164.0:890757.0:1777072.0:3480817.0:6976358.0:1.403644E7 Result :2.801801E7
Dec 3, 2014 6:34:12 PM FingerPrint scan
INFO: Processing chunk : 536870912
Dec 3, 2014 6:34:12 PM FingerPrint computeMagnitude
INFO: FingerPrint: :19203.0:54406.0:99486.0:221200.0:415775.0:806951.0:1628839.0:3240391.0:6511789.0:1.2970904E7 Result :2.5968944E7
Dec 3, 2014 6:34:12 PM FingerPrint scan
INFO: Processing chunk : 553648128
Dec 3, 2014 6:34:12 PM FingerPrint computeMagnitude
INFO: FingerPrint: :10771.0:60774.0:61741.0:106067.0:393028.0:587674.0:1343514.0:2777520.0:5333067.0:1.0778252E7 Result :2.1452408E7
Dec 3, 2014 6:34:12 PM FingerPrint scan
INFO: Processing chunk : 570425344
Dec 3, 2014 6:34:12 PM FingerPrint computeMagnitude
INFO: FingerPrint: :13064.0:6386.0:77046.0:166445.0:283612.0:700598.0:1279220.0:2594989.0:5179586.0:1.0243249E7 Result :2.0544195E7
Dec 3, 2014 6:34:12 PM FingerPrint scan
INFO: Processing chunk : 587202560
Dec 3, 2014 6:34:12 PM FingerPrint computeMagnitude
INFO: FingerPrint: :10562.0:39925.0:92185.0:209651.0:388330.0:703805.0:1465331.0:2938227.0:5804461.0:1.1698786E7 Result :2.3351263E7
Dec 3, 2014 6:34:12 PM FingerPrint scan
INFO: Processing chunk : 603979776
Dec 3, 2014 6:34:12 PM FingerPrint computeMagnitude
INFO: FingerPrint: :26443.0:41239.0:129182.0:219500.0:431674.0:764745.0:1603418.0:3240561.0:6387289.0:1.2834507E7 Result :2.5678558E7
Dec 3, 2014 6:34:12 PM FingerPrint scan
INFO: Processing chunk : 620756992
Dec 3, 2014 6:34:12 PM FingerPrint computeMagnitude
INFO: FingerPrint: :40527.0:51823.0:95045.0:216421.0:417515.0:871238.0:1686605.0:3357224.0:6724363.0:1.3551506E7 Result :2.7012267E7
Dec 3, 2014 6:34:12 PM FingerPrint scan
INFO: Processing chunk : 637534208
Dec 3, 2014 6:34:12 PM FingerPrint computeMagnitude
INFO: FingerPrint: :9632.0:64968.0:103721.0:186581.0:323612.0:755365.0:1477360.0:2935371.0:5971941.0:1.1823773E7 Result :2.3652324E7
Dec 3, 2014 6:34:12 PM FingerPrint scan
INFO: Processing chunk : 654311424
Dec 3, 2014 6:34:12 PM FingerPrint computeMagnitude
INFO: FingerPrint: :26318.0:26138.0:79224.0:200944.0:384525.0:627312.0:1430216.0:2776032.0:5632733.0:1.1304982E7 Result :2.2488424E7
Dec 3, 2014 6:34:12 PM FingerPrint scan
INFO: Processing chunk : 671088640
Dec 3, 2014 6:34:12 PM FingerPrint computeMagnitude
INFO: FingerPrint: :38098.0:41084.0:64933.0:149879.0:323945.0:647189.0:1231741.0:2569052.0:5113412.0:1.0187621E7 Result :2.0366954E7
Dec 3, 2014 6:34:12 PM FingerPrint scan
INFO: Processing chunk : 687865856
Dec 3, 2014 6:34:12 PM FingerPrint computeMagnitude
INFO: FingerPrint: :19125.0:52743.0:105851.0:164851.0:295365.0:635040.0:1264475.0:2551236.0:5125834.0:1.0199899E7 Result :2.0414419E7
Dec 3, 2014 6:34:12 PM FingerPrint scan
INFO: Processing chunk : 704643072
Dec 3, 2014 6:34:12 PM FingerPrint computeMagnitude
INFO: FingerPrint: :36225.0:68733.0:97821.0:154412.0:379309.0:835950.0:1515769.0:3104847.0:6213539.0:1.2415914E7 Result :2.4822519E7
Dec 3, 2014 6:34:12 PM FingerPrint scan
INFO: Processing chunk : 721420288
Dec 3, 2014 6:34:12 PM FingerPrint computeMagnitude
INFO: FingerPrint: :48155.0:67175.0:81990.0:178604.0:511520.0:756773.0:1725428.0:3275041.0:6551366.0:1.3389847E7 Result :2.6585899E7
Dec 3, 2014 6:34:12 PM FingerPrint scan
INFO: Processing chunk : 738197504
Dec 3, 2014 6:34:12 PM FingerPrint computeMagnitude
INFO: FingerPrint: :14982.0:54155.0:102314.0:208918.0:371214.0:847132.0:1563308.0:3137642.0:6280490.0:1.2554547E7 Result :2.5134702E7
Dec 3, 2014 6:34:12 PM FingerPrint scan
INFO: Processing chunk : 754974720
Dec 3, 2014 6:34:12 PM FingerPrint computeMagnitude
INFO: FingerPrint: :43729.0:37731.0:84926.0:220846.0:387445.0:731125.0:1602030.0:3126609.0:6236182.0:1.2537566E7 Result :2.5008189E7
Dec 3, 2014 6:34:12 PM FingerPrint scan
INFO: Processing chunk : 771751936
Dec 3, 2014 6:34:12 PM FingerPrint computeMagnitude
INFO: FingerPrint: :18888.0:22177.0:94966.0:153227.0:404930.0:766736.0:1472511.0:3019258.0:5991105.0:1.20471E7 Result :2.3990898E7
Dec 3, 2014 6:34:12 PM FingerPrint scan
INFO: Processing chunk : 788529152
Dec 3, 2014 6:34:12 PM FingerPrint computeMagnitude
INFO: FingerPrint: :39459.0:41451.0:105597.0:230079.0:526118.0:995104.0:1828412.0:3783621.0:7620291.0:1.5026006E7 Result :3.0196138E7
Dec 3, 2014 6:34:12 PM FingerPrint scan
INFO: Processing chunk : 805306368
Dec 3, 2014 6:34:12 PM FingerPrint computeMagnitude
INFO: FingerPrint: :36140.0:78075.0:74264.0:244494.0:412506.0:908113.0:1769858.0:3562596.0:7187876.0:1.4208188E7 Result :2.848211E7
Dec 3, 2014 6:34:12 PM FingerPrint scan
INFO: Processing chunk : 822083584
Dec 3, 2014 6:34:12 PM FingerPrint computeMagnitude
INFO: FingerPrint: :47204.0:60948.0:73818.0:201510.0:421586.0:798766.0:1631217.0:3223353.0:6391388.0:1.2827093E7 Result :2.5676883E7
Dec 3, 2014 6:34:12 PM FingerPrint scan
INFO: Processing chunk : 838860800
Dec 3, 2014 6:34:12 PM FingerPrint computeMagnitude
INFO: FingerPrint: :38197.0:63967.0:47950.0:233428.0:432600.0:787105.0:1713175.0:3307463.0:6645140.0:1.3360522E7 Result :2.6629547E7
Dec 3, 2014 6:34:12 PM FingerPrint scan
INFO: Processing chunk : 855638016
Dec 3, 2014 6:34:12 PM FingerPrint computeMagnitude
INFO: FingerPrint: :39923.0:40537.0:98716.0:149659.0:397006.0:805518.0:1632338.0:3233150.0:6318835.0:1.2641194E7 Result :2.5356876E7
Dec 3, 2014 6:34:12 PM FingerPrint scan
INFO: Processing chunk : 872415232
Dec 3, 2014 6:34:12 PM FingerPrint computeMagnitude
INFO: FingerPrint: :37834.0:38520.0:86597.0:201563.0:396306.0:752774.0:1617102.0:3207551.0:6282895.0:1.2637439E7 Result :2.5258581E7
Dec 3, 2014 6:34:12 PM FingerPrint scan
INFO: Processing chunk : 889192448
Dec 3, 2014 6:34:12 PM FingerPrint computeMagnitude
INFO: FingerPrint: :46581.0:27389.0:70227.0:162707.0:353361.0:718692.0:1295894.0:2792371.0:5544063.0:1.1005245E7 Result :2.201653E7
Dec 3, 2014 6:34:12 PM FingerPrint scan
INFO: Processing chunk : 905969664
Dec 3, 2014 6:34:12 PM FingerPrint computeMagnitude
INFO: FingerPrint: :25877.0:46676.0:57796.0:189685.0:352293.0:665941.0:1406624.0:2731149.0:5511708.0:1.1011385E7 Result :2.1999134E7
Dec 3, 2014 6:34:12 PM FingerPrint scan
INFO: Processing chunk : 922746880
Dec 3, 2014 6:34:12 PM FingerPrint computeMagnitude
INFO: FingerPrint: :20821.0:39160.0:58673.0:181848.0:252865.0:695023.0:1202765.0:2549182.0:5143381.0:9984492.0 Result :2.012821E7
Dec 3, 2014 6:34:12 PM FingerPrint scan
INFO: Processing chunk : 939524096
Dec 3, 2014 6:34:12 PM FingerPrint computeMagnitude
INFO: FingerPrint: :6574.0:62026.0:57985.0:180774.0:319280.0:665605.0:1403575.0:2714450.0:5387649.0:1.082557E7 Result :2.1623488E7
Dec 3, 2014 6:34:12 PM FingerPrint scan
INFO: Processing chunk : 956301312
Dec 3, 2014 6:34:12 PM FingerPrint computeMagnitude
INFO: FingerPrint: :29732.0:35600.0:69707.0:166165.0:301872.0:661022.0:1249233.0:2548051.0:5086166.0:1.0135278E7 Result :2.0282826E7
Dec 3, 2014 6:34:12 PM FingerPrint scan
INFO: Processing chunk : 973078528
Dec 3, 2014 6:34:12 PM FingerPrint computeMagnitude
INFO: FingerPrint: :28568.0:53656.0:79148.0:175471.0:344037.0:583324.0:1326871.0:2556668.0:5174565.0:1.0491908E7 Result :2.0814216E7
Dec 3, 2014 6:34:12 PM FingerPrint scan
INFO: Processing chunk : 989855744
Dec 3, 2014 6:34:12 PM FingerPrint computeMagnitude
INFO: FingerPrint: :13254.0:42287.0:46431.0:112793.0:215628.0:582386.0:1006977.0:2173832.0:4313394.0:8348040.0 Result :1.6855022E7
Dec 3, 2014 6:34:12 PM FingerPrint scan
INFO: Processing chunk : 1006632960
Dec 3, 2014 6:34:13 PM FingerPrint computeMagnitude
INFO: FingerPrint: :40480.0:75683.0:105551.0:229319.0:432258.0:804152.0:1731891.0:3466483.0:6847764.0:1.3802969E7 Result :2.753655E7
Dec 3, 2014 6:34:13 PM FingerPrint scan
INFO: Processing chunk : 1023410176
Dec 3, 2014 6:34:13 PM FingerPrint computeMagnitude
INFO: FingerPrint: :8841.0:67367.0:63848.0:212665.0:440757.0:921858.0:1857346.0:3641629.0:7274684.0:1.4413101E7 Result :2.8902096E7
Dec 3, 2014 6:34:13 PM FingerPrint scan
INFO: Processing chunk : 1040187392
Dec 3, 2014 6:34:13 PM FingerPrint computeMagnitude
INFO: FingerPrint: :40263.0:80116.0:86325.0:183884.0:469533.0:795919.0:1690322.0:3430143.0:6740200.0:1.3541534E7 Result :2.7058239E7
Dec 3, 2014 6:34:13 PM FingerPrint scan
INFO: Processing chunk : 1056964608
Dec 3, 2014 6:34:13 PM FingerPrint computeMagnitude
INFO: FingerPrint: :16850.0:73123.0:90150.0:207138.0:407515.0:906112.0:1795317.0:3529537.0:7101180.0:1.409881E7 Result :2.8225732E7
Dec 3, 2014 6:34:13 PM FingerPrint scan
INFO: Processing chunk : 1073741824
Dec 3, 2014 6:34:13 PM FingerPrint computeMagnitude
INFO: FingerPrint: :44733.0:46578.0:101741.0:194060.0:453136.0:938400.0:1804036.0:3574168.0:7203372.0:1.4375547E7 Result :2.8735771E7
Dec 3, 2014 6:34:13 PM FingerPrint scan
INFO: Processing chunk : 1090519040
Dec 3, 2014 6:34:13 PM FingerPrint computeMagnitude
INFO: FingerPrint: :29757.0:57485.0:118472.0:257306.0:407917.0:860939.0:1705652.0:3464925.0:6936604.0:1.3808194E7 Result :2.7647251E7
Dec 3, 2014 6:34:13 PM FingerPrint scan
INFO: Processing chunk : 1107296256
Dec 3, 2014 6:34:13 PM FingerPrint computeMagnitude
INFO: FingerPrint: :24259.0:45133.0:92739.0:200485.0:362066.0:751467.0:1392848.0:2910392.0:5810621.0:1.1506382E7 Result :2.3096392E7
Dec 3, 2014 6:34:13 PM FingerPrint scan
INFO: Processing chunk : 1124073472
Dec 3, 2014 6:34:13 PM FingerPrint computeMagnitude
INFO: FingerPrint: :20047.0:67037.0:66082.0:208356.0:260501.0:564039.0:1293534.0:2440527.0:4996159.0:1.0059607E7 Result :1.9975889E7
Dec 3, 2014 6:34:13 PM FingerPrint scan
INFO: Processing chunk : 1140850688
Dec 3, 2014 6:34:13 PM FingerPrint computeMagnitude
INFO: FingerPrint: :29132.0:36260.0:104686.0:145790.0:331495.0:671513.0:1268918.0:2703858.0:5388918.0:1.0569224E7 Result :2.1249794E7
Dec 3, 2014 6:34:13 PM FingerPrint scan
INFO: Processing chunk : 1157627904
Dec 3, 2014 6:34:13 PM FingerPrint computeMagnitude
INFO: FingerPrint: :24462.0:42176.0:68624.0:183411.0:335615.0:660156.0:1436649.0:2824621.0:5579025.0:1.1164492E7 Result :2.2319231E7
Dec 3, 2014 6:34:13 PM FingerPrint scan
INFO: Processing chunk : 1174405120
Dec 3, 2014 6:34:13 PM FingerPrint computeMagnitude
INFO: FingerPrint: :12000.0:42315.0:105328.0:196983.0:412821.0:633747.0:1393079.0:2804490.0:5636386.0:1.134098E7 Result :2.2578129E7
Dec 3, 2014 6:34:13 PM FingerPrint scan
INFO: Processing chunk : 1191182336
Dec 3, 2014 6:34:13 PM FingerPrint computeMagnitude
INFO: FingerPrint: :23512.0:49650.0:110027.0:182423.0:373344.0:779611.0:1565825.0:3101300.0:6249374.0:1.2500545E7 Result :2.4935611E7
Dec 3, 2014 6:34:13 PM FingerPrint scan
INFO: Processing chunk : 1207959552
Dec 3, 2014 6:34:13 PM FingerPrint computeMagnitude
INFO: FingerPrint: :16305.0:66438.0:98894.0:207912.0:412782.0:784956.0:1644881.0:3243455.0:6431286.0:1.3011576E7 Result :2.5918485E7
Dec 3, 2014 6:34:13 PM FingerPrint scan
INFO: Processing chunk : 1224736768
Dec 3, 2014 6:34:13 PM FingerPrint computeMagnitude
INFO: FingerPrint: :38569.0:24596.0:94797.0:191727.0:387538.0:723405.0:1459695.0:2964910.0:5894341.0:1.1761607E7 Result :2.3541185E7
Dec 3, 2014 6:34:13 PM FingerPrint scan
INFO: Processing chunk : 1241513984
Dec 3, 2014 6:34:13 PM FingerPrint computeMagnitude
INFO: FingerPrint: :9992.0:38150.0:71762.0:143650.0:240718.0:530518.0:1052212.0:2146239.0:4267041.0:8445142.0 Result :1.6945424E7
Dec 3, 2014 6:34:13 PM FingerPrint scan
INFO: Processing chunk : 1258291200
Dec 3, 2014 6:34:13 PM FingerPrint computeMagnitude
INFO: FingerPrint: :31216.0:72248.0:78731.0:242214.0:324732.0:813257.0:1575218.0:3165057.0:6444540.0:1.2711259E7 Result :2.5458472E7
Dec 3, 2014 6:34:13 PM FingerPrint scan
INFO: Processing chunk : 1275068416
Dec 3, 2014 6:34:13 PM FingerPrint computeMagnitude
INFO: FingerPrint: :35032.0:36960.0:85929.0:205265.0:369310.0:747561.0:1461777.0:2967296.0:6057222.0:1.1931386E7 Result :2.3897738E7
Dec 3, 2014 6:34:13 PM FingerPrint scan
INFO: Processing chunk : 1291845632
Dec 3, 2014 6:34:13 PM FingerPrint computeMagnitude
INFO: FingerPrint: :28457.0:36855.0:83397.0:192498.0:301228.0:637003.0:1222108.0:2438489.0:5054199.0:9985071.0 Result :1.9979305E7
Dec 3, 2014 6:34:13 PM FingerPrint scan
INFO: Processing chunk : 1308622848
Dec 3, 2014 6:34:13 PM FingerPrint computeMagnitude
INFO: FingerPrint: :56546.0:45122.0:151407.0:205998.0:473012.0:748443.0:1767016.0:3462145.0:6931240.0:1.413082E7 Result :2.7971749E7
Dec 3, 2014 6:34:13 PM FingerPrint scan
INFO: Processing chunk : 1325400064
Dec 3, 2014 6:34:13 PM FingerPrint computeMagnitude
INFO: FingerPrint: :23768.0:71607.0:141620.0:217298.0:473408.0:1065049.0:2150892.0:4299597.0:8458310.0:1.6679606E7 Result :3.3581155E7
Dec 3, 2014 6:34:13 PM FingerPrint scan
INFO: Processing chunk : 1342177280
Dec 3, 2014 6:34:13 PM FingerPrint computeMagnitude
INFO: FingerPrint: :49952.0:35206.0:124933.0:237429.0:505622.0:1029113.0:2016230.0:4100842.0:8073945.0:1.6104314E7 Result :3.2277586E7
Dec 3, 2014 6:34:13 PM FingerPrint scan
INFO: Processing chunk : 1358954496
Dec 3, 2014 6:34:13 PM FingerPrint computeMagnitude
INFO: FingerPrint: :26247.0:33037.0:107704.0:127098.0:353150.0:705190.0:1419280.0:2780846.0:5461154.0:1.0969524E7 Result :2.198323E7
Dec 3, 2014 6:34:13 PM FingerPrint scan
INFO: Processing chunk : 1375731712
Dec 3, 2014 6:34:13 PM FingerPrint computeMagnitude
INFO: FingerPrint: :16555.0:63393.0:127098.0:190308.0:473008.0:936407.0:1927995.0:3758438.0:7539808.0:1.5063677E7 Result :3.0096687E7
Dec 3, 2014 6:34:13 PM FingerPrint scan
INFO: Processing chunk : 1392508928
Dec 3, 2014 6:34:13 PM FingerPrint computeMagnitude
INFO: FingerPrint: :19039.0:65046.0:97125.0:223323.0:411419.0:864241.0:1677922.0:3394224.0:6750894.0:1.3479626E7 Result :2.6982859E7
Dec 3, 2014 6:34:13 PM FingerPrint scan
INFO: Processing chunk : 1409286144
Dec 3, 2014 6:34:13 PM FingerPrint computeMagnitude
INFO: FingerPrint: :26613.0:31499.0:88934.0:229323.0:499792.0:768879.0:1724325.0:3454709.0:6800295.0:1.3785946E7 Result :2.7410315E7
Dec 3, 2014 6:34:13 PM FingerPrint scan
INFO: Processing chunk : 1426063360
Dec 3, 2014 6:34:13 PM FingerPrint computeMagnitude
INFO: FingerPrint: :14546.0:22897.0:106803.0:203683.0:438903.0:762256.0:1714899.0:3457304.0:6761957.0:1.3568836E7 Result :2.7052084E7
Dec 3, 2014 6:34:13 PM FingerPrint scan
INFO: Processing chunk : 1442840576
Dec 3, 2014 6:34:13 PM FingerPrint computeMagnitude
INFO: FingerPrint: :31734.0:58847.0:62810.0:199625.0:481638.0:790465.0:1627277.0:3298273.0:6496897.0:1.3088681E7 Result :2.6136247E7
Dec 3, 2014 6:34:13 PM FingerPrint scan
INFO: Processing chunk : 1459617792
Dec 3, 2014 6:34:13 PM FingerPrint computeMagnitude
INFO: FingerPrint: :25035.0:42362.0:75719.0:192078.0:424089.0:703476.0:1451848.0:2967040.0:5910431.0:1.1819815E7 Result :2.3611893E7
Dec 3, 2014 6:34:13 PM FingerPrint scan
INFO: Processing chunk : 1476395008
Dec 3, 2014 6:34:13 PM FingerPrint computeMagnitude
INFO: FingerPrint: :19541.0:71068.0:59508.0:154928.0:252067.0:614380.0:1117436.0:2326233.0:4669411.0:9183071.0 Result :1.8467643E7
Dec 3, 2014 6:34:13 PM FingerPrint scan
INFO: Processing chunk : 1493172224
Dec 3, 2014 6:34:13 PM FingerPrint computeMagnitude
INFO: FingerPrint: :21568.0:38711.0:81128.0:140808.0:253693.0:441099.0:1005923.0:1973802.0:4061989.0:8071439.0 Result :1.609016E7
Dec 3, 2014 6:34:13 PM FingerPrint scan
INFO: Processing chunk : 1509949440
Dec 3, 2014 6:34:13 PM FingerPrint computeMagnitude
INFO: FingerPrint: :8357.0:15886.0:23929.0:92574.0:204365.0:344805.0:732145.0:1523681.0:2922957.0:5859615.0 Result :1.1728314E7
Dec 3, 2014 6:34:13 PM FingerPrint scan
INFO: Processing chunk : 1526726656
Dec 3, 2014 6:34:13 PM FingerPrint computeMagnitude
INFO: FingerPrint: :36711.0:58662.0:71932.0:200506.0:385803.0:728418.0:1428042.0:2984121.0:5916687.0:1.1899807E7 Result :2.3710689E7
Dec 3, 2014 6:34:13 PM FingerPrint scan
INFO: Processing chunk : 1543503872
Dec 3, 2014 6:34:13 PM FingerPrint computeMagnitude
INFO: FingerPrint: :20696.0:59708.0:120953.0:207089.0:380855.0:729827.0:1624444.0:3154316.0:6261892.0:1.2684397E7 Result :2.5244177E7
Dec 3, 2014 6:34:13 PM FingerPrint scan
INFO: Processing chunk : 1560281088
Dec 3, 2014 6:34:13 PM FingerPrint computeMagnitude
INFO: FingerPrint: :33484.0:51543.0:91188.0:167202.0:406175.0:778192.0:1548696.0:3013532.0:6157633.0:1.2303725E7 Result :2.455137E7
Dec 3, 2014 6:34:13 PM FingerPrint scan
INFO: Processing chunk : 1577058304
Dec 3, 2014 6:34:13 PM FingerPrint computeMagnitude
INFO: FingerPrint: :13904.0:67842.0:117372.0:170887.0:420373.0:908736.0:1685566.0:3464101.0:6879357.0:1.3707083E7 Result :2.7435221E7
Dec 3, 2014 6:34:13 PM FingerPrint scan
INFO: Processing chunk : 1593835520
Dec 3, 2014 6:34:13 PM FingerPrint computeMagnitude
INFO: FingerPrint: :14890.0:51432.0:104078.0:170785.0:342556.0:660376.0:1466349.0:2908707.0:5684368.0:1.1408825E7 Result :2.2812366E7
Dec 3, 2014 6:34:13 PM FingerPrint scan
INFO: Processing chunk : 1610612736
Dec 3, 2014 6:34:13 PM FingerPrint computeMagnitude
INFO: FingerPrint: :33081.0:46583.0:69182.0:208858.0:364618.0:765742.0:1524505.0:2959187.0:5995864.0:1.1978977E7 Result :2.3946597E7
Dec 3, 2014 6:34:13 PM FingerPrint scan
INFO: Processing chunk : 1627389952
Dec 3, 2014 6:34:13 PM FingerPrint computeMagnitude
INFO: FingerPrint: :9881.0:27578.0:70730.0:104619.0:227659.0:450682.0:885746.0:1776063.0:3539583.0:7121262.0 Result :1.4213803E7
Dec 3, 2014 6:34:13 PM FingerPrint scan
INFO: Processing chunk : 1644167168
Dec 3, 2014 6:34:13 PM FingerPrint computeMagnitude
INFO: FingerPrint: :9272.0:19182.0:26162.0:48459.0:96969.0:168873.0:387954.0:764184.0:1514727.0:3066670.0 Result :6102452.0
Dec 3, 2014 6:34:13 PM FingerPrint scan
INFO: Processing chunk : 1660944384
Dec 3, 2014 6:34:13 PM FingerPrint computeMagnitude
INFO: FingerPrint: :2892.0:6525.0:17123.0:33894.0:55810.0:148480.0:260257.0:541598.0:1079871.0:2119332.0 Result :4265782.0
Dec 3, 2014 6:34:13 PM FingerPrint scan
INFO: Processing chunk : 1677721600
Dec 3, 2014 6:34:13 PM FingerPrint computeMagnitude
INFO: FingerPrint: :41591.0:39001.0:95922.0:171753.0:395598.0:644992.0:1389019.0:2767310.0:5464284.0:1.1070679E7 Result :2.2080149E7
Dec 3, 2014 6:34:13 PM FingerPrint scan
INFO: Processing chunk : 1694498816
Dec 3, 2014 6:34:13 PM FingerPrint computeMagnitude
INFO: FingerPrint: :7799.0:64884.0:100965.0:221287.0:472734.0:813109.0:1620363.0:3350949.0:6701825.0:1.3353293E7 Result :2.6707208E7
Dec 3, 2014 6:34:13 PM FingerPrint scan
INFO: Processing chunk : 1711276032
Dec 3, 2014 6:34:13 PM FingerPrint computeMagnitude
INFO: FingerPrint: :12679.0:20296.0:47875.0:52479.0:182818.0:282538.0:528325.0:1153563.0:2266564.0:4567878.0 Result :9115015.0
Dec 3, 2014 6:34:13 PM FingerPrint scan
INFO: Processing chunk : 1728053248
Dec 3, 2014 6:34:13 PM FingerPrint computeMagnitude
INFO: FingerPrint: :17166.0:20635.0:45081.0:85876.0:192634.0:435925.0:854826.0:1656388.0:3346664.0:6655354.0 Result :1.3310549E7
Dec 3, 2014 6:34:13 PM FingerPrint scan
INFO: Processing chunk : 1744830464
Dec 3, 2014 6:34:13 PM FingerPrint computeMagnitude
INFO: FingerPrint: :52253.0:32543.0:66711.0:130945.0:364751.0:832023.0:1531098.0:3115270.0:6133149.0:1.2062127E7 Result :2.432087E7
Dec 3, 2014 6:34:13 PM FingerPrint scan
INFO: Processing chunk : 1761607680
Dec 3, 2014 6:34:13 PM FingerPrint computeMagnitude
INFO: FingerPrint: :26291.0:70519.0:105011.0:198488.0:320604.0:798160.0:1511332.0:3092713.0:6172634.0:1.2210753E7 Result :2.4506505E7
Dec 3, 2014 6:34:13 PM FingerPrint scan
INFO: Processing chunk : 1778384896
Dec 3, 2014 6:34:13 PM FingerPrint computeMagnitude
INFO: FingerPrint: :24822.0:56555.0:42461.0:219408.0:417793.0:611658.0:1443454.0:2810481.0:5630302.0:1.149224E7 Result :2.2749174E7
Dec 3, 2014 6:34:13 PM AudioFileComparator fingerPrint
INFO: Trying to get fingerprint for file : /course/cs5500f14/Assignments/A5/z08.wav
Dec 3, 2014 6:34:13 PM FingerPrint scan
INFO: Processing chunk : 0
Dec 3, 2014 6:34:13 PM FingerPrint computeMagnitude
INFO: FingerPrint: :16615.0:32532.0:63035.0:148755.0:269657.0:505193.0:985396.0:1933114.0:3954745.0:7907978.0 Result :1.581702E7
Dec 3, 2014 6:34:13 PM FingerPrint scan
INFO: Processing chunk : 16777216
Dec 3, 2014 6:34:13 PM FingerPrint computeMagnitude
INFO: FingerPrint: :9572.0:56330.0:40959.0:116917.0:199628.0:445900.0:957725.0:1865872.0:3720911.0:7367055.0 Result :1.4780869E7
Dec 3, 2014 6:34:13 PM FingerPrint scan
INFO: Processing chunk : 33554432
Dec 3, 2014 6:34:13 PM FingerPrint computeMagnitude
INFO: FingerPrint: :15345.0:27057.0:34617.0:125883.0:217800.0:392316.0:1025470.0:1842079.0:3681928.0:7485646.0 Result :1.4848141E7
Dec 3, 2014 6:34:13 PM FingerPrint scan
INFO: Processing chunk : 50331648
Dec 3, 2014 6:34:13 PM FingerPrint computeMagnitude
INFO: FingerPrint: :10997.0:18487.0:90053.0:110635.0:281012.0:507304.0:916059.0:1954552.0:3871564.0:7769475.0 Result :1.5530138E7
Dec 3, 2014 6:34:13 PM FingerPrint scan
INFO: Processing chunk : 67108864
Dec 3, 2014 6:34:13 PM FingerPrint computeMagnitude
INFO: FingerPrint: :17988.0:43826.0:37819.0:126996.0:232381.0:451722.0:1004699.0:1894659.0:3794471.0:7598056.0 Result :1.5202617E7
Dec 3, 2014 6:34:13 PM FingerPrint scan
INFO: Processing chunk : 83886080
Dec 3, 2014 6:34:13 PM FingerPrint computeMagnitude
INFO: FingerPrint: :22016.0:31785.0:46957.0:105155.0:241251.0:469378.0:948533.0:1922715.0:3812660.0:7614790.0 Result :1.521524E7
Dec 3, 2014 6:34:13 PM FingerPrint scan
INFO: Processing chunk : 100663296
Dec 3, 2014 6:34:13 PM FingerPrint computeMagnitude
INFO: FingerPrint: :22519.0:48301.0:69483.0:83440.0:230872.0:426692.0:814557.0:1771387.0:3434272.0:6940275.0 Result :1.3841798E7
Dec 3, 2014 6:34:13 PM FingerPrint scan
INFO: Processing chunk : 117440512
Dec 3, 2014 6:34:13 PM FingerPrint computeMagnitude
INFO: FingerPrint: :6182.0:37224.0:71218.0:87221.0:248012.0:418620.0:859337.0:1733515.0:3495494.0:6966666.0 Result :1.3923489E7
Dec 3, 2014 6:34:13 PM FingerPrint scan
INFO: Processing chunk : 134217728
Dec 3, 2014 6:34:13 PM FingerPrint computeMagnitude
INFO: FingerPrint: :6947.0:23282.0:41284.0:132397.0:223307.0:386689.0:902805.0:1697811.0:3408553.0:6860722.0 Result :1.3683797E7
Dec 3, 2014 6:34:13 PM FingerPrint scan
INFO: Processing chunk : 150994944
Dec 3, 2014 6:34:13 PM FingerPrint computeMagnitude
INFO: FingerPrint: :8348.0:35623.0:33844.0:94502.0:187961.0:476454.0:881612.0:1739659.0:3490199.0:6980139.0 Result :1.3928341E7
Dec 3, 2014 6:34:13 PM FingerPrint scan
INFO: Processing chunk : 167772160
Dec 3, 2014 6:34:13 PM FingerPrint computeMagnitude
INFO: FingerPrint: :6596.0:40366.0:49309.0:128326.0:210486.0:491844.0:1001522.0:1995013.0:4000764.0:7882115.0 Result :1.5806341E7
Dec 3, 2014 6:34:13 PM FingerPrint scan
INFO: Processing chunk : 184549376
Dec 3, 2014 6:34:13 PM FingerPrint computeMagnitude
INFO: FingerPrint: :6489.0:59041.0:89343.0:301520.0:566568.0:1053090.0:2069072.0:4193071.0:8366127.0:1.673896E7 Result :3.3443281E7
Dec 3, 2014 6:34:13 PM FingerPrint scan
INFO: Processing chunk : 201326592
Dec 3, 2014 6:34:13 PM FingerPrint computeMagnitude
INFO: FingerPrint: :56469.0:76823.0:143046.0:262841.0:617199.0:1149546.0:2367808.0:4664688.0:9292663.0:1.8690665E7 Result :3.7321748E7
Dec 3, 2014 6:34:13 PM FingerPrint scan
INFO: Processing chunk : 218103808
Dec 3, 2014 6:34:13 PM FingerPrint computeMagnitude
INFO: FingerPrint: :9730.0:99626.0:140487.0:295800.0:575858.0:1213564.0:2347576.0:4775832.0:9547107.0:1.9028257E7 Result :3.8033837E7
Dec 3, 2014 6:34:13 PM FingerPrint scan
INFO: Processing chunk : 234881024
Dec 3, 2014 6:34:13 PM FingerPrint computeMagnitude
INFO: FingerPrint: :52507.0:89990.0:90836.0:302852.0:568284.0:1045063.0:2194429.0:4355331.0:8718496.0:1.7494074E7 Result :3.4911862E7
Dec 3, 2014 6:34:13 PM FingerPrint scan
INFO: Processing chunk : 251658240
Dec 3, 2014 6:34:13 PM FingerPrint computeMagnitude
INFO: FingerPrint: :12642.0:40633.0:87126.0:317510.0:499808.0:989231.0:2062747.0:3969537.0:8059730.0:1.6177153E7 Result :3.2216117E7
Dec 3, 2014 6:34:13 PM FingerPrint scan
INFO: Processing chunk : 268435456
Dec 3, 2014 6:34:13 PM FingerPrint computeMagnitude
INFO: FingerPrint: :43218.0:68622.0:93774.0:240848.0:474823.0:929770.0:1997334.0:3816443.0:7750662.0:1.5537645E7 Result :3.0953139E7
Dec 3, 2014 6:34:13 PM FingerPrint scan
INFO: Processing chunk : 285212672
Dec 3, 2014 6:34:13 PM FingerPrint computeMagnitude
INFO: FingerPrint: :19652.0:57770.0:168745.0:141237.0:473545.0:775943.0:1624991.0:3369092.0:6654239.0:1.3305458E7 Result :2.6590672E7
Dec 3, 2014 6:34:13 PM FingerPrint scan
INFO: Processing chunk : 301989888
Dec 3, 2014 6:34:13 PM FingerPrint computeMagnitude
INFO: FingerPrint: :17116.0:19602.0:146021.0:200625.0:464044.0:874581.0:1584314.0:3371965.0:6621675.0:1.3178125E7 Result :2.6478068E7
Dec 3, 2014 6:34:13 PM FingerPrint scan
INFO: Processing chunk : 318767104
Dec 3, 2014 6:34:13 PM FingerPrint computeMagnitude
INFO: FingerPrint: :16562.0:55076.0:65479.0:268574.0:364038.0:744781.0:1472717.0:2917425.0:5972277.0:1.1903337E7 Result :2.3780266E7
Dec 3, 2014 6:34:13 PM FingerPrint scan
INFO: Processing chunk : 335544320
Dec 3, 2014 6:34:13 PM FingerPrint computeMagnitude
INFO: FingerPrint: :41247.0:77880.0:55244.0:182941.0:403492.0:644164.0:1572965.0:2907767.0:5868812.0:1.1922785E7 Result :2.3677297E7
Dec 3, 2014 6:34:13 PM FingerPrint scan
INFO: Processing chunk : 352321536
Dec 3, 2014 6:34:13 PM FingerPrint computeMagnitude
INFO: FingerPrint: :7833.0:23523.0:59171.0:137516.0:394662.0:642712.0:1193436.0:2461208.0:4881736.0:9856640.0 Result :1.9658437E7
Dec 3, 2014 6:34:13 PM FingerPrint scan
INFO: Processing chunk : 369098752
Dec 3, 2014 6:34:13 PM FingerPrint computeMagnitude
INFO: FingerPrint: :52097.0:34978.0:91786.0:177474.0:311921.0:745307.0:1457589.0:2948038.0:5816112.0:1.1681295E7 Result :2.3316597E7
Dec 3, 2014 6:34:13 PM FingerPrint scan
INFO: Processing chunk : 385875968
Dec 3, 2014 6:34:13 PM FingerPrint computeMagnitude
INFO: FingerPrint: :45312.0:41234.0:159942.0:238115.0:442602.0:984623.0:1777831.0:3820679.0:7541079.0:1.5005881E7 Result :3.0057298E7
Dec 3, 2014 6:34:13 PM FingerPrint scan
INFO: Processing chunk : 402653184
Dec 3, 2014 6:34:13 PM FingerPrint computeMagnitude
INFO: FingerPrint: :53759.0:72861.0:96660.0:198183.0:383704.0:848361.0:1705056.0:3312039.0:6777385.0:1.352114E7 Result :2.6969148E7
Dec 3, 2014 6:34:13 PM FingerPrint scan
INFO: Processing chunk : 419430400
Dec 3, 2014 6:34:13 PM FingerPrint computeMagnitude
INFO: FingerPrint: :20565.0:32112.0:39367.0:206033.0:373039.0:752219.0:1652746.0:3132351.0:6205144.0:1.2454016E7 Result :2.4867592E7
Dec 3, 2014 6:34:13 PM FingerPrint scan
INFO: Processing chunk : 436207616
Dec 3, 2014 6:34:13 PM FingerPrint computeMagnitude
INFO: FingerPrint: :21657.0:50445.0:68620.0:125615.0:422303.0:726364.0:1613679.0:3141219.0:6069696.0:1.2372357E7 Result :2.4611955E7
Dec 3, 2014 6:34:13 PM FingerPrint scan
INFO: Processing chunk : 452984832
Dec 3, 2014 6:34:13 PM FingerPrint computeMagnitude
INFO: FingerPrint: :19886.0:59178.0:103729.0:222976.0:366244.0:782177.0:1546188.0:3012113.0:6148803.0:1.2272744E7 Result :2.4534038E7
Dec 3, 2014 6:34:13 PM FingerPrint scan
INFO: Processing chunk : 469762048
Dec 3, 2014 6:34:13 PM FingerPrint computeMagnitude
INFO: FingerPrint: :30059.0:29214.0:126357.0:164767.0:393308.0:715703.0:1354822.0:2960739.0:5775947.0:1.1591138E7 Result :2.3142054E7
Dec 3, 2014 6:34:13 PM FingerPrint scan
INFO: Processing chunk : 486539264
Dec 3, 2014 6:34:13 PM FingerPrint computeMagnitude
INFO: FingerPrint: :6275.0:73036.0:137988.0:147335.0:451138.0:867218.0:1539743.0:3323684.0:6491861.0:1.2949027E7 Result :2.5987305E7
Dec 3, 2014 6:34:13 PM FingerPrint scan
INFO: Processing chunk : 503316480
Dec 3, 2014 6:34:13 PM FingerPrint computeMagnitude
INFO: FingerPrint: :28953.0:74359.0:113695.0:191162.0:510572.0:976611.0:1893894.0:3862392.0:7622732.0:1.5276269E7 Result :3.0550639E7
Dec 3, 2014 6:34:13 PM FingerPrint scan
INFO: Processing chunk : 520093696
Dec 3, 2014 6:34:13 PM FingerPrint computeMagnitude
INFO: FingerPrint: :18169.0:29356.0:96786.0:250091.0:462164.0:890757.0:1777072.0:3480817.0:6976358.0:1.403644E7 Result :2.801801E7
Dec 3, 2014 6:34:13 PM FingerPrint scan
INFO: Processing chunk : 536870912
Dec 3, 2014 6:34:13 PM FingerPrint computeMagnitude
INFO: FingerPrint: :19203.0:54406.0:99486.0:221200.0:415775.0:806951.0:1628839.0:3240391.0:6511789.0:1.2970904E7 Result :2.5968944E7
Dec 3, 2014 6:34:13 PM FingerPrint scan
INFO: Processing chunk : 553648128
Dec 3, 2014 6:34:13 PM FingerPrint computeMagnitude
INFO: FingerPrint: :10771.0:60774.0:61741.0:106067.0:393028.0:587674.0:1343514.0:2777520.0:5333067.0:1.0778252E7 Result :2.1452408E7
Dec 3, 2014 6:34:13 PM FingerPrint scan
INFO: Processing chunk : 570425344
Dec 3, 2014 6:34:13 PM FingerPrint computeMagnitude
INFO: FingerPrint: :13064.0:6386.0:77046.0:166445.0:283612.0:700598.0:1279220.0:2594989.0:5179586.0:1.0243249E7 Result :2.0544195E7
Dec 3, 2014 6:34:13 PM FingerPrint scan
INFO: Processing chunk : 587202560
Dec 3, 2014 6:34:13 PM FingerPrint computeMagnitude
INFO: FingerPrint: :10562.0:39925.0:92185.0:209651.0:388330.0:703805.0:1465331.0:2938227.0:5804461.0:1.1698786E7 Result :2.3351263E7
Dec 3, 2014 6:34:13 PM FingerPrint scan
INFO: Processing chunk : 603979776
Dec 3, 2014 6:34:13 PM FingerPrint computeMagnitude
INFO: FingerPrint: :26443.0:41239.0:129182.0:219500.0:431674.0:764745.0:1603418.0:3240561.0:6387289.0:1.2834507E7 Result :2.5678558E7
Dec 3, 2014 6:34:13 PM FingerPrint scan
INFO: Processing chunk : 620756992
Dec 3, 2014 6:34:13 PM FingerPrint computeMagnitude
INFO: FingerPrint: :40527.0:51823.0:95045.0:216421.0:417515.0:871238.0:1686605.0:3357224.0:6724363.0:1.3551506E7 Result :2.7012267E7
Dec 3, 2014 6:34:13 PM FingerPrint scan
INFO: Processing chunk : 637534208
Dec 3, 2014 6:34:13 PM FingerPrint computeMagnitude
INFO: FingerPrint: :9632.0:64968.0:103721.0:186581.0:323612.0:755365.0:1477360.0:2935371.0:5971941.0:1.1823773E7 Result :2.3652324E7
Dec 3, 2014 6:34:13 PM FingerPrint scan
INFO: Processing chunk : 654311424
Dec 3, 2014 6:34:13 PM FingerPrint computeMagnitude
INFO: FingerPrint: :26318.0:26138.0:79224.0:200944.0:384525.0:627312.0:1430216.0:2776032.0:5632733.0:1.1304982E7 Result :2.2488424E7
Dec 3, 2014 6:34:13 PM FingerPrint scan
INFO: Processing chunk : 671088640
Dec 3, 2014 6:34:14 PM FingerPrint computeMagnitude
INFO: FingerPrint: :38098.0:41084.0:64933.0:149879.0:323945.0:647189.0:1231741.0:2569052.0:5113412.0:1.0187621E7 Result :2.0366954E7
Dec 3, 2014 6:34:14 PM FingerPrint scan
INFO: Processing chunk : 687865856
Dec 3, 2014 6:34:14 PM FingerPrint computeMagnitude
INFO: FingerPrint: :19125.0:52743.0:105851.0:164851.0:295365.0:635040.0:1264475.0:2551236.0:5125834.0:1.0199899E7 Result :2.0414419E7
Dec 3, 2014 6:34:14 PM FingerPrint scan
INFO: Processing chunk : 704643072
Dec 3, 2014 6:34:14 PM FingerPrint computeMagnitude
INFO: FingerPrint: :36225.0:68733.0:97821.0:154412.0:379309.0:835950.0:1515769.0:3104847.0:6213539.0:1.2415914E7 Result :2.4822519E7
Dec 3, 2014 6:34:14 PM FingerPrint scan
INFO: Processing chunk : 721420288
Dec 3, 2014 6:34:14 PM FingerPrint computeMagnitude
INFO: FingerPrint: :48155.0:67175.0:81990.0:178604.0:511520.0:756773.0:1725428.0:3275041.0:6551366.0:1.3389847E7 Result :2.6585899E7
Dec 3, 2014 6:34:14 PM FingerPrint scan
INFO: Processing chunk : 738197504
Dec 3, 2014 6:34:14 PM FingerPrint computeMagnitude
INFO: FingerPrint: :14982.0:54155.0:102314.0:208918.0:371214.0:847132.0:1563308.0:3137642.0:6280490.0:1.2554547E7 Result :2.5134702E7
Dec 3, 2014 6:34:14 PM FingerPrint scan
INFO: Processing chunk : 754974720
Dec 3, 2014 6:34:14 PM FingerPrint computeMagnitude
INFO: FingerPrint: :43729.0:37731.0:84926.0:220846.0:387445.0:731125.0:1602030.0:3126609.0:6236182.0:1.2537566E7 Result :2.5008189E7
Dec 3, 2014 6:34:14 PM FingerPrint scan
INFO: Processing chunk : 771751936
Dec 3, 2014 6:34:14 PM FingerPrint computeMagnitude
INFO: FingerPrint: :18888.0:22177.0:94966.0:153227.0:404930.0:766736.0:1472511.0:3019258.0:5991105.0:1.20471E7 Result :2.3990898E7
Dec 3, 2014 6:34:14 PM FingerPrint scan
INFO: Processing chunk : 788529152
Dec 3, 2014 6:34:14 PM FingerPrint computeMagnitude
INFO: FingerPrint: :39459.0:41451.0:105597.0:230079.0:526118.0:995104.0:1828412.0:3783621.0:7620291.0:1.5026006E7 Result :3.0196138E7
Dec 3, 2014 6:34:14 PM FingerPrint scan
INFO: Processing chunk : 805306368
Dec 3, 2014 6:34:14 PM FingerPrint computeMagnitude
INFO: FingerPrint: :36140.0:78075.0:74264.0:244494.0:412506.0:908113.0:1769858.0:3562596.0:7187876.0:1.4208188E7 Result :2.848211E7
Dec 3, 2014 6:34:14 PM FingerPrint scan
INFO: Processing chunk : 822083584
Dec 3, 2014 6:34:14 PM FingerPrint computeMagnitude
INFO: FingerPrint: :47204.0:60948.0:73818.0:201510.0:421586.0:798766.0:1631217.0:3223353.0:6391388.0:1.2827093E7 Result :2.5676883E7
Dec 3, 2014 6:34:14 PM FingerPrint scan
INFO: Processing chunk : 838860800
Dec 3, 2014 6:34:14 PM FingerPrint computeMagnitude
INFO: FingerPrint: :38197.0:63967.0:47950.0:233428.0:432600.0:787105.0:1713175.0:3307463.0:6645140.0:1.3360522E7 Result :2.6629547E7
Dec 3, 2014 6:34:14 PM FingerPrint scan
INFO: Processing chunk : 855638016
Dec 3, 2014 6:34:14 PM FingerPrint computeMagnitude
INFO: FingerPrint: :39923.0:40537.0:98716.0:149659.0:397006.0:805518.0:1632338.0:3233150.0:6318835.0:1.2641194E7 Result :2.5356876E7
Dec 3, 2014 6:34:14 PM FingerPrint scan
INFO: Processing chunk : 872415232
Dec 3, 2014 6:34:14 PM FingerPrint computeMagnitude
INFO: FingerPrint: :37834.0:38520.0:86597.0:201563.0:396306.0:752774.0:1617102.0:3207551.0:6282895.0:1.2637439E7 Result :2.5258581E7
Dec 3, 2014 6:34:14 PM FingerPrint scan
INFO: Processing chunk : 889192448
Dec 3, 2014 6:34:14 PM FingerPrint computeMagnitude
INFO: FingerPrint: :46581.0:27389.0:70227.0:162707.0:353361.0:718692.0:1295894.0:2792371.0:5544063.0:1.1005245E7 Result :2.201653E7
Dec 3, 2014 6:34:14 PM FingerPrint scan
INFO: Processing chunk : 905969664
Dec 3, 2014 6:34:14 PM FingerPrint computeMagnitude
INFO: FingerPrint: :25877.0:46676.0:57796.0:189685.0:352293.0:665941.0:1406624.0:2731149.0:5511708.0:1.1011385E7 Result :2.1999134E7
Dec 3, 2014 6:34:14 PM FingerPrint scan
INFO: Processing chunk : 922746880
Dec 3, 2014 6:34:14 PM FingerPrint computeMagnitude
INFO: FingerPrint: :20821.0:39160.0:58673.0:181848.0:252865.0:695023.0:1202765.0:2549182.0:5143381.0:9984492.0 Result :2.012821E7
Dec 3, 2014 6:34:14 PM FingerPrint scan
INFO: Processing chunk : 939524096
Dec 3, 2014 6:34:14 PM FingerPrint computeMagnitude
INFO: FingerPrint: :6574.0:62026.0:57985.0:180774.0:319280.0:665605.0:1403575.0:2714450.0:5387649.0:1.082557E7 Result :2.1623488E7
Dec 3, 2014 6:34:14 PM FingerPrint scan
INFO: Processing chunk : 956301312
Dec 3, 2014 6:34:14 PM FingerPrint computeMagnitude
INFO: FingerPrint: :29732.0:35600.0:69707.0:166165.0:301872.0:661022.0:1249233.0:2548051.0:5086166.0:1.0135278E7 Result :2.0282826E7
Dec 3, 2014 6:34:14 PM FingerPrint scan
INFO: Processing chunk : 973078528
Dec 3, 2014 6:34:14 PM FingerPrint computeMagnitude
INFO: FingerPrint: :28568.0:53656.0:79148.0:175471.0:344037.0:583324.0:1326871.0:2556668.0:5174565.0:1.0491908E7 Result :2.0814216E7
Dec 3, 2014 6:34:14 PM FingerPrint scan
INFO: Processing chunk : 989855744
Dec 3, 2014 6:34:14 PM FingerPrint computeMagnitude
INFO: FingerPrint: :13254.0:42287.0:46431.0:112793.0:215628.0:582386.0:1006977.0:2173832.0:4313394.0:8348040.0 Result :1.6855022E7
Dec 3, 2014 6:34:14 PM FingerPrint scan
INFO: Processing chunk : 1006632960
Dec 3, 2014 6:34:14 PM FingerPrint computeMagnitude
INFO: FingerPrint: :40480.0:75683.0:105551.0:229319.0:432258.0:804152.0:1731891.0:3466483.0:6847764.0:1.3802969E7 Result :2.753655E7
Dec 3, 2014 6:34:14 PM FingerPrint scan
INFO: Processing chunk : 1023410176
Dec 3, 2014 6:34:14 PM FingerPrint computeMagnitude
INFO: FingerPrint: :8841.0:67367.0:63848.0:212665.0:440757.0:921858.0:1857346.0:3641629.0:7274684.0:1.4413101E7 Result :2.8902096E7
Dec 3, 2014 6:34:14 PM FingerPrint scan
INFO: Processing chunk : 1040187392
Dec 3, 2014 6:34:14 PM FingerPrint computeMagnitude
INFO: FingerPrint: :40263.0:80116.0:86325.0:183884.0:469533.0:795919.0:1690322.0:3430143.0:6740200.0:1.3541534E7 Result :2.7058239E7
Dec 3, 2014 6:34:14 PM FingerPrint scan
INFO: Processing chunk : 1056964608
Dec 3, 2014 6:34:14 PM FingerPrint computeMagnitude
INFO: FingerPrint: :16850.0:73123.0:90150.0:207138.0:407515.0:906112.0:1795317.0:3529537.0:7101180.0:1.409881E7 Result :2.8225732E7
Dec 3, 2014 6:34:14 PM FingerPrint scan
INFO: Processing chunk : 1073741824
Dec 3, 2014 6:34:14 PM FingerPrint computeMagnitude
INFO: FingerPrint: :44733.0:46578.0:101741.0:194060.0:453136.0:938400.0:1804036.0:3574168.0:7203372.0:1.4375547E7 Result :2.8735771E7
Dec 3, 2014 6:34:14 PM FingerPrint scan
INFO: Processing chunk : 1090519040
Dec 3, 2014 6:34:14 PM FingerPrint computeMagnitude
INFO: FingerPrint: :29757.0:57485.0:118472.0:257306.0:407917.0:860939.0:1705652.0:3464925.0:6936604.0:1.3808194E7 Result :2.7647251E7
Dec 3, 2014 6:34:14 PM FingerPrint scan
INFO: Processing chunk : 1107296256
Dec 3, 2014 6:34:14 PM FingerPrint computeMagnitude
INFO: FingerPrint: :24259.0:45133.0:92739.0:200485.0:362066.0:751467.0:1392848.0:2910392.0:5810621.0:1.1506382E7 Result :2.3096392E7
Dec 3, 2014 6:34:14 PM FingerPrint scan
INFO: Processing chunk : 1124073472
Dec 3, 2014 6:34:14 PM FingerPrint computeMagnitude
INFO: FingerPrint: :20047.0:67037.0:66082.0:208356.0:260501.0:564039.0:1293534.0:2440527.0:4996159.0:1.0059607E7 Result :1.9975889E7
Dec 3, 2014 6:34:14 PM FingerPrint scan
INFO: Processing chunk : 1140850688
Dec 3, 2014 6:34:14 PM FingerPrint computeMagnitude
INFO: FingerPrint: :29132.0:36260.0:104686.0:145790.0:331495.0:671513.0:1268918.0:2703858.0:5388918.0:1.0569224E7 Result :2.1249794E7
Dec 3, 2014 6:34:14 PM FingerPrint scan
INFO: Processing chunk : 1157627904
Dec 3, 2014 6:34:14 PM FingerPrint computeMagnitude
INFO: FingerPrint: :24462.0:42176.0:68624.0:183411.0:335615.0:660156.0:1436649.0:2824621.0:5579025.0:1.1164492E7 Result :2.2319231E7
Dec 3, 2014 6:34:14 PM FingerPrint scan
INFO: Processing chunk : 1174405120
Dec 3, 2014 6:34:14 PM FingerPrint computeMagnitude
INFO: FingerPrint: :12000.0:42315.0:105328.0:196983.0:412821.0:633747.0:1393079.0:2804490.0:5636386.0:1.134098E7 Result :2.2578129E7
Dec 3, 2014 6:34:14 PM FingerPrint scan
INFO: Processing chunk : 1191182336
Dec 3, 2014 6:34:14 PM FingerPrint computeMagnitude
INFO: FingerPrint: :23512.0:49650.0:110027.0:182423.0:373344.0:779611.0:1565825.0:3101300.0:6249374.0:1.2500545E7 Result :2.4935611E7
Dec 3, 2014 6:34:14 PM FingerPrint scan
INFO: Processing chunk : 1207959552
Dec 3, 2014 6:34:14 PM FingerPrint computeMagnitude
INFO: FingerPrint: :16305.0:66438.0:98894.0:207912.0:412782.0:784956.0:1644881.0:3243455.0:6431286.0:1.3011576E7 Result :2.5918485E7
Dec 3, 2014 6:34:14 PM FingerPrint scan
INFO: Processing chunk : 1224736768
Dec 3, 2014 6:34:14 PM FingerPrint computeMagnitude
INFO: FingerPrint: :38569.0:24596.0:94797.0:191727.0:387538.0:723405.0:1459695.0:2964910.0:5894341.0:1.1761607E7 Result :2.3541185E7
Dec 3, 2014 6:34:14 PM FingerPrint scan
INFO: Processing chunk : 1241513984
Dec 3, 2014 6:34:14 PM FingerPrint computeMagnitude
INFO: FingerPrint: :9992.0:38150.0:71762.0:143650.0:240718.0:530518.0:1052212.0:2146239.0:4267041.0:8445142.0 Result :1.6945424E7
Dec 3, 2014 6:34:14 PM FingerPrint scan
INFO: Processing chunk : 1258291200
Dec 3, 2014 6:34:14 PM FingerPrint computeMagnitude
INFO: FingerPrint: :31216.0:72248.0:78731.0:242214.0:324732.0:813257.0:1575218.0:3165057.0:6444540.0:1.2711259E7 Result :2.5458472E7
Dec 3, 2014 6:34:14 PM FingerPrint scan
INFO: Processing chunk : 1275068416
Dec 3, 2014 6:34:14 PM FingerPrint computeMagnitude
INFO: FingerPrint: :35032.0:36960.0:85929.0:205265.0:369310.0:747561.0:1461777.0:2967296.0:6057222.0:1.1931386E7 Result :2.3897738E7
Dec 3, 2014 6:34:14 PM FingerPrint scan
INFO: Processing chunk : 1291845632
Dec 3, 2014 6:34:14 PM FingerPrint computeMagnitude
INFO: FingerPrint: :28457.0:36855.0:83397.0:192498.0:301228.0:637003.0:1222108.0:2438489.0:5054199.0:9985071.0 Result :1.9979305E7
Dec 3, 2014 6:34:14 PM FingerPrint scan
INFO: Processing chunk : 1308622848
Dec 3, 2014 6:34:14 PM FingerPrint computeMagnitude
INFO: FingerPrint: :56546.0:45122.0:151407.0:205998.0:473012.0:748443.0:1767016.0:3462145.0:6931240.0:1.413082E7 Result :2.7971749E7
Dec 3, 2014 6:34:14 PM FingerPrint scan
INFO: Processing chunk : 1325400064
Dec 3, 2014 6:34:14 PM FingerPrint computeMagnitude
INFO: FingerPrint: :23768.0:71607.0:141620.0:217298.0:473408.0:1065049.0:2150892.0:4299597.0:8458310.0:1.6679606E7 Result :3.3581155E7
Dec 3, 2014 6:34:14 PM FingerPrint scan
INFO: Processing chunk : 1342177280
Dec 3, 2014 6:34:14 PM FingerPrint computeMagnitude
INFO: FingerPrint: :49952.0:35206.0:124933.0:237429.0:505622.0:1029113.0:2016230.0:4100842.0:8073945.0:1.6104314E7 Result :3.2277586E7
Dec 3, 2014 6:34:14 PM FingerPrint scan
INFO: Processing chunk : 1358954496
Dec 3, 2014 6:34:14 PM FingerPrint computeMagnitude
INFO: FingerPrint: :26247.0:33037.0:107704.0:127098.0:353150.0:705190.0:1419280.0:2780846.0:5461154.0:1.0969524E7 Result :2.198323E7
Dec 3, 2014 6:34:14 PM FingerPrint scan
INFO: Processing chunk : 1375731712
Dec 3, 2014 6:34:14 PM FingerPrint computeMagnitude
INFO: FingerPrint: :16555.0:63393.0:127098.0:190308.0:473008.0:936407.0:1927995.0:3758438.0:7539808.0:1.5063677E7 Result :3.0096687E7
Dec 3, 2014 6:34:14 PM FingerPrint scan
INFO: Processing chunk : 1392508928
Dec 3, 2014 6:34:14 PM FingerPrint computeMagnitude
INFO: FingerPrint: :19039.0:65046.0:97125.0:223323.0:411419.0:864241.0:1677922.0:3394224.0:6750894.0:1.3479626E7 Result :2.6982859E7
Dec 3, 2014 6:34:14 PM FingerPrint scan
INFO: Processing chunk : 1409286144
Dec 3, 2014 6:34:14 PM FingerPrint computeMagnitude
INFO: FingerPrint: :26613.0:31499.0:88934.0:229323.0:499792.0:768879.0:1724325.0:3454709.0:6800295.0:1.3785946E7 Result :2.7410315E7
Dec 3, 2014 6:34:14 PM FingerPrint scan
INFO: Processing chunk : 1426063360
Dec 3, 2014 6:34:14 PM FingerPrint computeMagnitude
INFO: FingerPrint: :14546.0:22897.0:106803.0:203683.0:438903.0:762256.0:1714899.0:3457304.0:6761957.0:1.3568836E7 Result :2.7052084E7
Dec 3, 2014 6:34:14 PM FingerPrint scan
INFO: Processing chunk : 1442840576
Dec 3, 2014 6:34:14 PM FingerPrint computeMagnitude
INFO: FingerPrint: :31734.0:58847.0:62810.0:199625.0:481638.0:790465.0:1627277.0:3298273.0:6496897.0:1.3088681E7 Result :2.6136247E7
Dec 3, 2014 6:34:14 PM FingerPrint scan
INFO: Processing chunk : 1459617792
Dec 3, 2014 6:34:14 PM FingerPrint computeMagnitude
INFO: FingerPrint: :25035.0:42362.0:75719.0:192078.0:424089.0:703476.0:1451848.0:2967040.0:5910431.0:1.1819815E7 Result :2.3611893E7
Dec 3, 2014 6:34:14 PM FingerPrint scan
INFO: Processing chunk : 1476395008
Dec 3, 2014 6:34:14 PM FingerPrint computeMagnitude
INFO: FingerPrint: :19541.0:71068.0:59508.0:154928.0:252067.0:614380.0:1117436.0:2326233.0:4669411.0:9183071.0 Result :1.8467643E7
Dec 3, 2014 6:34:14 PM FingerPrint scan
INFO: Processing chunk : 1493172224
Dec 3, 2014 6:34:14 PM FingerPrint computeMagnitude
INFO: FingerPrint: :21568.0:38711.0:81128.0:140808.0:253693.0:441099.0:1005923.0:1973802.0:4061989.0:8071439.0 Result :1.609016E7
Dec 3, 2014 6:34:14 PM FingerPrint scan
INFO: Processing chunk : 1509949440
Dec 3, 2014 6:34:14 PM FingerPrint computeMagnitude
INFO: FingerPrint: :8357.0:15886.0:23929.0:92574.0:204365.0:344805.0:732145.0:1523681.0:2922957.0:5859615.0 Result :1.1728314E7
Dec 3, 2014 6:34:14 PM FingerPrint scan
INFO: Processing chunk : 1526726656
Dec 3, 2014 6:34:14 PM FingerPrint computeMagnitude
INFO: FingerPrint: :36711.0:58662.0:71932.0:200506.0:385803.0:728418.0:1428042.0:2984121.0:5916687.0:1.1899807E7 Result :2.3710689E7
Dec 3, 2014 6:34:14 PM FingerPrint scan
INFO: Processing chunk : 1543503872
Dec 3, 2014 6:34:14 PM FingerPrint computeMagnitude
INFO: FingerPrint: :20696.0:59708.0:120953.0:207089.0:380855.0:729827.0:1624444.0:3154316.0:6261892.0:1.2684397E7 Result :2.5244177E7
Dec 3, 2014 6:34:14 PM FingerPrint scan
INFO: Processing chunk : 1560281088
Dec 3, 2014 6:34:14 PM FingerPrint computeMagnitude
INFO: FingerPrint: :33484.0:51543.0:91188.0:167202.0:406175.0:778192.0:1548696.0:3013532.0:6157633.0:1.2303725E7 Result :2.455137E7
Dec 3, 2014 6:34:14 PM FingerPrint scan
INFO: Processing chunk : 1577058304
Dec 3, 2014 6:34:14 PM FingerPrint computeMagnitude
INFO: FingerPrint: :13904.0:67842.0:117372.0:170887.0:420373.0:908736.0:1685566.0:3464101.0:6879357.0:1.3707083E7 Result :2.7435221E7
Dec 3, 2014 6:34:14 PM FingerPrint scan
INFO: Processing chunk : 1593835520
Dec 3, 2014 6:34:14 PM FingerPrint computeMagnitude
INFO: FingerPrint: :14890.0:51432.0:104078.0:170785.0:342556.0:660376.0:1466349.0:2908707.0:5684368.0:1.1408825E7 Result :2.2812366E7
Dec 3, 2014 6:34:14 PM FingerPrint scan
INFO: Processing chunk : 1610612736
Dec 3, 2014 6:34:14 PM FingerPrint computeMagnitude
INFO: FingerPrint: :33081.0:46583.0:69182.0:208858.0:364618.0:765742.0:1524505.0:2959187.0:5995864.0:1.1978977E7 Result :2.3946597E7
Dec 3, 2014 6:34:14 PM FingerPrint scan
INFO: Processing chunk : 1627389952
Dec 3, 2014 6:34:14 PM FingerPrint computeMagnitude
INFO: FingerPrint: :9881.0:27578.0:70730.0:104619.0:227659.0:450682.0:885746.0:1776063.0:3539583.0:7121262.0 Result :1.4213803E7
Dec 3, 2014 6:34:14 PM FingerPrint scan
INFO: Processing chunk : 1644167168
Dec 3, 2014 6:34:14 PM FingerPrint computeMagnitude
INFO: FingerPrint: :9272.0:19182.0:26162.0:48459.0:96969.0:168873.0:387954.0:764184.0:1514727.0:3066670.0 Result :6102452.0
Dec 3, 2014 6:34:14 PM FingerPrint scan
INFO: Processing chunk : 1660944384
Dec 3, 2014 6:34:14 PM FingerPrint computeMagnitude
INFO: FingerPrint: :2892.0:6525.0:17123.0:33894.0:55810.0:148480.0:260257.0:541598.0:1079871.0:2119332.0 Result :4265782.0
Dec 3, 2014 6:34:14 PM FingerPrint scan
INFO: Processing chunk : 1677721600
Dec 3, 2014 6:34:14 PM FingerPrint computeMagnitude
INFO: FingerPrint: :41591.0:39001.0:95922.0:171753.0:395598.0:644992.0:1389019.0:2767310.0:5464284.0:1.1070679E7 Result :2.2080149E7
Dec 3, 2014 6:34:14 PM FingerPrint scan
INFO: Processing chunk : 1694498816
Dec 3, 2014 6:34:14 PM FingerPrint computeMagnitude
INFO: FingerPrint: :7799.0:64884.0:100965.0:221287.0:472734.0:813109.0:1620363.0:3350949.0:6701825.0:1.3353293E7 Result :2.6707208E7
Dec 3, 2014 6:34:14 PM FingerPrint scan
INFO: Processing chunk : 1711276032
Dec 3, 2014 6:34:14 PM FingerPrint computeMagnitude
INFO: FingerPrint: :12679.0:20296.0:47875.0:52479.0:182818.0:282538.0:528325.0:1153563.0:2266564.0:4567878.0 Result :9115015.0
Dec 3, 2014 6:34:14 PM FingerPrint scan
INFO: Processing chunk : 1728053248
Dec 3, 2014 6:34:14 PM FingerPrint computeMagnitude
INFO: FingerPrint: :17166.0:20635.0:45081.0:85876.0:192634.0:435925.0:854826.0:1656388.0:3346664.0:6655354.0 Result :1.3310549E7
Dec 3, 2014 6:34:14 PM FingerPrint scan
INFO: Processing chunk : 1744830464
Dec 3, 2014 6:34:14 PM FingerPrint computeMagnitude
INFO: FingerPrint: :52253.0:32543.0:66711.0:130945.0:364751.0:832023.0:1531098.0:3115270.0:6133149.0:1.2062127E7 Result :2.432087E7
Dec 3, 2014 6:34:14 PM FingerPrint scan
INFO: Processing chunk : 1761607680
Dec 3, 2014 6:34:14 PM FingerPrint computeMagnitude
INFO: FingerPrint: :26291.0:70519.0:105011.0:198488.0:320604.0:798160.0:1511332.0:3092713.0:6172634.0:1.2210753E7 Result :2.4506505E7
Dec 3, 2014 6:34:14 PM FingerPrint scan
INFO: Processing chunk : 1778384896
Dec 3, 2014 6:34:14 PM FingerPrint computeMagnitude
INFO: FingerPrint: :24822.0:56555.0:42461.0:219408.0:417793.0:611658.0:1443454.0:2810481.0:5630302.0:1.149224E7 Result :2.2749174E7
