Dec 3, 2014 6:45:12 PM AudioFileComparator fingerPrint
INFO: Trying to get fingerprint for file : /course/cs5500f14/Assignments/A5/bad0616.wav
Dec 3, 2014 6:45:12 PM FingerPrint scan
INFO: Processing chunk : 0
Dec 3, 2014 6:45:12 PM FingerPrint computeMagnitude
INFO: FingerPrint: :22358.0:33841.0:41977.0:153622.0:281247.0:506200.0:1038603.0:2054370.0:4180107.0:8396924.0 Result :1.6709249E7
Dec 3, 2014 6:45:12 PM FingerPrint scan
INFO: Processing chunk : 16777216
Dec 3, 2014 6:45:12 PM FingerPrint computeMagnitude
INFO: FingerPrint: :23457.0:34993.0:58944.0:136878.0:273787.0:485848.0:1012249.0:2044647.0:4034419.0:8143683.0 Result :1.6248905E7
Dec 3, 2014 6:45:12 PM FingerPrint scan
INFO: Processing chunk : 33554432
Dec 3, 2014 6:45:12 PM FingerPrint computeMagnitude
INFO: FingerPrint: :33800.0:55991.0:32709.0:133290.0:250777.0:452205.0:1207476.0:2271953.0:4273944.0:8839281.0 Result :1.7551426E7
Dec 3, 2014 6:45:12 PM FingerPrint scan
INFO: Processing chunk : 50331648
Dec 3, 2014 6:45:12 PM FingerPrint computeMagnitude
INFO: FingerPrint: :12754.0:31160.0:126636.0:200561.0:458304.0:832089.0:1592825.0:3372499.0:6518284.0:1.3036462E7 Result :2.6181574E7
Dec 3, 2014 6:45:12 PM FingerPrint scan
INFO: Processing chunk : 67108864
Dec 3, 2014 6:45:12 PM FingerPrint computeMagnitude
INFO: FingerPrint: :37830.0:34141.0:42499.0:189304.0:408549.0:761167.0:1494025.0:2936479.0:5996613.0:1.1916348E7 Result :2.3816955E7
Dec 3, 2014 6:45:12 PM FingerPrint scan
INFO: Processing chunk : 83886080
Dec 3, 2014 6:45:12 PM FingerPrint computeMagnitude
INFO: FingerPrint: :28656.0:64863.0:114656.0:237478.0:434965.0:901761.0:1766536.0:3589562.0:7190156.0:1.4326748E7 Result :2.8655381E7
Dec 3, 2014 6:45:12 PM FingerPrint scan
INFO: Processing chunk : 100663296
Dec 3, 2014 6:45:12 PM FingerPrint computeMagnitude
INFO: FingerPrint: :27741.0:56376.0:106155.0:237199.0:459200.0:866696.0:1779185.0:3605913.0:7117876.0:1.4345787E7 Result :2.8602128E7
Dec 3, 2014 6:45:12 PM FingerPrint scan
INFO: Processing chunk : 117440512
Dec 3, 2014 6:45:12 PM FingerPrint computeMagnitude
INFO: FingerPrint: :11785.0:13234.0:39338.0:88021.0:155556.0:259272.0:615003.0:1250316.0:2349832.0:4924897.0 Result :9707254.0
Dec 3, 2014 6:45:12 PM FingerPrint scan
INFO: Processing chunk : 134217728
Dec 3, 2014 6:45:12 PM FingerPrint computeMagnitude
INFO: FingerPrint: :12360.0:48485.0:62179.0:115058.0:242927.0:506417.0:1099150.0:2028816.0:4108315.0:8306367.0 Result :1.6530074E7
Dec 3, 2014 6:45:12 PM FingerPrint scan
INFO: Processing chunk : 150994944
Dec 3, 2014 6:45:12 PM FingerPrint computeMagnitude
INFO: FingerPrint: :26907.0:24846.0:61589.0:131394.0:216980.0:487546.0:990036.0:1925837.0:3895339.0:7816936.0 Result :1.557741E7
Dec 3, 2014 6:45:12 PM FingerPrint scan
INFO: Processing chunk : 167772160
Dec 3, 2014 6:45:12 PM FingerPrint computeMagnitude
INFO: FingerPrint: :22131.0:19682.0:56425.0:144703.0:245819.0:473749.0:1000241.0:1973760.0:4038628.0:8144084.0 Result :1.6119222E7
Dec 3, 2014 6:45:12 PM FingerPrint scan
INFO: Processing chunk : 184549376
Dec 3, 2014 6:45:12 PM FingerPrint computeMagnitude
INFO: FingerPrint: :20294.0:20159.0:26841.0:119360.0:231690.0:407649.0:946415.0:1808518.0:3800232.0:7742490.0 Result :1.5123648E7
Dec 3, 2014 6:45:12 PM FingerPrint scan
INFO: Processing chunk : 201326592
Dec 3, 2014 6:45:12 PM FingerPrint computeMagnitude
INFO: FingerPrint: :22080.0:59296.0:33399.0:104253.0:243342.0:544866.0:1070838.0:2071352.0:4104380.0:8312281.0 Result :1.6566087E7
Dec 3, 2014 6:45:12 PM FingerPrint scan
INFO: Processing chunk : 218103808
Dec 3, 2014 6:45:12 PM FingerPrint computeMagnitude
INFO: FingerPrint: :835.0:1814.0:3349.0:7090.0:15985.0:32932.0:69892.0:122037.0:267789.0:517354.0 Result :1039077.0
Dec 3, 2014 6:45:12 PM FingerPrint scan
INFO: Processing chunk : 234881024
Dec 3, 2014 6:45:12 PM FingerPrint computeMagnitude
INFO: FingerPrint: :47450.0:39569.0:69028.0:139849.0:292641.0:538231.0:1195804.0:2369920.0:4703630.0:9509728.0 Result :1.890585E7
Dec 3, 2014 6:45:12 PM FingerPrint scan
INFO: Processing chunk : 251658240
Dec 3, 2014 6:45:12 PM FingerPrint computeMagnitude
INFO: FingerPrint: :16261.0:30026.0:103132.0:196587.0:395990.0:822811.0:1540736.0:3151034.0:6271065.0:1.2395619E7 Result :2.4923261E7
Dec 3, 2014 6:45:12 PM FingerPrint scan
INFO: Processing chunk : 268435456
Dec 3, 2014 6:45:12 PM FingerPrint computeMagnitude
INFO: FingerPrint: :15233.0:24563.0:93080.0:136542.0:255282.0:501779.0:1011391.0:2183842.0:4111580.0:8268456.0 Result :1.6601748E7
Dec 3, 2014 6:45:12 PM FingerPrint scan
INFO: Processing chunk : 285212672
Dec 3, 2014 6:45:12 PM FingerPrint computeMagnitude
INFO: FingerPrint: :7462.0:26564.0:27725.0:84487.0:123602.0:314031.0:613120.0:1466684.0:2649722.0:5338758.0 Result :1.0652155E7
Dec 3, 2014 6:45:12 PM FingerPrint scan
INFO: Processing chunk : 301989888
Dec 3, 2014 6:45:12 PM FingerPrint computeMagnitude
INFO: FingerPrint: :12884.0:40487.0:63403.0:132441.0:274047.0:601675.0:1092014.0:2232353.0:4421159.0:8893119.0 Result :1.7763582E7
Dec 3, 2014 6:45:12 PM FingerPrint scan
INFO: Processing chunk : 318767104
Dec 3, 2014 6:45:12 PM FingerPrint computeMagnitude
INFO: FingerPrint: :23811.0:27892.0:66554.0:166690.0:271022.0:550341.0:1137297.0:2214099.0:4450906.0:8931669.0 Result :1.7840281E7
Dec 3, 2014 6:45:12 PM FingerPrint scan
INFO: Processing chunk : 335544320
Dec 3, 2014 6:45:12 PM FingerPrint computeMagnitude
INFO: FingerPrint: :1889.0:28951.0:33490.0:99781.0:260013.0:503020.0:948614.0:1963495.0:3802062.0:7583912.0 Result :1.5225227E7
Dec 3, 2014 6:45:12 PM FingerPrint scan
INFO: Processing chunk : 352321536
Dec 3, 2014 6:45:13 PM FingerPrint computeMagnitude
INFO: FingerPrint: :12758.0:32915.0:83131.0:165797.0:384563.0:657748.0:1360757.0:2715054.0:5360344.0:1.0818875E7 Result :2.1591942E7
Dec 3, 2014 6:45:13 PM FingerPrint scan
INFO: Processing chunk : 369098752
Dec 3, 2014 6:45:13 PM FingerPrint computeMagnitude
INFO: FingerPrint: :16191.0:43328.0:54923.0:132970.0:261654.0:513356.0:971840.0:2013893.0:4018713.0:7976058.0 Result :1.6002926E7
Dec 3, 2014 6:45:13 PM FingerPrint scan
INFO: Processing chunk : 385875968
Dec 3, 2014 6:45:13 PM FingerPrint computeMagnitude
INFO: FingerPrint: :1584.0:1503.0:8119.0:10639.0:23414.0:49091.0:89086.0:183188.0:369508.0:729308.0 Result :1465440.0
Dec 3, 2014 6:45:13 PM FingerPrint scan
INFO: Processing chunk : 402653184
Dec 3, 2014 6:45:13 PM FingerPrint computeMagnitude
INFO: FingerPrint: :10030.0:23395.0:46806.0:81470.0:202259.0:378905.0:766034.0:1635403.0:3166859.0:6291557.0 Result :1.2602718E7
Dec 3, 2014 6:45:13 PM FingerPrint scan
INFO: Processing chunk : 419430400
Dec 3, 2014 6:45:13 PM FingerPrint computeMagnitude
INFO: FingerPrint: :8887.0:43467.0:78471.0:183745.0:336574.0:707006.0:1295501.0:2704370.0:5353879.0:1.0564488E7 Result :2.1276388E7
Dec 3, 2014 6:45:13 PM FingerPrint scan
INFO: Processing chunk : 436207616
Dec 3, 2014 6:45:13 PM FingerPrint computeMagnitude
INFO: FingerPrint: :17895.0:55359.0:62464.0:133430.0:315256.0:609032.0:1242970.0:2423853.0:4799813.0:9699905.0 Result :1.9359977E7
Dec 3, 2014 6:45:13 PM FingerPrint scan
INFO: Processing chunk : 452984832
Dec 3, 2014 6:45:13 PM FingerPrint computeMagnitude
INFO: FingerPrint: :24759.0:32751.0:95704.0:166982.0:355507.0:685901.0:1392134.0:2711830.0:5492650.0:1.1067322E7 Result :2.202554E7
Dec 3, 2014 6:45:13 PM FingerPrint scan
INFO: Processing chunk : 469762048
Dec 3, 2014 6:45:13 PM FingerPrint computeMagnitude
INFO: FingerPrint: :48600.0:78369.0:84791.0:180491.0:402490.0:832813.0:1590929.0:3310487.0:6545736.0:1.3078337E7 Result :2.6153043E7
Dec 3, 2014 6:45:13 PM FingerPrint scan
INFO: Processing chunk : 486539264
Dec 3, 2014 6:45:13 PM FingerPrint computeMagnitude
INFO: FingerPrint: :13519.0:32371.0:55735.0:114517.0:327649.0:617746.0:1252581.0:2445087.0:4711904.0:9519998.0 Result :1.9091107E7
Dec 3, 2014 6:45:13 PM FingerPrint scan
INFO: Processing chunk : 503316480
Dec 3, 2014 6:45:13 PM FingerPrint computeMagnitude
INFO: FingerPrint: :9169.0:36073.0:56199.0:108788.0:312074.0:470800.0:984587.0:1998444.0:3872136.0:7908207.0 Result :1.5756477E7
Dec 3, 2014 6:45:13 PM FingerPrint scan
INFO: Processing chunk : 520093696
Dec 3, 2014 6:45:13 PM FingerPrint computeMagnitude
INFO: FingerPrint: :33985.0:16405.0:96527.0:193929.0:323185.0:731471.0:1395264.0:2741253.0:5576474.0:1.1101342E7 Result :2.2209835E7
Dec 3, 2014 6:45:13 PM FingerPrint scan
INFO: Processing chunk : 536870912
Dec 3, 2014 6:45:13 PM FingerPrint computeMagnitude
INFO: FingerPrint: :24744.0:52177.0:63916.0:105633.0:239760.0:470020.0:1022801.0:2006592.0:3970062.0:8019021.0 Result :1.5974726E7
Dec 3, 2014 6:45:13 PM FingerPrint scan
INFO: Processing chunk : 553648128
Dec 3, 2014 6:45:13 PM FingerPrint computeMagnitude
INFO: FingerPrint: :18421.0:39543.0:99063.0:187724.0:390255.0:663179.0:1505933.0:2948839.0:5784809.0:1.1688156E7 Result :2.3325922E7
Dec 3, 2014 6:45:13 PM FingerPrint scan
INFO: Processing chunk : 570425344
Dec 3, 2014 6:45:13 PM FingerPrint computeMagnitude
INFO: FingerPrint: :14306.0:41018.0:51850.0:129884.0:290729.0:526658.0:1081514.0:2137242.0:4223332.0:8469848.0 Result :1.6966381E7
Dec 3, 2014 6:45:13 PM FingerPrint scan
INFO: Processing chunk : 587202560
Dec 3, 2014 6:45:13 PM FingerPrint computeMagnitude
INFO: FingerPrint: :1993.0:4024.0:8606.0:16519.0:29763.0:60507.0:120677.0:242209.0:486776.0:967362.0 Result :1938436.0
Dec 3, 2014 6:45:13 PM FingerPrint scan
INFO: Processing chunk : 603979776
Dec 3, 2014 6:45:13 PM FingerPrint computeMagnitude
INFO: FingerPrint: :5581.0:18144.0:45298.0:68849.0:145146.0:278530.0:547380.0:1108920.0:2208604.0:4408279.0 Result :8834731.0
Dec 3, 2014 6:45:13 PM FingerPrint scan
INFO: Processing chunk : 620756992
Dec 3, 2014 6:45:13 PM FingerPrint computeMagnitude
INFO: FingerPrint: :24468.0:68653.0:78275.0:175314.0:351303.0:710846.0:1459317.0:2860024.0:5700904.0:1.1476737E7 Result :2.2905841E7
Dec 3, 2014 6:45:13 PM FingerPrint scan
INFO: Processing chunk : 637534208
Dec 3, 2014 6:45:13 PM FingerPrint computeMagnitude
INFO: FingerPrint: :13294.0:30604.0:56093.0:168768.0:274052.0:500874.0:1076937.0:2213501.0:4440977.0:8848126.0 Result :1.7623226E7
Dec 3, 2014 6:45:13 PM FingerPrint scan
INFO: Processing chunk : 654311424
Dec 3, 2014 6:45:13 PM FingerPrint computeMagnitude
INFO: FingerPrint: :24113.0:70849.0:66297.0:128420.0:353505.0:621981.0:1290402.0:2567110.0:5120093.0:1.0224388E7 Result :2.0467158E7
Dec 3, 2014 6:45:13 PM FingerPrint scan
INFO: Processing chunk : 671088640
Dec 3, 2014 6:45:13 PM FingerPrint computeMagnitude
INFO: FingerPrint: :14535.0:33070.0:82850.0:202483.0:383404.0:729380.0:1445298.0:2967067.0:5817808.0:1.1682395E7 Result :2.335829E7
Dec 3, 2014 6:45:13 PM FingerPrint scan
INFO: Processing chunk : 687865856
Dec 3, 2014 6:45:13 PM FingerPrint computeMagnitude
INFO: FingerPrint: :35269.0:37253.0:42096.0:141432.0:200463.0:458313.0:898906.0:1694290.0:3503572.0:7138587.0 Result :1.4150181E7
Dec 3, 2014 6:45:13 PM FingerPrint scan
INFO: Processing chunk : 704643072
Dec 3, 2014 6:45:13 PM FingerPrint computeMagnitude
INFO: FingerPrint: :8955.0:31766.0:65354.0:133026.0:252461.0:438582.0:907225.0:1908576.0:3749879.0:7530246.0 Result :1.502607E7
Dec 3, 2014 6:45:13 PM FingerPrint scan
INFO: Processing chunk : 721420288
Dec 3, 2014 6:45:13 PM FingerPrint computeMagnitude
INFO: FingerPrint: :21013.0:43413.0:32416.0:148891.0:275752.0:584593.0:1158604.0:2231190.0:4526919.0:9011743.0 Result :1.8034534E7
Dec 3, 2014 6:45:13 PM FingerPrint scan
INFO: Processing chunk : 738197504
Dec 3, 2014 6:45:13 PM FingerPrint computeMagnitude
INFO: FingerPrint: :9500.0:39627.0:39024.0:121518.0:196130.0:466545.0:893721.0:1838135.0:3563722.0:7154044.0 Result :1.4321966E7
Dec 3, 2014 6:45:13 PM FingerPrint scan
INFO: Processing chunk : 754974720
Dec 3, 2014 6:45:13 PM FingerPrint computeMagnitude
INFO: FingerPrint: :16395.0:33201.0:135614.0:210810.0:423722.0:794222.0:1537138.0:3065417.0:6277454.0:1.2455669E7 Result :2.4949642E7
Dec 3, 2014 6:45:13 PM FingerPrint scan
INFO: Processing chunk : 771751936
Dec 3, 2014 6:45:13 PM FingerPrint computeMagnitude
INFO: FingerPrint: :38224.0:52810.0:89978.0:227536.0:326642.0:741244.0:1525482.0:3003661.0:6093608.0:1.2141415E7 Result :2.42406E7
Dec 3, 2014 6:45:13 PM FingerPrint scan
INFO: Processing chunk : 788529152
Dec 3, 2014 6:45:13 PM FingerPrint computeMagnitude
INFO: FingerPrint: :12710.0:46263.0:107579.0:183592.0:381648.0:764808.0:1461353.0:3004226.0:5946289.0:1.1828181E7 Result :2.3736649E7
Dec 3, 2014 6:45:13 PM FingerPrint scan
INFO: Processing chunk : 805306368
Dec 3, 2014 6:45:13 PM FingerPrint computeMagnitude
INFO: FingerPrint: :3109.0:53027.0:88346.0:148582.0:334889.0:601521.0:1261766.0:2490374.0:4953037.0:1.0008331E7 Result :1.9942982E7
Dec 3, 2014 6:45:13 PM FingerPrint scan
INFO: Processing chunk : 822083584
Dec 3, 2014 6:45:13 PM FingerPrint computeMagnitude
INFO: FingerPrint: :16226.0:59043.0:63156.0:143587.0:294290.0:501119.0:1200749.0:2248272.0:4497747.0:9110828.0 Result :1.8135017E7
Dec 3, 2014 6:45:13 PM FingerPrint scan
INFO: Processing chunk : 838860800
Dec 3, 2014 6:45:13 PM FingerPrint computeMagnitude
INFO: FingerPrint: :10523.0:27859.0:47434.0:93134.0:155507.0:396698.0:820544.0:1552810.0:3112459.0:6174963.0 Result :1.2391931E7
Dec 3, 2014 6:45:13 PM FingerPrint scan
INFO: Processing chunk : 855638016
Dec 3, 2014 6:45:13 PM FingerPrint computeMagnitude
INFO: FingerPrint: :24157.0:18844.0:138569.0:231382.0:435367.0:872778.0:1561848.0:3278316.0:6594196.0:1.3097584E7 Result :2.6253041E7
Dec 3, 2014 6:45:13 PM FingerPrint scan
INFO: Processing chunk : 872415232
Dec 3, 2014 6:45:13 PM FingerPrint computeMagnitude
INFO: FingerPrint: :24019.0:51333.0:71592.0:183679.0:348176.0:772727.0:1545855.0:3141917.0:6183409.0:1.2411634E7 Result :2.4734341E7
Dec 3, 2014 6:45:13 PM FingerPrint scan
INFO: Processing chunk : 889192448
Dec 3, 2014 6:45:13 PM FingerPrint computeMagnitude
INFO: FingerPrint: :14411.0:57459.0:99410.0:203400.0:381317.0:737432.0:1521166.0:2993402.0:6013585.0:1.2063103E7 Result :2.4084685E7
Dec 3, 2014 6:45:13 PM FingerPrint scan
INFO: Processing chunk : 905969664
Dec 3, 2014 6:45:13 PM FingerPrint computeMagnitude
INFO: FingerPrint: :10441.0:21574.0:86302.0:120084.0:296515.0:577353.0:1081956.0:2232266.0:4455133.0:8834692.0 Result :1.7716316E7
Dec 3, 2014 6:45:13 PM FingerPrint scan
INFO: Processing chunk : 922746880
Dec 3, 2014 6:45:13 PM FingerPrint computeMagnitude
INFO: FingerPrint: :2800.0:5300.0:8366.0:17084.0:37397.0:68677.0:148649.0:298431.0:584099.0:1181245.0 Result :2352048.0
Dec 3, 2014 6:45:13 PM FingerPrint scan
INFO: Processing chunk : 939524096
Dec 3, 2014 6:45:13 PM FingerPrint computeMagnitude
INFO: FingerPrint: :1126.0:1623.0:2764.0:5679.0:10052.0:21891.0:45435.0:87028.0:176248.0:355214.0 Result :707060.0
Dec 3, 2014 6:45:13 PM FingerPrint scan
INFO: Processing chunk : 956301312
Dec 3, 2014 6:45:13 PM FingerPrint computeMagnitude
INFO: FingerPrint: :15442.0:55352.0:87383.0:191950.0:378112.0:824341.0:1627151.0:3213112.0:6500306.0:1.2912046E7 Result :2.5805195E7
Dec 3, 2014 6:45:13 PM FingerPrint scan
INFO: Processing chunk : 973078528
Dec 3, 2014 6:45:13 PM FingerPrint computeMagnitude
INFO: FingerPrint: :13026.0:50891.0:42721.0:117364.0:252724.0:473148.0:1053916.0:2050966.0:4067918.0:8146452.0 Result :1.6269126E7
Dec 3, 2014 6:45:13 PM FingerPrint scan
INFO: Processing chunk : 989855744
Dec 3, 2014 6:45:13 PM FingerPrint computeMagnitude
INFO: FingerPrint: :11557.0:23048.0:76305.0:190025.0:333201.0:624532.0:1268633.0:2504448.0:4988148.0:1.0007755E7 Result :2.0027652E7
Dec 3, 2014 6:45:13 PM FingerPrint scan
INFO: Processing chunk : 1006632960
Dec 3, 2014 6:45:13 PM FingerPrint computeMagnitude
INFO: FingerPrint: :15616.0:27168.0:89914.0:125522.0:273862.0:519691.0:992487.0:2036223.0:4103544.0:8214270.0 Result :1.6398297E7
Dec 3, 2014 6:45:13 PM FingerPrint scan
INFO: Processing chunk : 1023410176
Dec 3, 2014 6:45:13 PM FingerPrint computeMagnitude
INFO: FingerPrint: :8784.0:10122.0:37131.0:33832.0:94326.0:227422.0:376838.0:719475.0:1590912.0:3029263.0 Result :6128105.0
Dec 3, 2014 6:45:13 PM FingerPrint scan
INFO: Processing chunk : 1040187392
Dec 3, 2014 6:45:13 PM FingerPrint computeMagnitude
INFO: FingerPrint: :846.0:1215.0:2455.0:6129.0:11346.0:21381.0:43945.0:88758.0:175146.0:352108.0 Result :703329.0
Dec 3, 2014 6:45:13 PM FingerPrint scan
INFO: Processing chunk : 1056964608
Dec 3, 2014 6:45:13 PM FingerPrint computeMagnitude
INFO: FingerPrint: :26788.0:52695.0:48388.0:178469.0:330692.0:684942.0:1415200.0:2754903.0:5311294.0:1.096156E7 Result :2.1764931E7
Dec 3, 2014 6:45:13 PM FingerPrint scan
INFO: Processing chunk : 1073741824
Dec 3, 2014 6:45:13 PM FingerPrint computeMagnitude
INFO: FingerPrint: :12011.0:30686.0:75390.0:163113.0:248570.0:489659.0:1112486.0:2106517.0:4264737.0:8634686.0 Result :1.7137855E7
Dec 3, 2014 6:45:13 PM FingerPrint scan
INFO: Processing chunk : 1090519040
Dec 3, 2014 6:45:13 PM FingerPrint computeMagnitude
INFO: FingerPrint: :24202.0:59351.0:73770.0:143192.0:317533.0:556086.0:1217837.0:2522958.0:4824429.0:9751333.0 Result :1.9490691E7
Dec 3, 2014 6:45:13 PM FingerPrint scan
INFO: Processing chunk : 1107296256
Dec 3, 2014 6:45:13 PM FingerPrint computeMagnitude
INFO: FingerPrint: :18304.0:32409.0:51787.0:115884.0:205864.0:404094.0:817547.0:1649025.0:3307583.0:6611801.0 Result :1.3214298E7
Dec 3, 2014 6:45:13 PM FingerPrint scan
INFO: Processing chunk : 1124073472
Dec 3, 2014 6:45:13 PM FingerPrint computeMagnitude
INFO: FingerPrint: :34138.0:44425.0:95027.0:155969.0:401515.0:789349.0:1531613.0:3000309.0:6222330.0:1.2271687E7 Result :2.4546362E7
Dec 3, 2014 6:45:13 PM FingerPrint scan
INFO: Processing chunk : 1140850688
Dec 3, 2014 6:45:13 PM FingerPrint computeMagnitude
INFO: FingerPrint: :24446.0:46084.0:135022.0:254226.0:367718.0:842789.0:1621347.0:3266549.0:6599783.0:1.3090272E7 Result :2.6248236E7
Dec 3, 2014 6:45:13 PM FingerPrint scan
INFO: Processing chunk : 1157627904
Dec 3, 2014 6:45:13 PM FingerPrint computeMagnitude
INFO: FingerPrint: :11956.0:55122.0:74232.0:202918.0:407963.0:798419.0:1695090.0:3196364.0:6351985.0:1.2902162E7 Result :2.5696211E7
Dec 3, 2014 6:45:13 PM FingerPrint scan
INFO: Processing chunk : 1174405120
Dec 3, 2014 6:45:13 PM FingerPrint computeMagnitude
INFO: FingerPrint: :50018.0:59546.0:104648.0:221887.0:477179.0:970801.0:1800619.0:3645303.0:7343849.0:1.460677E7 Result :2.928062E7
Dec 3, 2014 6:45:13 PM FingerPrint scan
INFO: Processing chunk : 1191182336
Dec 3, 2014 6:45:13 PM FingerPrint computeMagnitude
INFO: FingerPrint: :31548.0:54963.0:85232.0:183896.0:308758.0:631083.0:1181571.0:2478891.0:5118556.0:9846194.0 Result :1.9920692E7
Dec 3, 2014 6:45:13 PM FingerPrint scan
INFO: Processing chunk : 1207959552
Dec 3, 2014 6:45:13 PM FingerPrint computeMagnitude
INFO: FingerPrint: :7795.0:17444.0:33092.0:76774.0:117727.0:231169.0:520417.0:983001.0:1890325.0:3719380.0 Result :7597124.0
Dec 3, 2014 6:45:13 PM FingerPrint scan
INFO: Processing chunk : 1224736768
Dec 3, 2014 6:45:13 PM FingerPrint computeMagnitude
INFO: FingerPrint: :36259.0:26282.0:92594.0:182597.0:408685.0:756492.0:1490568.0:2953113.0:5947985.0:1.191833E7 Result :2.3812905E7
Dec 3, 2014 6:45:13 PM FingerPrint scan
INFO: Processing chunk : 1241513984
Dec 3, 2014 6:45:13 PM FingerPrint computeMagnitude
INFO: FingerPrint: :7628.0:43949.0:51686.0:98610.0:220298.0:427550.0:881717.0:1761078.0:3490738.0:6995385.0 Result :1.3978639E7
Dec 3, 2014 6:45:13 PM FingerPrint scan
INFO: Processing chunk : 1258291200
Dec 3, 2014 6:45:13 PM FingerPrint computeMagnitude
INFO: FingerPrint: :15106.0:24788.0:51314.0:147977.0:263873.0:556741.0:1140175.0:2050141.0:4370249.0:8720458.0 Result :1.7340822E7
Dec 3, 2014 6:45:13 PM FingerPrint scan
INFO: Processing chunk : 1275068416
Dec 3, 2014 6:45:13 PM FingerPrint computeMagnitude
INFO: FingerPrint: :18193.0:39558.0:50401.0:122289.0:263606.0:550665.0:1102351.0:2238209.0:4396632.0:8947112.0 Result :1.7729016E7
Dec 3, 2014 6:45:13 PM FingerPrint scan
INFO: Processing chunk : 1291845632
Dec 3, 2014 6:45:13 PM FingerPrint computeMagnitude
INFO: FingerPrint: :10165.0:19542.0:34774.0:80071.0:152578.0:326820.0:649556.0:1312288.0:2583123.0:5130801.0 Result :1.0299718E7
Dec 3, 2014 6:45:13 PM FingerPrint scan
INFO: Processing chunk : 1308622848
Dec 3, 2014 6:45:13 PM FingerPrint computeMagnitude
INFO: FingerPrint: :1417.0:1426.0:2372.0:7282.0:15326.0:26410.0:53154.0:109666.0:214895.0:435310.0 Result :867258.0
Dec 3, 2014 6:45:13 PM FingerPrint scan
INFO: Processing chunk : 1325400064
Dec 3, 2014 6:45:13 PM FingerPrint computeMagnitude
INFO: FingerPrint: :11464.0:50054.0:122058.0:153001.0:411683.0:773298.0:1506484.0:3152921.0:6151703.0:1.2272233E7 Result :2.4604899E7
Dec 3, 2014 6:45:13 PM FingerPrint scan
INFO: Processing chunk : 1342177280
Dec 3, 2014 6:45:13 PM FingerPrint computeMagnitude
INFO: FingerPrint: :38514.0:55159.0:66294.0:158176.0:318268.0:560190.0:1318868.0:2483282.0:4953568.0:1.0114032E7 Result :2.0066351E7
Dec 3, 2014 6:45:13 PM FingerPrint scan
INFO: Processing chunk : 1358954496
Dec 3, 2014 6:45:13 PM FingerPrint computeMagnitude
INFO: FingerPrint: :8116.0:19560.0:29028.0:127734.0:230517.0:575743.0:972500.0:2026053.0:4055212.0:7740514.0 Result :1.5784977E7
Dec 3, 2014 6:45:13 PM FingerPrint scan
INFO: Processing chunk : 1375731712
Dec 3, 2014 6:45:13 PM FingerPrint computeMagnitude
INFO: FingerPrint: :7972.0:22137.0:44825.0:76010.0:192707.0:382720.0:649362.0:1296199.0:2662595.0:5107260.0 Result :1.0441787E7
Dec 3, 2014 6:45:13 PM FingerPrint scan
INFO: Processing chunk : 1392508928
Dec 3, 2014 6:45:13 PM FingerPrint computeMagnitude
INFO: FingerPrint: :10655.0:82630.0:73497.0:150301.0:413332.0:811246.0:1490144.0:3138268.0:6134356.0:1.2277482E7 Result :2.4581911E7
Dec 3, 2014 6:45:13 PM FingerPrint scan
INFO: Processing chunk : 1409286144
Dec 3, 2014 6:45:13 PM FingerPrint computeMagnitude
INFO: FingerPrint: :16233.0:37565.0:65928.0:139322.0:288601.0:539656.0:1101346.0:2302914.0:4477453.0:8951625.0 Result :1.7920643E7
Dec 3, 2014 6:45:13 PM FingerPrint scan
INFO: Processing chunk : 1426063360
Dec 3, 2014 6:45:13 PM FingerPrint computeMagnitude
INFO: FingerPrint: :6077.0:15097.0:37589.0:81732.0:151289.0:306272.0:638086.0:1382245.0:2755468.0:5332015.0 Result :1.070587E7
Dec 3, 2014 6:45:13 PM FingerPrint scan
INFO: Processing chunk : 1442840576
Dec 3, 2014 6:45:13 PM FingerPrint computeMagnitude
INFO: FingerPrint: :359.0:2227.0:2751.0:6938.0:15395.0:25722.0:57661.0:108943.0:222071.0:442428.0 Result :884495.0
Dec 3, 2014 6:45:13 PM FingerPrint scan
INFO: Processing chunk : 1459617792
Dec 3, 2014 6:45:13 PM FingerPrint computeMagnitude
INFO: FingerPrint: :16068.0:34289.0:57688.0:147704.0:262763.0:543621.0:1051078.0:2124593.0:4221187.0:8440115.0 Result :1.6899106E7
Dec 3, 2014 6:45:13 PM FingerPrint scan
INFO: Processing chunk : 1476395008
Dec 3, 2014 6:45:13 PM FingerPrint computeMagnitude
INFO: FingerPrint: :12139.0:32666.0:60670.0:106054.0:247462.0:448895.0:931097.0:1818037.0:3626185.0:7358174.0 Result :1.4641379E7
Dec 3, 2014 6:45:13 PM FingerPrint scan
INFO: Processing chunk : 1493172224
Dec 3, 2014 6:45:13 PM FingerPrint computeMagnitude
INFO: FingerPrint: :7716.0:18338.0:28125.0:101449.0:175619.0:370707.0:678213.0:1395046.0:2704523.0:5507083.0 Result :1.0986819E7
Dec 3, 2014 6:45:13 PM FingerPrint scan
INFO: Processing chunk : 1509949440
Dec 3, 2014 6:45:13 PM FingerPrint computeMagnitude
INFO: FingerPrint: :1441.0:1465.0:1555.0:7241.0:13731.0:23735.0:47573.0:94711.0:190778.0:383745.0 Result :765975.0
Dec 3, 2014 6:45:13 PM FingerPrint scan
INFO: Processing chunk : 1526726656
Dec 3, 2014 6:45:13 PM FingerPrint computeMagnitude
INFO: FingerPrint: :19864.0:42813.0:85017.0:127739.0:269364.0:537611.0:1013769.0:2127855.0:4206084.0:8395329.0 Result :1.6825445E7
Dec 3, 2014 6:45:13 PM FingerPrint scan
INFO: Processing chunk : 1543503872
Dec 3, 2014 6:45:13 PM FingerPrint computeMagnitude
INFO: FingerPrint: :5012.0:22434.0:107258.0:168689.0:373103.0:653759.0:1402742.0:2816287.0:5541077.0:1.1056752E7 Result :2.2147113E7
Dec 3, 2014 6:45:13 PM FingerPrint scan
INFO: Processing chunk : 1560281088
Dec 3, 2014 6:45:13 PM FingerPrint computeMagnitude
INFO: FingerPrint: :14550.0:20215.0:52513.0:106415.0:214127.0:359495.0:773991.0:1536755.0:2993449.0:6138446.0 Result :1.2209956E7
Dec 3, 2014 6:45:13 PM FingerPrint scan
INFO: Processing chunk : 1577058304
Dec 3, 2014 6:45:13 PM FingerPrint computeMagnitude
INFO: FingerPrint: :1474.0:4287.0:5817.0:21497.0:35631.0:77700.0:135375.0:343837.0:670294.0:1363792.0 Result :2659704.0
Dec 3, 2014 6:45:13 PM FingerPrint scan
INFO: Processing chunk : 1593835520
Dec 3, 2014 6:45:13 PM FingerPrint computeMagnitude
INFO: FingerPrint: :29632.0:34956.0:84540.0:172892.0:279339.0:620221.0:1316438.0:2549221.0:5144065.0:1.0305808E7 Result :2.0537112E7
Dec 3, 2014 6:45:13 PM FingerPrint scan
INFO: Processing chunk : 1610612736
Dec 3, 2014 6:45:13 PM FingerPrint computeMagnitude
INFO: FingerPrint: :17187.0:26470.0:106291.0:131826.0:327065.0:649763.0:1250453.0:2629760.0:5114201.0:1.0236028E7 Result :2.0489044E7
Dec 3, 2014 6:45:13 PM FingerPrint scan
INFO: Processing chunk : 1627389952
Dec 3, 2014 6:45:13 PM FingerPrint computeMagnitude
INFO: FingerPrint: :17499.0:30931.0:57939.0:174382.0:298827.0:674198.0:1245836.0:2476696.0:5040729.0:9989883.0 Result :2.000692E7
Dec 3, 2014 6:45:13 PM FingerPrint scan
INFO: Processing chunk : 1644167168
Dec 3, 2014 6:45:13 PM FingerPrint computeMagnitude
INFO: FingerPrint: :18714.0:37769.0:84823.0:130346.0:265186.0:549326.0:1161129.0:2273735.0:4579139.0:9128643.0 Result :1.822881E7
Dec 3, 2014 6:45:13 PM FingerPrint scan
INFO: Processing chunk : 1660944384
Dec 3, 2014 6:45:13 PM FingerPrint computeMagnitude
INFO: FingerPrint: :10051.0:36769.0:38249.0:107947.0:223333.0:437578.0:850074.0:1710089.0:3358706.0:6770105.0 Result :1.3542901E7
Dec 3, 2014 6:45:13 PM FingerPrint scan
INFO: Processing chunk : 1677721600
Dec 3, 2014 6:45:13 PM FingerPrint computeMagnitude
INFO: FingerPrint: :8100.0:25304.0:30967.0:54294.0:127117.0:215190.0:522343.0:992487.0:1878852.0:3940689.0 Result :7795343.0
Dec 3, 2014 6:45:13 PM FingerPrint scan
INFO: Processing chunk : 1694498816
Dec 3, 2014 6:45:13 PM FingerPrint computeMagnitude
INFO: FingerPrint: :10307.0:50389.0:79885.0:171607.0:406638.0:711996.0:1406389.0:2894528.0:5707939.0:1.1372024E7 Result :2.2811702E7
Dec 3, 2014 6:45:13 PM FingerPrint scan
INFO: Processing chunk : 1711276032
Dec 3, 2014 6:45:13 PM FingerPrint computeMagnitude
INFO: FingerPrint: :43455.0:38904.0:56437.0:166512.0:354859.0:659742.0:1201332.0:2487860.0:5040745.0:1.0041672E7 Result :2.0091518E7
Dec 3, 2014 6:45:13 PM FingerPrint scan
INFO: Processing chunk : 1728053248
Dec 3, 2014 6:45:13 PM FingerPrint computeMagnitude
INFO: FingerPrint: :39118.0:38840.0:82310.0:165113.0:363782.0:708453.0:1460881.0:2831005.0:5491613.0:1.0910028E7 Result :2.2091143E7
Dec 3, 2014 6:45:13 PM FingerPrint scan
INFO: Processing chunk : 1744830464
Dec 3, 2014 6:45:13 PM FingerPrint computeMagnitude
INFO: FingerPrint: :21473.0:29537.0:51665.0:100174.0:206510.0:444761.0:877588.0:1696668.0:3253321.0:6526938.0 Result :1.3208635E7
Dec 3, 2014 6:45:13 PM FingerPrint scan
INFO: Processing chunk : 1761607680
Dec 3, 2014 6:45:13 PM FingerPrint computeMagnitude
INFO: FingerPrint: :17799.0:31421.0:63230.0:195255.0:312308.0:605139.0:1255626.0:2390726.0:4906653.0:9659800.0 Result :1.9437957E7
Dec 3, 2014 6:45:13 PM FingerPrint scan
INFO: Processing chunk : 1778384896
Dec 3, 2014 6:45:13 PM FingerPrint computeMagnitude
INFO: FingerPrint: :9051.0:23790.0:45277.0:78926.0:207069.0:401148.0:767728.0:1603621.0:3325897.0:6266435.0 Result :1.2728942E7
Dec 3, 2014 6:45:13 PM AudioFileComparator fingerPrint
INFO: Trying to get fingerprint for file : /course/cs5500f14/Assignments/A5/z01.wav
Dec 3, 2014 6:45:13 PM FingerPrint scan
INFO: Processing chunk : 0
Dec 3, 2014 6:45:13 PM FingerPrint computeMagnitude
INFO: FingerPrint: :22356.0:33845.0:41976.0:153604.0:281272.0:506184.0:1038601.0:2054380.0:4180149.0:8396880.0 Result :1.6709247E7
Dec 3, 2014 6:45:13 PM FingerPrint scan
INFO: Processing chunk : 16777216
Dec 3, 2014 6:45:13 PM FingerPrint computeMagnitude
INFO: FingerPrint: :23456.0:34996.0:58937.0:136886.0:273781.0:485840.0:1012249.0:2044656.0:4034447.0:8143712.0 Result :1.624896E7
Dec 3, 2014 6:45:13 PM FingerPrint scan
INFO: Processing chunk : 33554432
Dec 3, 2014 6:45:13 PM FingerPrint computeMagnitude
INFO: FingerPrint: :33802.0:55990.0:32710.0:133299.0:250783.0:452214.0:1207484.0:2271952.0:4273970.0:8839287.0 Result :1.7551491E7
Dec 3, 2014 6:45:13 PM FingerPrint scan
INFO: Processing chunk : 50331648
Dec 3, 2014 6:45:13 PM FingerPrint computeMagnitude
INFO: FingerPrint: :12755.0:31160.0:126636.0:200550.0:458292.0:832093.0:1592786.0:3372498.0:6518267.0:1.3036458E7 Result :2.6181495E7
Dec 3, 2014 6:45:13 PM FingerPrint scan
INFO: Processing chunk : 67108864
Dec 3, 2014 6:45:13 PM FingerPrint computeMagnitude
INFO: FingerPrint: :37828.0:34155.0:42487.0:189317.0:408561.0:761130.0:1493999.0:2936494.0:5996650.0:1.1916337E7 Result :2.3816958E7
Dec 3, 2014 6:45:13 PM FingerPrint scan
INFO: Processing chunk : 83886080
Dec 3, 2014 6:45:13 PM FingerPrint computeMagnitude
INFO: FingerPrint: :28654.0:64869.0:114662.0:237482.0:434965.0:901760.0:1766553.0:3589585.0:7190139.0:1.4326806E7 Result :2.8655475E7
Dec 3, 2014 6:45:13 PM FingerPrint scan
INFO: Processing chunk : 100663296
Dec 3, 2014 6:45:13 PM FingerPrint computeMagnitude
INFO: FingerPrint: :27744.0:56373.0:106153.0:237197.0:459190.0:866686.0:1779201.0:3605899.0:7117853.0:1.4345709E7 Result :2.8602005E7
Dec 3, 2014 6:45:13 PM FingerPrint scan
INFO: Processing chunk : 117440512
Dec 3, 2014 6:45:13 PM FingerPrint computeMagnitude
INFO: FingerPrint: :11788.0:13231.0:39329.0:88033.0:155580.0:259279.0:614955.0:1250322.0:2349832.0:4925029.0 Result :9707378.0
Dec 3, 2014 6:45:13 PM FingerPrint scan
INFO: Processing chunk : 134217728
Dec 3, 2014 6:45:13 PM FingerPrint computeMagnitude
INFO: FingerPrint: :12360.0:48484.0:62187.0:115044.0:242927.0:506416.0:1099188.0:2028804.0:4108352.0:8306392.0 Result :1.6530154E7
Dec 3, 2014 6:45:13 PM FingerPrint scan
INFO: Processing chunk : 150994944
Dec 3, 2014 6:45:13 PM FingerPrint computeMagnitude
INFO: FingerPrint: :26910.0:24844.0:61576.0:131400.0:216968.0:487545.0:990065.0:1925817.0:3895357.0:7816921.0 Result :1.5577403E7
Dec 3, 2014 6:45:13 PM FingerPrint scan
INFO: Processing chunk : 167772160
Dec 3, 2014 6:45:13 PM FingerPrint computeMagnitude
INFO: FingerPrint: :22134.0:19678.0:56414.0:144713.0:245825.0:473716.0:1000254.0:1973758.0:4038628.0:8144097.0 Result :1.6119217E7
Dec 3, 2014 6:45:13 PM FingerPrint scan
INFO: Processing chunk : 184549376
Dec 3, 2014 6:45:13 PM FingerPrint computeMagnitude
INFO: FingerPrint: :20296.0:20159.0:26834.0:119369.0:231680.0:407669.0:946457.0:1808514.0:3800190.0:7742434.0 Result :1.5123602E7
Dec 3, 2014 6:45:13 PM FingerPrint scan
INFO: Processing chunk : 201326592
Dec 3, 2014 6:45:13 PM FingerPrint computeMagnitude
INFO: FingerPrint: :22079.0:59292.0:33390.0:104254.0:243344.0:544867.0:1070815.0:2071374.0:4104391.0:8312280.0 Result :1.6566086E7
Dec 3, 2014 6:45:13 PM FingerPrint scan
INFO: Processing chunk : 218103808
Dec 3, 2014 6:45:13 PM FingerPrint computeMagnitude
INFO: FingerPrint: :831.0:1816.0:3353.0:7078.0:15993.0:32929.0:69892.0:122037.0:267786.0:517292.0 Result :1039007.0
Dec 3, 2014 6:45:13 PM FingerPrint scan
INFO: Processing chunk : 234881024
Dec 3, 2014 6:45:13 PM FingerPrint computeMagnitude
INFO: FingerPrint: :47453.0:39573.0:69029.0:139834.0:292645.0:538219.0:1195837.0:2369884.0:4703624.0:9509706.0 Result :1.8905804E7
Dec 3, 2014 6:45:13 PM FingerPrint scan
INFO: Processing chunk : 251658240
Dec 3, 2014 6:45:13 PM FingerPrint computeMagnitude
INFO: FingerPrint: :16260.0:30025.0:103112.0:196575.0:396007.0:822832.0:1540752.0:3151010.0:6271045.0:1.2395679E7 Result :2.4923297E7
Dec 3, 2014 6:45:13 PM FingerPrint scan
INFO: Processing chunk : 268435456
Dec 3, 2014 6:45:13 PM FingerPrint computeMagnitude
INFO: FingerPrint: :15231.0:24567.0:93082.0:136550.0:255282.0:501799.0:1011364.0:2183843.0:4111593.0:8268461.0 Result :1.6601772E7
Dec 3, 2014 6:45:13 PM FingerPrint scan
INFO: Processing chunk : 285212672
Dec 3, 2014 6:45:13 PM FingerPrint computeMagnitude
INFO: FingerPrint: :7460.0:26569.0:27723.0:84484.0:123608.0:314028.0:613127.0:1466685.0:2649708.0:5338780.0 Result :1.0652172E7
Dec 3, 2014 6:45:13 PM FingerPrint scan
INFO: Processing chunk : 301989888
Dec 3, 2014 6:45:13 PM FingerPrint computeMagnitude
INFO: FingerPrint: :12884.0:40487.0:63406.0:132448.0:274048.0:601674.0:1092000.0:2232348.0:4421177.0:8893073.0 Result :1.7763545E7
Dec 3, 2014 6:45:13 PM FingerPrint scan
INFO: Processing chunk : 318767104
Dec 3, 2014 6:45:13 PM FingerPrint computeMagnitude
INFO: FingerPrint: :23811.0:27884.0:66552.0:166693.0:271025.0:550354.0:1137276.0:2214096.0:4450919.0:8931686.0 Result :1.7840296E7
Dec 3, 2014 6:45:13 PM FingerPrint scan
INFO: Processing chunk : 335544320
Dec 3, 2014 6:45:13 PM FingerPrint computeMagnitude
INFO: FingerPrint: :1887.0:28953.0:33492.0:99764.0:260001.0:502989.0:948617.0:1963481.0:3802037.0:7583892.0 Result :1.5225113E7
Dec 3, 2014 6:45:13 PM FingerPrint scan
INFO: Processing chunk : 352321536
Dec 3, 2014 6:45:13 PM FingerPrint computeMagnitude
INFO: FingerPrint: :12756.0:32909.0:83128.0:165784.0:384579.0:657727.0:1360743.0:2715040.0:5360429.0:1.0818916E7 Result :2.1592011E7
Dec 3, 2014 6:45:13 PM FingerPrint scan
INFO: Processing chunk : 369098752
Dec 3, 2014 6:45:13 PM FingerPrint computeMagnitude
INFO: FingerPrint: :16188.0:43329.0:54921.0:132973.0:261654.0:513358.0:971896.0:2013915.0:4018753.0:7976091.0 Result :1.6003078E7
Dec 3, 2014 6:45:13 PM FingerPrint scan
INFO: Processing chunk : 385875968
Dec 3, 2014 6:45:13 PM FingerPrint computeMagnitude
INFO: FingerPrint: :1586.0:1495.0:8115.0:10663.0:23422.0:49093.0:89081.0:183166.0:369524.0:729228.0 Result :1465373.0
Dec 3, 2014 6:45:13 PM FingerPrint scan
INFO: Processing chunk : 402653184
Dec 3, 2014 6:45:13 PM FingerPrint computeMagnitude
INFO: FingerPrint: :10032.0:23394.0:46809.0:81460.0:202248.0:378938.0:766052.0:1635349.0:3166825.0:6291547.0 Result :1.2602654E7
Dec 3, 2014 6:45:13 PM FingerPrint scan
INFO: Processing chunk : 419430400
Dec 3, 2014 6:45:13 PM FingerPrint computeMagnitude
INFO: FingerPrint: :8885.0:43463.0:78475.0:183744.0:336567.0:707013.0:1295479.0:2704348.0:5353813.0:1.0564542E7 Result :2.1276329E7
Dec 3, 2014 6:45:13 PM FingerPrint scan
INFO: Processing chunk : 436207616
Dec 3, 2014 6:45:13 PM FingerPrint computeMagnitude
INFO: FingerPrint: :17895.0:55364.0:62465.0:133422.0:315247.0:609028.0:1242947.0:2423805.0:4799837.0:9699867.0 Result :1.9359877E7
Dec 3, 2014 6:45:13 PM FingerPrint scan
INFO: Processing chunk : 452984832
Dec 3, 2014 6:45:13 PM FingerPrint computeMagnitude
INFO: FingerPrint: :24758.0:32751.0:95697.0:166965.0:355497.0:685918.0:1392152.0:2711830.0:5492673.0:1.1067307E7 Result :2.2025548E7
Dec 3, 2014 6:45:13 PM FingerPrint scan
INFO: Processing chunk : 469762048
Dec 3, 2014 6:45:13 PM FingerPrint computeMagnitude
INFO: FingerPrint: :48600.0:78359.0:84792.0:180488.0:402474.0:832842.0:1590962.0:3310474.0:6545815.0:1.307831E7 Result :2.6153116E7
Dec 3, 2014 6:45:13 PM FingerPrint scan
INFO: Processing chunk : 486539264
Dec 3, 2014 6:45:13 PM FingerPrint computeMagnitude
INFO: FingerPrint: :13516.0:32374.0:55732.0:114535.0:327652.0:617753.0:1252593.0:2445100.0:4711907.0:9519983.0 Result :1.9091145E7
Dec 3, 2014 6:45:13 PM FingerPrint scan
INFO: Processing chunk : 503316480
Dec 3, 2014 6:45:13 PM FingerPrint computeMagnitude
INFO: FingerPrint: :9171.0:36084.0:56195.0:108784.0:312050.0:470811.0:984558.0:1998433.0:3872098.0:7908260.0 Result :1.5756444E7
Dec 3, 2014 6:45:13 PM FingerPrint scan
INFO: Processing chunk : 520093696
Dec 3, 2014 6:45:13 PM FingerPrint computeMagnitude
INFO: FingerPrint: :33987.0:16402.0:96529.0:193920.0:323187.0:731486.0:1395240.0:2741237.0:5576412.0:1.1101258E7 Result :2.2209658E7
Dec 3, 2014 6:45:13 PM FingerPrint scan
INFO: Processing chunk : 536870912
Dec 3, 2014 6:45:13 PM FingerPrint computeMagnitude
INFO: FingerPrint: :24748.0:52187.0:63908.0:105630.0:239755.0:470017.0:1022820.0:2006557.0:3970009.0:8019034.0 Result :1.5974665E7
Dec 3, 2014 6:45:13 PM FingerPrint scan
INFO: Processing chunk : 553648128
Dec 3, 2014 6:45:13 PM FingerPrint computeMagnitude
INFO: FingerPrint: :18419.0:39546.0:99060.0:187733.0:390262.0:663197.0:1505942.0:2948843.0:5784743.0:1.1688158E7 Result :2.3325903E7
Dec 3, 2014 6:45:13 PM FingerPrint scan
INFO: Processing chunk : 570425344
Dec 3, 2014 6:45:13 PM FingerPrint computeMagnitude
INFO: FingerPrint: :14310.0:41011.0:51858.0:129889.0:290731.0:526642.0:1081569.0:2137271.0:4223315.0:8469813.0 Result :1.6966409E7
Dec 3, 2014 6:45:13 PM FingerPrint scan
INFO: Processing chunk : 587202560
Dec 3, 2014 6:45:13 PM FingerPrint computeMagnitude
INFO: FingerPrint: :1998.0:4028.0:8602.0:16522.0:29755.0:60519.0:120694.0:242198.0:486757.0:967357.0 Result :1938430.0
Dec 3, 2014 6:45:13 PM FingerPrint scan
INFO: Processing chunk : 603979776
Dec 3, 2014 6:45:13 PM FingerPrint computeMagnitude
INFO: FingerPrint: :5579.0:18141.0:45300.0:68861.0:145154.0:278527.0:547337.0:1108889.0:2208570.0:4408252.0 Result :8834610.0
Dec 3, 2014 6:45:13 PM FingerPrint scan
INFO: Processing chunk : 620756992
Dec 3, 2014 6:45:13 PM FingerPrint computeMagnitude
INFO: FingerPrint: :24468.0:68652.0:78279.0:175316.0:351306.0:710819.0:1459330.0:2860020.0:5700880.0:1.147676E7 Result :2.290583E7
Dec 3, 2014 6:45:13 PM FingerPrint scan
INFO: Processing chunk : 637534208
Dec 3, 2014 6:45:13 PM FingerPrint computeMagnitude
INFO: FingerPrint: :13293.0:30611.0:56105.0:168767.0:274040.0:500872.0:1076960.0:2213500.0:4440954.0:8848125.0 Result :1.7623227E7
Dec 3, 2014 6:45:13 PM FingerPrint scan
INFO: Processing chunk : 654311424
Dec 3, 2014 6:45:13 PM FingerPrint computeMagnitude
INFO: FingerPrint: :24113.0:70851.0:66298.0:128420.0:353495.0:621995.0:1290401.0:2567091.0:5120070.0:1.0224392E7 Result :2.0467126E7
Dec 3, 2014 6:45:13 PM FingerPrint scan
INFO: Processing chunk : 671088640
Dec 3, 2014 6:45:14 PM FingerPrint computeMagnitude
INFO: FingerPrint: :14537.0:33062.0:82844.0:202474.0:383427.0:729362.0:1445283.0:2967057.0:5817809.0:1.1682286E7 Result :2.3358141E7
Dec 3, 2014 6:45:14 PM FingerPrint scan
INFO: Processing chunk : 687865856
Dec 3, 2014 6:45:14 PM FingerPrint computeMagnitude
INFO: FingerPrint: :35272.0:37262.0:42084.0:141439.0:200475.0:458337.0:898926.0:1694278.0:3503560.0:7138563.0 Result :1.4150196E7
Dec 3, 2014 6:45:14 PM FingerPrint scan
INFO: Processing chunk : 704643072
Dec 3, 2014 6:45:14 PM FingerPrint computeMagnitude
INFO: FingerPrint: :8953.0:31761.0:65355.0:133006.0:252475.0:438549.0:907254.0:1908544.0:3749865.0:7530234.0 Result :1.5025996E7
Dec 3, 2014 6:45:14 PM FingerPrint scan
INFO: Processing chunk : 721420288
Dec 3, 2014 6:45:14 PM FingerPrint computeMagnitude
INFO: FingerPrint: :21013.0:43410.0:32416.0:148878.0:275764.0:584589.0:1158591.0:2231205.0:4526881.0:9011732.0 Result :1.8034479E7
Dec 3, 2014 6:45:14 PM FingerPrint scan
INFO: Processing chunk : 738197504
Dec 3, 2014 6:45:14 PM FingerPrint computeMagnitude
INFO: FingerPrint: :9504.0:39625.0:39031.0:121520.0:196139.0:466535.0:893727.0:1838120.0:3563643.0:7154064.0 Result :1.4321908E7
Dec 3, 2014 6:45:14 PM FingerPrint scan
INFO: Processing chunk : 754974720
Dec 3, 2014 6:45:14 PM FingerPrint computeMagnitude
INFO: FingerPrint: :16397.0:33197.0:135616.0:210818.0:423714.0:794246.0:1537142.0:3065423.0:6277453.0:1.2455738E7 Result :2.4949744E7
Dec 3, 2014 6:45:14 PM FingerPrint scan
INFO: Processing chunk : 771751936
Dec 3, 2014 6:45:14 PM FingerPrint computeMagnitude
INFO: FingerPrint: :38227.0:52807.0:89975.0:227556.0:326657.0:741213.0:1525478.0:3003660.0:6093612.0:1.21414E7 Result :2.4240585E7
Dec 3, 2014 6:45:14 PM FingerPrint scan
INFO: Processing chunk : 788529152
Dec 3, 2014 6:45:14 PM FingerPrint computeMagnitude
INFO: FingerPrint: :12713.0:46267.0:107581.0:183592.0:381647.0:764795.0:1461352.0:3004193.0:5946268.0:1.1828172E7 Result :2.373658E7
Dec 3, 2014 6:45:14 PM FingerPrint scan
INFO: Processing chunk : 805306368
Dec 3, 2014 6:45:14 PM FingerPrint computeMagnitude
INFO: FingerPrint: :3108.0:53028.0:88349.0:148581.0:334910.0:601522.0:1261777.0:2490376.0:4953049.0:1.0008336E7 Result :1.9943036E7
Dec 3, 2014 6:45:14 PM FingerPrint scan
INFO: Processing chunk : 822083584
Dec 3, 2014 6:45:14 PM FingerPrint computeMagnitude
INFO: FingerPrint: :16229.0:59038.0:63148.0:143582.0:294280.0:501133.0:1200743.0:2248258.0:4497725.0:9110786.0 Result :1.8134922E7
Dec 3, 2014 6:45:14 PM FingerPrint scan
INFO: Processing chunk : 838860800
Dec 3, 2014 6:45:14 PM FingerPrint computeMagnitude
INFO: FingerPrint: :10521.0:27858.0:47435.0:93142.0:155511.0:396701.0:820554.0:1552816.0:3112480.0:6174924.0 Result :1.2391942E7
Dec 3, 2014 6:45:14 PM FingerPrint scan
INFO: Processing chunk : 855638016
Dec 3, 2014 6:45:14 PM FingerPrint computeMagnitude
INFO: FingerPrint: :24158.0:18849.0:138579.0:231381.0:435362.0:872790.0:1561838.0:3278312.0:6594198.0:1.3097549E7 Result :2.6253016E7
Dec 3, 2014 6:45:14 PM FingerPrint scan
INFO: Processing chunk : 872415232
Dec 3, 2014 6:45:14 PM FingerPrint computeMagnitude
INFO: FingerPrint: :24017.0:51336.0:71595.0:183673.0:348196.0:772770.0:1545801.0:3141920.0:6183438.0:1.2411627E7 Result :2.4734373E7
Dec 3, 2014 6:45:14 PM FingerPrint scan
INFO: Processing chunk : 889192448
Dec 3, 2014 6:45:14 PM FingerPrint computeMagnitude
INFO: FingerPrint: :14407.0:57463.0:99401.0:203389.0:381336.0:737446.0:1521191.0:2993422.0:6013641.0:1.2063212E7 Result :2.4084908E7
Dec 3, 2014 6:45:14 PM FingerPrint scan
INFO: Processing chunk : 905969664
Dec 3, 2014 6:45:14 PM FingerPrint computeMagnitude
INFO: FingerPrint: :10440.0:21578.0:86295.0:120079.0:296529.0:577349.0:1081929.0:2232270.0:4455132.0:8834723.0 Result :1.7716324E7
Dec 3, 2014 6:45:14 PM FingerPrint scan
INFO: Processing chunk : 922746880
Dec 3, 2014 6:45:14 PM FingerPrint computeMagnitude
INFO: FingerPrint: :2800.0:5304.0:8362.0:17091.0:37397.0:68693.0:148643.0:298413.0:584081.0:1181215.0 Result :2351999.0
Dec 3, 2014 6:45:14 PM FingerPrint scan
INFO: Processing chunk : 939524096
Dec 3, 2014 6:45:14 PM FingerPrint computeMagnitude
INFO: FingerPrint: :1125.0:1628.0:2758.0:5680.0:10061.0:21874.0:45421.0:87009.0:176312.0:355211.0 Result :707079.0
Dec 3, 2014 6:45:14 PM FingerPrint scan
INFO: Processing chunk : 956301312
Dec 3, 2014 6:45:14 PM FingerPrint computeMagnitude
INFO: FingerPrint: :15443.0:55352.0:87383.0:191958.0:378132.0:824311.0:1627155.0:3213149.0:6500240.0:1.2912087E7 Result :2.580521E7
Dec 3, 2014 6:45:14 PM FingerPrint scan
INFO: Processing chunk : 973078528
Dec 3, 2014 6:45:14 PM FingerPrint computeMagnitude
INFO: FingerPrint: :13026.0:50884.0:42720.0:117365.0:252728.0:473148.0:1053896.0:2050989.0:4067929.0:8146557.0 Result :1.6269242E7
Dec 3, 2014 6:45:14 PM FingerPrint scan
INFO: Processing chunk : 989855744
Dec 3, 2014 6:45:14 PM FingerPrint computeMagnitude
INFO: FingerPrint: :11555.0:23046.0:76313.0:190026.0:333170.0:624520.0:1268636.0:2504469.0:4988153.0:1.0007686E7 Result :2.0027574E7
Dec 3, 2014 6:45:14 PM FingerPrint scan
INFO: Processing chunk : 1006632960
Dec 3, 2014 6:45:14 PM FingerPrint computeMagnitude
INFO: FingerPrint: :15614.0:27166.0:89908.0:125525.0:273863.0:519693.0:992524.0:2036219.0:4103535.0:8214312.0 Result :1.6398359E7
Dec 3, 2014 6:45:14 PM FingerPrint scan
INFO: Processing chunk : 1023410176
Dec 3, 2014 6:45:14 PM FingerPrint computeMagnitude
INFO: FingerPrint: :8786.0:10117.0:37130.0:33835.0:94312.0:227432.0:376838.0:719452.0:1590866.0:3029377.0 Result :6128145.0
Dec 3, 2014 6:45:14 PM FingerPrint scan
INFO: Processing chunk : 1040187392
Dec 3, 2014 6:45:14 PM FingerPrint computeMagnitude
INFO: FingerPrint: :848.0:1218.0:2459.0:6125.0:11358.0:21360.0:43950.0:88765.0:175177.0:352111.0 Result :703371.0
Dec 3, 2014 6:45:14 PM FingerPrint scan
INFO: Processing chunk : 1056964608
Dec 3, 2014 6:45:14 PM FingerPrint computeMagnitude
INFO: FingerPrint: :26791.0:52691.0:48381.0:178474.0:330696.0:684924.0:1415220.0:2754876.0:5311295.0:1.096156E7 Result :2.1764908E7
Dec 3, 2014 6:45:14 PM FingerPrint scan
INFO: Processing chunk : 1073741824
Dec 3, 2014 6:45:14 PM FingerPrint computeMagnitude
INFO: FingerPrint: :12013.0:30690.0:75386.0:163108.0:248578.0:489661.0:1112487.0:2106540.0:4264736.0:8634707.0 Result :1.7137906E7
Dec 3, 2014 6:45:14 PM FingerPrint scan
INFO: Processing chunk : 1090519040
Dec 3, 2014 6:45:14 PM FingerPrint computeMagnitude
INFO: FingerPrint: :24202.0:59352.0:73761.0:143176.0:317537.0:556083.0:1217836.0:2522912.0:4824488.0:9751245.0 Result :1.9490592E7
Dec 3, 2014 6:45:14 PM FingerPrint scan
INFO: Processing chunk : 1107296256
Dec 3, 2014 6:45:14 PM FingerPrint computeMagnitude
INFO: FingerPrint: :18301.0:32409.0:51785.0:115888.0:205867.0:404084.0:817545.0:1649027.0:3307605.0:6611764.0 Result :1.3214275E7
Dec 3, 2014 6:45:14 PM FingerPrint scan
INFO: Processing chunk : 1124073472
Dec 3, 2014 6:45:14 PM FingerPrint computeMagnitude
INFO: FingerPrint: :34136.0:44429.0:95026.0:155975.0:401516.0:789352.0:1531604.0:3000326.0:6222304.0:1.2271708E7 Result :2.4546376E7
Dec 3, 2014 6:45:14 PM FingerPrint scan
INFO: Processing chunk : 1140850688
Dec 3, 2014 6:45:14 PM FingerPrint computeMagnitude
INFO: FingerPrint: :24446.0:46072.0:135025.0:254231.0:367733.0:842775.0:1621395.0:3266543.0:6599786.0:1.3090319E7 Result :2.6248325E7
Dec 3, 2014 6:45:14 PM FingerPrint scan
INFO: Processing chunk : 1157627904
Dec 3, 2014 6:45:14 PM FingerPrint computeMagnitude
INFO: FingerPrint: :11960.0:55123.0:74230.0:202915.0:407968.0:798413.0:1695078.0:3196352.0:6352026.0:1.290213E7 Result :2.5696195E7
Dec 3, 2014 6:45:14 PM FingerPrint scan
INFO: Processing chunk : 1174405120
Dec 3, 2014 6:45:14 PM FingerPrint computeMagnitude
INFO: FingerPrint: :50017.0:59544.0:104654.0:221890.0:477197.0:970773.0:1800640.0:3645303.0:7343876.0:1.4606737E7 Result :2.9280631E7
Dec 3, 2014 6:45:14 PM FingerPrint scan
INFO: Processing chunk : 1191182336
Dec 3, 2014 6:45:14 PM FingerPrint computeMagnitude
INFO: FingerPrint: :31550.0:54956.0:85233.0:183898.0:308742.0:631089.0:1181603.0:2478884.0:5118605.0:9846239.0 Result :1.9920799E7
Dec 3, 2014 6:45:14 PM FingerPrint scan
INFO: Processing chunk : 1207959552
Dec 3, 2014 6:45:14 PM FingerPrint computeMagnitude
INFO: FingerPrint: :7802.0:17448.0:33092.0:76790.0:117716.0:231178.0:520441.0:983008.0:1890304.0:3719362.0 Result :7597141.0
Dec 3, 2014 6:45:14 PM FingerPrint scan
INFO: Processing chunk : 1224736768
Dec 3, 2014 6:45:14 PM FingerPrint computeMagnitude
INFO: FingerPrint: :36258.0:26281.0:92589.0:182589.0:408679.0:756453.0:1490602.0:2953100.0:5948034.0:1.1918301E7 Result :2.3812886E7
Dec 3, 2014 6:45:14 PM FingerPrint scan
INFO: Processing chunk : 1241513984
Dec 3, 2014 6:45:14 PM FingerPrint computeMagnitude
INFO: FingerPrint: :7636.0:43947.0:51678.0:98605.0:220284.0:427554.0:881718.0:1761066.0:3490804.0:6995416.0 Result :1.3978708E7
Dec 3, 2014 6:45:14 PM FingerPrint scan
INFO: Processing chunk : 1258291200
Dec 3, 2014 6:45:14 PM FingerPrint computeMagnitude
INFO: FingerPrint: :15101.0:24783.0:51314.0:147971.0:263888.0:556741.0:1140211.0:2050113.0:4370236.0:8720460.0 Result :1.7340818E7
Dec 3, 2014 6:45:14 PM FingerPrint scan
INFO: Processing chunk : 1275068416
Dec 3, 2014 6:45:14 PM FingerPrint computeMagnitude
INFO: FingerPrint: :18194.0:39555.0:50404.0:122296.0:263619.0:550641.0:1102327.0:2238211.0:4396622.0:8947113.0 Result :1.7728982E7
Dec 3, 2014 6:45:14 PM FingerPrint scan
INFO: Processing chunk : 1291845632
Dec 3, 2014 6:45:14 PM FingerPrint computeMagnitude
INFO: FingerPrint: :10173.0:19549.0:34779.0:80073.0:152582.0:326826.0:649575.0:1312277.0:2583130.0:5130777.0 Result :1.0299741E7
Dec 3, 2014 6:45:14 PM FingerPrint scan
INFO: Processing chunk : 1308622848
Dec 3, 2014 6:45:14 PM FingerPrint computeMagnitude
INFO: FingerPrint: :1414.0:1423.0:2370.0:7281.0:15320.0:26416.0:53140.0:109676.0:214893.0:435370.0 Result :867303.0
Dec 3, 2014 6:45:14 PM FingerPrint scan
INFO: Processing chunk : 1325400064
Dec 3, 2014 6:45:14 PM FingerPrint computeMagnitude
INFO: FingerPrint: :11467.0:50052.0:122056.0:152997.0:411693.0:773285.0:1506489.0:3152888.0:6151686.0:1.2272221E7 Result :2.4604834E7
Dec 3, 2014 6:45:14 PM FingerPrint scan
INFO: Processing chunk : 1342177280
Dec 3, 2014 6:45:14 PM FingerPrint computeMagnitude
INFO: FingerPrint: :38512.0:55164.0:66298.0:158185.0:318252.0:560184.0:1318869.0:2483289.0:4953660.0:1.0114018E7 Result :2.0066431E7
Dec 3, 2014 6:45:14 PM FingerPrint scan
INFO: Processing chunk : 1358954496
Dec 3, 2014 6:45:14 PM FingerPrint computeMagnitude
INFO: FingerPrint: :8119.0:19565.0:29034.0:127727.0:230506.0:575736.0:972540.0:2026040.0:4055236.0:7740573.0 Result :1.5785076E7
Dec 3, 2014 6:45:14 PM FingerPrint scan
INFO: Processing chunk : 1375731712
Dec 3, 2014 6:45:14 PM FingerPrint computeMagnitude
INFO: FingerPrint: :7967.0:22136.0:44813.0:76019.0:192702.0:382701.0:649346.0:1296207.0:2662669.0:5107189.0 Result :1.0441749E7
Dec 3, 2014 6:45:14 PM FingerPrint scan
INFO: Processing chunk : 1392508928
Dec 3, 2014 6:45:14 PM FingerPrint computeMagnitude
INFO: FingerPrint: :10654.0:82636.0:73492.0:150286.0:413320.0:811291.0:1490184.0:3138261.0:6134407.0:1.2277442E7 Result :2.4581973E7
Dec 3, 2014 6:45:14 PM FingerPrint scan
INFO: Processing chunk : 1409286144
Dec 3, 2014 6:45:14 PM FingerPrint computeMagnitude
INFO: FingerPrint: :16234.0:37571.0:65931.0:139321.0:288594.0:539646.0:1101345.0:2302904.0:4477474.0:8951646.0 Result :1.7920666E7
Dec 3, 2014 6:45:14 PM FingerPrint scan
INFO: Processing chunk : 1426063360
Dec 3, 2014 6:45:14 PM FingerPrint computeMagnitude
INFO: FingerPrint: :6079.0:15096.0:37589.0:81725.0:151279.0:306257.0:638076.0:1382233.0:2755480.0:5332029.0 Result :1.0705843E7
Dec 3, 2014 6:45:14 PM FingerPrint scan
INFO: Processing chunk : 1442840576
Dec 3, 2014 6:45:14 PM FingerPrint computeMagnitude
INFO: FingerPrint: :360.0:2230.0:2754.0:6934.0:15391.0:25730.0:57658.0:108943.0:222098.0:442502.0 Result :884600.0
Dec 3, 2014 6:45:14 PM FingerPrint scan
INFO: Processing chunk : 1459617792
Dec 3, 2014 6:45:14 PM FingerPrint computeMagnitude
INFO: FingerPrint: :16072.0:34285.0:57694.0:147725.0:262773.0:543628.0:1051075.0:2124597.0:4221171.0:8440112.0 Result :1.6899132E7
Dec 3, 2014 6:45:14 PM FingerPrint scan
INFO: Processing chunk : 1476395008
Dec 3, 2014 6:45:14 PM FingerPrint computeMagnitude
INFO: FingerPrint: :12141.0:32659.0:60663.0:106059.0:247450.0:448869.0:931083.0:1818020.0:3626152.0:7358198.0 Result :1.4641294E7
Dec 3, 2014 6:45:14 PM FingerPrint scan
INFO: Processing chunk : 1493172224
Dec 3, 2014 6:45:14 PM FingerPrint computeMagnitude
INFO: FingerPrint: :7712.0:18337.0:28130.0:101451.0:175618.0:370704.0:678199.0:1395028.0:2704486.0:5507105.0 Result :1.098677E7
Dec 3, 2014 6:45:14 PM FingerPrint scan
INFO: Processing chunk : 1509949440
Dec 3, 2014 6:45:14 PM FingerPrint computeMagnitude
INFO: FingerPrint: :1435.0:1467.0:1558.0:7253.0:13731.0:23751.0:47557.0:94699.0:190753.0:383782.0 Result :765986.0
Dec 3, 2014 6:45:14 PM FingerPrint scan
INFO: Processing chunk : 1526726656
Dec 3, 2014 6:45:14 PM FingerPrint computeMagnitude
INFO: FingerPrint: :19863.0:42807.0:85010.0:127728.0:269352.0:537620.0:1013786.0:2127848.0:4206100.0:8395354.0 Result :1.6825468E7
Dec 3, 2014 6:45:14 PM FingerPrint scan
INFO: Processing chunk : 1543503872
Dec 3, 2014 6:45:14 PM FingerPrint computeMagnitude
INFO: FingerPrint: :5011.0:22427.0:107255.0:168693.0:373099.0:653737.0:1402737.0:2816262.0:5541093.0:1.1056808E7 Result :2.2147122E7
Dec 3, 2014 6:45:14 PM FingerPrint scan
INFO: Processing chunk : 1560281088
Dec 3, 2014 6:45:14 PM FingerPrint computeMagnitude
INFO: FingerPrint: :14546.0:20209.0:52510.0:106407.0:214135.0:359486.0:773958.0:1536756.0:2993446.0:6138524.0 Result :1.2209977E7
Dec 3, 2014 6:45:14 PM FingerPrint scan
INFO: Processing chunk : 1577058304
Dec 3, 2014 6:45:14 PM FingerPrint computeMagnitude
INFO: FingerPrint: :1474.0:4287.0:5812.0:21489.0:35639.0:77689.0:135338.0:343832.0:670295.0:1363781.0 Result :2659636.0
Dec 3, 2014 6:45:14 PM FingerPrint scan
INFO: Processing chunk : 1593835520
Dec 3, 2014 6:45:14 PM FingerPrint computeMagnitude
INFO: FingerPrint: :29632.0:34954.0:84538.0:172900.0:279325.0:620208.0:1316458.0:2549247.0:5144066.0:1.03058E7 Result :2.0537128E7
Dec 3, 2014 6:45:14 PM FingerPrint scan
INFO: Processing chunk : 1610612736
Dec 3, 2014 6:45:14 PM FingerPrint computeMagnitude
INFO: FingerPrint: :17189.0:26469.0:106290.0:131811.0:327066.0:649766.0:1250457.0:2629729.0:5114208.0:1.0236036E7 Result :2.0489021E7
Dec 3, 2014 6:45:14 PM FingerPrint scan
INFO: Processing chunk : 1627389952
Dec 3, 2014 6:45:14 PM FingerPrint computeMagnitude
INFO: FingerPrint: :17497.0:30921.0:57937.0:174388.0:298838.0:674192.0:1245827.0:2476702.0:5040721.0:9989776.0 Result :2.0006799E7
Dec 3, 2014 6:45:14 PM FingerPrint scan
INFO: Processing chunk : 1644167168
Dec 3, 2014 6:45:14 PM FingerPrint computeMagnitude
INFO: FingerPrint: :18710.0:37765.0:84820.0:130355.0:265180.0:549325.0:1161120.0:2273783.0:4579145.0:9128708.0 Result :1.8228911E7
Dec 3, 2014 6:45:14 PM FingerPrint scan
INFO: Processing chunk : 1660944384
Dec 3, 2014 6:45:14 PM FingerPrint computeMagnitude
INFO: FingerPrint: :10047.0:36772.0:38243.0:107949.0:223350.0:437575.0:850050.0:1710049.0:3358667.0:6770161.0 Result :1.3542863E7
Dec 3, 2014 6:45:14 PM FingerPrint scan
INFO: Processing chunk : 1677721600
Dec 3, 2014 6:45:14 PM FingerPrint computeMagnitude
INFO: FingerPrint: :8101.0:25307.0:30963.0:54305.0:127124.0:215189.0:522317.0:992491.0:1878871.0:3940689.0 Result :7795357.0
Dec 3, 2014 6:45:14 PM FingerPrint scan
INFO: Processing chunk : 1694498816
Dec 3, 2014 6:45:14 PM FingerPrint computeMagnitude
INFO: FingerPrint: :10307.0:50390.0:79881.0:171593.0:406637.0:712017.0:1406409.0:2894526.0:5707842.0:1.1372085E7 Result :2.2811687E7
Dec 3, 2014 6:45:14 PM FingerPrint scan
INFO: Processing chunk : 1711276032
Dec 3, 2014 6:45:14 PM FingerPrint computeMagnitude
INFO: FingerPrint: :43457.0:38905.0:56443.0:166517.0:354855.0:659726.0:1201360.0:2487886.0:5040785.0:1.0041641E7 Result :2.0091575E7
Dec 3, 2014 6:45:14 PM FingerPrint scan
INFO: Processing chunk : 1728053248
Dec 3, 2014 6:45:14 PM FingerPrint computeMagnitude
INFO: FingerPrint: :39120.0:38842.0:82315.0:165124.0:363784.0:708474.0:1460887.0:2830990.0:5491607.0:1.0910112E7 Result :2.2091255E7
Dec 3, 2014 6:45:14 PM FingerPrint scan
INFO: Processing chunk : 1744830464
Dec 3, 2014 6:45:14 PM FingerPrint computeMagnitude
INFO: FingerPrint: :21475.0:29526.0:51668.0:100166.0:206499.0:444768.0:877589.0:1696665.0:3253360.0:6526948.0 Result :1.3208664E7
Dec 3, 2014 6:45:14 PM FingerPrint scan
INFO: Processing chunk : 1761607680
Dec 3, 2014 6:45:14 PM FingerPrint computeMagnitude
INFO: FingerPrint: :17793.0:31426.0:63229.0:195268.0:312319.0:605126.0:1255634.0:2390718.0:4906586.0:9659790.0 Result :1.9437889E7
Dec 3, 2014 6:45:14 PM FingerPrint scan
INFO: Processing chunk : 1778384896
Dec 3, 2014 6:45:14 PM FingerPrint computeMagnitude
INFO: FingerPrint: :9048.0:23786.0:45279.0:78933.0:207063.0:401142.0:767688.0:1603601.0:3325892.0:6266529.0 Result :1.2728961E7
