Dec 3, 2014 6:34:42 PM AudioFileComparator fingerPrint
INFO: Trying to get fingerprint for file : /course/cs5500f14/Assignments/A5/z05.wav
Dec 3, 2014 6:34:43 PM FingerPrint scan
INFO: Processing chunk : 0
Dec 3, 2014 6:34:43 PM FingerPrint computeMagnitude
INFO: FingerPrint: :18619.0:47692.0:99493.0:255582.0:475562.0:904696.0:1864958.0:3685453.0:7351478.0:1.4721115E7 Result :2.9424648E7
Dec 3, 2014 6:34:43 PM FingerPrint scan
INFO: Processing chunk : 16777216
Dec 3, 2014 6:34:43 PM FingerPrint computeMagnitude
INFO: FingerPrint: :54055.0:57738.0:112302.0:242748.0:522960.0:939490.0:1887514.0:3906907.0:7653548.0:1.5360265E7 Result :3.0737527E7
Dec 3, 2014 6:34:43 PM FingerPrint scan
INFO: Processing chunk : 33554432
Dec 3, 2014 6:34:43 PM FingerPrint computeMagnitude
INFO: FingerPrint: :8241.0:91485.0:115363.0:250149.0:478839.0:992769.0:1993566.0:3904636.0:7962535.0:1.5844013E7 Result :3.1641596E7
Dec 3, 2014 6:34:43 PM FingerPrint scan
INFO: Processing chunk : 50331648
Dec 3, 2014 6:34:43 PM FingerPrint computeMagnitude
INFO: FingerPrint: :40614.0:68986.0:98371.0:249955.0:518367.0:982559.0:1959251.0:3965871.0:7887684.0:1.5753437E7 Result :3.1525095E7
Dec 3, 2014 6:34:43 PM FingerPrint scan
INFO: Processing chunk : 67108864
Dec 3, 2014 6:34:43 PM FingerPrint computeMagnitude
INFO: FingerPrint: :22286.0:75711.0:111198.0:235162.0:488728.0:933835.0:1903692.0:3797154.0:7613868.0:1.5252401E7 Result :3.0434035E7
Dec 3, 2014 6:34:43 PM FingerPrint scan
INFO: Processing chunk : 83886080
Dec 3, 2014 6:34:43 PM FingerPrint computeMagnitude
INFO: FingerPrint: :36088.0:52234.0:118599.0:211422.0:463824.0:867255.0:1827817.0:3631987.0:7268030.0:1.4548969E7 Result :2.9026225E7
Dec 3, 2014 6:34:43 PM FingerPrint scan
INFO: Processing chunk : 100663296
Dec 3, 2014 6:34:43 PM FingerPrint computeMagnitude
INFO: FingerPrint: :38054.0:60869.0:110022.0:216949.0:398138.0:862325.0:1681276.0:3409787.0:6819739.0:1.3586275E7 Result :2.7183434E7
Dec 3, 2014 6:34:43 PM FingerPrint scan
INFO: Processing chunk : 117440512
Dec 3, 2014 6:34:43 PM FingerPrint computeMagnitude
INFO: FingerPrint: :13359.0:33969.0:58823.0:128159.0:219545.0:500980.0:961146.0:1930596.0:3889769.0:7709446.0 Result :1.5445792E7
Dec 3, 2014 6:34:43 PM FingerPrint scan
INFO: Processing chunk : 134217728
Dec 3, 2014 6:34:43 PM FingerPrint computeMagnitude
INFO: FingerPrint: :10568.0:62137.0:116335.0:221570.0:382059.0:794105.0:1636789.0:3224662.0:6547925.0:1.3064964E7 Result :2.6061114E7
Dec 3, 2014 6:34:43 PM FingerPrint scan
INFO: Processing chunk : 150994944
Dec 3, 2014 6:34:43 PM FingerPrint computeMagnitude
INFO: FingerPrint: :35416.0:68912.0:99352.0:209098.0:425510.0:891501.0:1720878.0:3467838.0:6920312.0:1.3816819E7 Result :2.7655636E7
Dec 3, 2014 6:34:43 PM FingerPrint scan
INFO: Processing chunk : 167772160
Dec 3, 2014 6:34:43 PM FingerPrint computeMagnitude
INFO: FingerPrint: :27190.0:50653.0:94212.0:233360.0:482237.0:876514.0:1822591.0:3618280.0:7240451.0:1.4504152E7 Result :2.894964E7
Dec 3, 2014 6:34:43 PM FingerPrint scan
INFO: Processing chunk : 184549376
Dec 3, 2014 6:34:43 PM FingerPrint computeMagnitude
INFO: FingerPrint: :23679.0:77907.0:130101.0:218392.0:464773.0:944131.0:1873456.0:3769731.0:7546356.0:1.5091846E7 Result :3.0140372E7
Dec 3, 2014 6:34:43 PM FingerPrint scan
INFO: Processing chunk : 201326592
Dec 3, 2014 6:34:43 PM FingerPrint computeMagnitude
INFO: FingerPrint: :11540.0:50092.0:77174.0:252301.0:458284.0:926399.0:1722853.0:3496367.0:6997641.0:1.3858964E7 Result :2.7851615E7
Dec 3, 2014 6:34:43 PM FingerPrint scan
INFO: Processing chunk : 218103808
Dec 3, 2014 6:34:43 PM FingerPrint computeMagnitude
INFO: FingerPrint: :7748.0:53438.0:102817.0:266670.0:493206.0:942428.0:1905665.0:3765157.0:7553196.0:1.510631E7 Result :3.0196635E7
Dec 3, 2014 6:34:43 PM FingerPrint scan
INFO: Processing chunk : 234881024
Dec 3, 2014 6:34:43 PM FingerPrint computeMagnitude
INFO: FingerPrint: :35735.0:28570.0:79065.0:211922.0:421831.0:684799.0:1529652.0:3243931.0:6147513.0:1.243239E7 Result :2.4815408E7
Dec 3, 2014 6:34:43 PM FingerPrint scan
INFO: Processing chunk : 251658240
Dec 3, 2014 6:34:43 PM FingerPrint computeMagnitude
INFO: FingerPrint: :44800.0:61238.0:72619.0:209723.0:476804.0:907676.0:1816310.0:3678434.0:7267952.0:1.4599353E7 Result :2.9134909E7
Dec 3, 2014 6:34:43 PM FingerPrint scan
INFO: Processing chunk : 268435456
Dec 3, 2014 6:34:43 PM FingerPrint computeMagnitude
INFO: FingerPrint: :7818.0:37840.0:125095.0:212393.0:401941.0:863550.0:1733840.0:3263194.0:6651361.0:1.3315806E7 Result :2.6612838E7
Dec 3, 2014 6:34:43 PM FingerPrint scan
INFO: Processing chunk : 285212672
Dec 3, 2014 6:34:43 PM FingerPrint computeMagnitude
INFO: FingerPrint: :37498.0:28670.0:142525.0:200788.0:358191.0:667685.0:1453858.0:2810600.0:5737236.0:1.1517241E7 Result :2.2954292E7
Dec 3, 2014 6:34:43 PM FingerPrint scan
INFO: Processing chunk : 301989888
Dec 3, 2014 6:34:43 PM FingerPrint computeMagnitude
INFO: FingerPrint: :18467.0:60988.0:79552.0:164220.0:285716.0:641389.0:1252143.0:2465507.0:5019253.0:9992837.0 Result :1.9980072E7
Dec 3, 2014 6:34:43 PM FingerPrint scan
INFO: Processing chunk : 318767104
Dec 3, 2014 6:34:43 PM FingerPrint computeMagnitude
INFO: FingerPrint: :17469.0:12955.0:74896.0:149099.0:349782.0:466582.0:1197491.0:2237160.0:4429169.0:9099305.0 Result :1.8033908E7
Dec 3, 2014 6:34:43 PM FingerPrint scan
INFO: Processing chunk : 335544320
Dec 3, 2014 6:34:44 PM FingerPrint computeMagnitude
INFO: FingerPrint: :18157.0:27500.0:65706.0:101222.0:214424.0:551803.0:933876.0:1940195.0:3897235.0:7710794.0 Result :1.5460912E7
Dec 3, 2014 6:34:44 PM FingerPrint scan
INFO: Processing chunk : 352321536
Dec 3, 2014 6:34:44 PM FingerPrint computeMagnitude
INFO: FingerPrint: :29047.0:16658.0:85360.0:199530.0:401907.0:775824.0:1439440.0:2973073.0:5943853.0:1.1761745E7 Result :2.3626437E7
Dec 3, 2014 6:34:44 PM FingerPrint scan
INFO: Processing chunk : 369098752
Dec 3, 2014 6:34:44 PM FingerPrint computeMagnitude
INFO: FingerPrint: :12335.0:56149.0:57761.0:185534.0:326165.0:588954.0:1247277.0:2445548.0:4892681.0:9904625.0 Result :1.9717029E7
Dec 3, 2014 6:34:44 PM FingerPrint scan
INFO: Processing chunk : 385875968
Dec 3, 2014 6:34:44 PM FingerPrint computeMagnitude
INFO: FingerPrint: :31175.0:35008.0:51411.0:130216.0:359210.0:559487.0:1288737.0:2506348.0:4834456.0:9874972.0 Result :1.967102E7
Dec 3, 2014 6:34:44 PM FingerPrint scan
INFO: Processing chunk : 402653184
Dec 3, 2014 6:34:44 PM FingerPrint computeMagnitude
INFO: FingerPrint: :16046.0:57052.0:73137.0:178918.0:391831.0:776506.0:1513920.0:3070612.0:6119227.0:1.223706E7 Result :2.4434309E7
Dec 3, 2014 6:34:44 PM FingerPrint scan
INFO: Processing chunk : 419430400
Dec 3, 2014 6:34:44 PM FingerPrint computeMagnitude
INFO: FingerPrint: :23807.0:65840.0:58338.0:170888.0:391169.0:647816.0:1423251.0:2843220.0:5612333.0:1.1331926E7 Result :2.2568588E7
Dec 3, 2014 6:34:44 PM FingerPrint scan
INFO: Processing chunk : 436207616
Dec 3, 2014 6:34:44 PM FingerPrint computeMagnitude
INFO: FingerPrint: :21793.0:46798.0:101349.0:112847.0:339066.0:577984.0:1126223.0:2452190.0:4766190.0:9472985.0 Result :1.9017425E7
Dec 3, 2014 6:34:44 PM FingerPrint scan
INFO: Processing chunk : 452984832
Dec 3, 2014 6:34:44 PM FingerPrint computeMagnitude
INFO: FingerPrint: :16256.0:44314.0:54256.0:156126.0:325946.0:593882.0:1283328.0:2397577.0:4793744.0:9690648.0 Result :1.9356077E7
Dec 3, 2014 6:34:44 PM FingerPrint scan
INFO: Processing chunk : 469762048
Dec 3, 2014 6:34:44 PM FingerPrint computeMagnitude
INFO: FingerPrint: :38998.0:65373.0:81306.0:166394.0:373987.0:695454.0:1483694.0:2842733.0:5693650.0:1.1507924E7 Result :2.2949513E7
Dec 3, 2014 6:34:44 PM FingerPrint scan
INFO: Processing chunk : 486539264
Dec 3, 2014 6:34:44 PM FingerPrint computeMagnitude
INFO: FingerPrint: :25993.0:21423.0:96560.0:222209.0:411544.0:755948.0:1551358.0:2956968.0:6008933.0:1.2201775E7 Result :2.4252711E7
Dec 3, 2014 6:34:44 PM FingerPrint scan
INFO: Processing chunk : 503316480
Dec 3, 2014 6:34:44 PM FingerPrint computeMagnitude
INFO: FingerPrint: :16909.0:37794.0:86893.0:188875.0:334966.0:770771.0:1475162.0:3045411.0:6013167.0:1.1816864E7 Result :2.3786812E7
Dec 3, 2014 6:34:44 PM FingerPrint scan
INFO: Processing chunk : 520093696
Dec 3, 2014 6:34:44 PM FingerPrint computeMagnitude
INFO: FingerPrint: :25558.0:56020.0:122544.0:174768.0:322463.0:537309.0:1303871.0:2607418.0:5168142.0:1.0467987E7 Result :2.078608E7
Dec 3, 2014 6:34:44 PM FingerPrint scan
INFO: Processing chunk : 536870912
Dec 3, 2014 6:34:44 PM FingerPrint computeMagnitude
INFO: FingerPrint: :40944.0:17811.0:41237.0:154847.0:360754.0:654947.0:1379803.0:2614509.0:5213530.0:1.062591E7 Result :2.1104292E7
Dec 3, 2014 6:34:44 PM FingerPrint scan
INFO: Processing chunk : 553648128
Dec 3, 2014 6:34:44 PM FingerPrint computeMagnitude
INFO: FingerPrint: :17749.0:39889.0:25237.0:161232.0:262199.0:653489.0:1047013.0:2275480.0:4545732.0:8845991.0 Result :1.7874011E7
Dec 3, 2014 6:34:44 PM FingerPrint scan
INFO: Processing chunk : 570425344
Dec 3, 2014 6:34:44 PM FingerPrint computeMagnitude
INFO: FingerPrint: :18812.0:54665.0:77232.0:169253.0:388578.0:739028.0:1508610.0:3007431.0:5985447.0:1.1966944E7 Result :2.3916E7
Dec 3, 2014 6:34:44 PM FingerPrint scan
INFO: Processing chunk : 587202560
Dec 3, 2014 6:34:44 PM FingerPrint computeMagnitude
INFO: FingerPrint: :17835.0:25467.0:106342.0:186161.0:400256.0:737691.0:1374820.0:2800509.0:5577906.0:1.1219827E7 Result :2.2446814E7
Dec 3, 2014 6:34:44 PM FingerPrint scan
INFO: Processing chunk : 603979776
Dec 3, 2014 6:34:44 PM FingerPrint computeMagnitude
INFO: FingerPrint: :20455.0:29915.0:85381.0:206143.0:368961.0:663549.0:1420404.0:2799979.0:5537142.0:1.120194E7 Result :2.2333869E7
Dec 3, 2014 6:34:44 PM FingerPrint scan
INFO: Processing chunk : 620756992
Dec 3, 2014 6:34:44 PM FingerPrint computeMagnitude
INFO: FingerPrint: :33339.0:43276.0:95281.0:163184.0:374712.0:784878.0:1461299.0:2976815.0:5971621.0:1.188017E7 Result :2.3784575E7
Dec 3, 2014 6:34:44 PM FingerPrint scan
INFO: Processing chunk : 637534208
Dec 3, 2014 6:34:44 PM FingerPrint computeMagnitude
INFO: FingerPrint: :36307.0:35548.0:92590.0:193256.0:378432.0:751794.0:1541579.0:3169637.0:6139343.0:1.2331247E7 Result :2.4669733E7
Dec 3, 2014 6:34:44 PM FingerPrint scan
INFO: Processing chunk : 654311424
Dec 3, 2014 6:34:44 PM FingerPrint computeMagnitude
INFO: FingerPrint: :14229.0:49965.0:57357.0:187870.0:309766.0:760026.0:1366406.0:2733981.0:5480279.0:1.0914382E7 Result :2.1874261E7
Dec 3, 2014 6:34:44 PM FingerPrint scan
INFO: Processing chunk : 671088640
Dec 3, 2014 6:34:44 PM FingerPrint computeMagnitude
INFO: FingerPrint: :10943.0:42233.0:98808.0:131632.0:328391.0:666499.0:1284185.0:2572648.0:5174762.0:1.0343336E7 Result :2.0653437E7
Dec 3, 2014 6:34:44 PM FingerPrint scan
INFO: Processing chunk : 687865856
Dec 3, 2014 6:34:44 PM FingerPrint computeMagnitude
INFO: FingerPrint: :20687.0:57540.0:38804.0:146093.0:237390.0:519203.0:1070693.0:2061894.0:4180694.0:8323043.0 Result :1.6656041E7
Dec 3, 2014 6:34:44 PM FingerPrint scan
INFO: Processing chunk : 704643072
Dec 3, 2014 6:34:44 PM FingerPrint computeMagnitude
INFO: FingerPrint: :12967.0:72569.0:76821.0:168683.0:404920.0:666885.0:1382876.0:2878514.0:5576015.0:1.132417E7 Result :2.256442E7
Dec 3, 2014 6:34:44 PM FingerPrint scan
INFO: Processing chunk : 721420288
Dec 3, 2014 6:34:44 PM FingerPrint computeMagnitude
INFO: FingerPrint: :20445.0:56916.0:58244.0:221003.0:405887.0:636382.0:1354949.0:2673896.0:5365949.0:1.0940193E7 Result :2.1733864E7
Dec 3, 2014 6:34:44 PM FingerPrint scan
INFO: Processing chunk : 738197504
Dec 3, 2014 6:34:44 PM FingerPrint computeMagnitude
INFO: FingerPrint: :21533.0:28757.0:67091.0:147211.0:279956.0:719567.0:1247843.0:2531284.0:5087186.0:9981930.0 Result :2.0112358E7
Dec 3, 2014 6:34:44 PM FingerPrint scan
INFO: Processing chunk : 754974720
Dec 3, 2014 6:34:44 PM FingerPrint computeMagnitude
INFO: FingerPrint: :39348.0:64279.0:87396.0:190190.0:320297.0:576047.0:1287795.0:2566055.0:5228927.0:1.0548374E7 Result :2.0908708E7
Dec 3, 2014 6:34:44 PM FingerPrint scan
INFO: Processing chunk : 771751936
Dec 3, 2014 6:34:44 PM FingerPrint computeMagnitude
INFO: FingerPrint: :26661.0:54652.0:66110.0:171705.0:348841.0:686751.0:1368195.0:2703423.0:5352070.0:1.0785503E7 Result :2.1563911E7
Dec 3, 2014 6:34:44 PM FingerPrint scan
INFO: Processing chunk : 788529152
Dec 3, 2014 6:34:44 PM FingerPrint computeMagnitude
INFO: FingerPrint: :22163.0:61163.0:55061.0:128819.0:365839.0:633215.0:1311008.0:2533293.0:5085648.0:1.0167553E7 Result :2.0363762E7
Dec 3, 2014 6:34:44 PM FingerPrint scan
INFO: Processing chunk : 805306368
Dec 3, 2014 6:34:44 PM FingerPrint computeMagnitude
INFO: FingerPrint: :46702.0:88565.0:93763.0:180372.0:427526.0:828379.0:1702784.0:3371348.0:6680214.0:1.3456709E7 Result :2.6876362E7
Dec 3, 2014 6:34:44 PM FingerPrint scan
INFO: Processing chunk : 822083584
Dec 3, 2014 6:34:44 PM FingerPrint computeMagnitude
INFO: FingerPrint: :37747.0:42666.0:75533.0:209195.0:395980.0:709906.0:1485741.0:3080367.0:6011584.0:1.2122447E7 Result :2.4171166E7
Dec 3, 2014 6:34:44 PM FingerPrint scan
INFO: Processing chunk : 838860800
Dec 3, 2014 6:34:44 PM FingerPrint computeMagnitude
INFO: FingerPrint: :28255.0:24118.0:112067.0:209901.0:377369.0:767013.0:1585911.0:3227163.0:6312151.0:1.2639871E7 Result :2.5283819E7
Dec 3, 2014 6:34:44 PM FingerPrint scan
INFO: Processing chunk : 855638016
Dec 3, 2014 6:34:44 PM FingerPrint computeMagnitude
INFO: FingerPrint: :19996.0:43758.0:125175.0:223698.0:464438.0:803722.0:1736129.0:3447477.0:6811639.0:1.3876621E7 Result :2.7552653E7
Dec 3, 2014 6:34:44 PM FingerPrint scan
INFO: Processing chunk : 872415232
Dec 3, 2014 6:34:44 PM FingerPrint computeMagnitude
INFO: FingerPrint: :6278.0:25071.0:98575.0:190783.0:341624.0:751906.0:1538220.0:2945882.0:5863840.0:1.1726428E7 Result :2.3488607E7
Dec 3, 2014 6:34:44 PM FingerPrint scan
INFO: Processing chunk : 889192448
Dec 3, 2014 6:34:44 PM FingerPrint computeMagnitude
INFO: FingerPrint: :25609.0:58437.0:64503.0:157880.0:363726.0:656950.0:1388605.0:2712575.0:5403862.0:1.0780144E7 Result :2.1612291E7
Dec 3, 2014 6:34:44 PM FingerPrint scan
INFO: Processing chunk : 905969664
Dec 3, 2014 6:34:44 PM FingerPrint computeMagnitude
INFO: FingerPrint: :21995.0:11464.0:88531.0:181303.0:275268.0:620499.0:1259459.0:2464467.0:4970207.0:9815780.0 Result :1.9708973E7
Dec 3, 2014 6:34:44 PM FingerPrint scan
INFO: Processing chunk : 922746880
Dec 3, 2014 6:34:44 PM FingerPrint computeMagnitude
INFO: FingerPrint: :53614.0:33393.0:140961.0:177183.0:410046.0:797643.0:1573458.0:3247676.0:6488171.0:1.3028022E7 Result :2.5950167E7
Dec 3, 2014 6:34:44 PM FingerPrint scan
INFO: Processing chunk : 939524096
Dec 3, 2014 6:34:44 PM FingerPrint computeMagnitude
INFO: FingerPrint: :12580.0:57681.0:78775.0:167913.0:385889.0:818581.0:1438273.0:2943206.0:5976864.0:1.1817044E7 Result :2.3696806E7
Dec 3, 2014 6:34:44 PM FingerPrint scan
INFO: Processing chunk : 956301312
Dec 3, 2014 6:34:44 PM FingerPrint computeMagnitude
INFO: FingerPrint: :49920.0:37919.0:76432.0:228699.0:366882.0:650477.0:1402339.0:2772909.0:5579842.0:1.1393161E7 Result :2.255858E7
Dec 3, 2014 6:34:44 PM FingerPrint scan
INFO: Processing chunk : 973078528
Dec 3, 2014 6:34:44 PM FingerPrint computeMagnitude
INFO: FingerPrint: :24925.0:44432.0:64313.0:126217.0:350133.0:690858.0:1364111.0:2755639.0:5358614.0:1.0625772E7 Result :2.1405014E7
Dec 3, 2014 6:34:44 PM FingerPrint scan
INFO: Processing chunk : 989855744
Dec 3, 2014 6:34:44 PM FingerPrint computeMagnitude
INFO: FingerPrint: :36990.0:56429.0:52075.0:187195.0:350942.0:612768.0:1305500.0:2621082.0:5224473.0:1.0551454E7 Result :2.0998908E7
Dec 3, 2014 6:34:44 PM FingerPrint scan
INFO: Processing chunk : 1006632960
Dec 3, 2014 6:34:44 PM FingerPrint computeMagnitude
INFO: FingerPrint: :30065.0:35498.0:71627.0:133811.0:318182.0:570691.0:1147657.0:2374076.0:4735341.0:9441568.0 Result :1.8858516E7
Dec 3, 2014 6:34:44 PM FingerPrint scan
INFO: Processing chunk : 1023410176
Dec 3, 2014 6:34:44 PM FingerPrint computeMagnitude
INFO: FingerPrint: :25595.0:39397.0:90736.0:166659.0:337139.0:729908.0:1473466.0:3030255.0:5867713.0:1.1641348E7 Result :2.3402216E7
Dec 3, 2014 6:34:44 PM FingerPrint scan
INFO: Processing chunk : 1040187392
Dec 3, 2014 6:34:44 PM FingerPrint computeMagnitude
INFO: FingerPrint: :35684.0:63768.0:105887.0:178752.0:376022.0:739466.0:1532032.0:3021023.0:6048026.0:1.2163482E7 Result :2.4264142E7
Dec 3, 2014 6:34:44 PM FingerPrint scan
INFO: Processing chunk : 1056964608
Dec 3, 2014 6:34:44 PM FingerPrint computeMagnitude
INFO: FingerPrint: :34432.0:52618.0:99988.0:154184.0:424343.0:884521.0:1627353.0:3373367.0:6679729.0:1.3209047E7 Result :2.6539582E7
Dec 3, 2014 6:34:44 PM FingerPrint scan
INFO: Processing chunk : 1073741824
Dec 3, 2014 6:34:44 PM FingerPrint computeMagnitude
INFO: FingerPrint: :22901.0:72481.0:89071.0:275566.0:441570.0:843997.0:1750346.0:3546958.0:7135634.0:1.4226315E7 Result :2.8404839E7
Dec 3, 2014 6:34:44 PM FingerPrint scan
INFO: Processing chunk : 1090519040
Dec 3, 2014 6:34:44 PM FingerPrint computeMagnitude
INFO: FingerPrint: :20222.0:65077.0:93961.0:241975.0:476500.0:886029.0:1864642.0:3586759.0:7238082.0:1.4493076E7 Result :2.8966323E7
Dec 3, 2014 6:34:44 PM FingerPrint scan
INFO: Processing chunk : 1107296256
Dec 3, 2014 6:34:44 PM FingerPrint computeMagnitude
INFO: FingerPrint: :41934.0:27472.0:91712.0:206711.0:390035.0:748238.0:1522256.0:3174398.0:6216981.0:1.2501566E7 Result :2.4921303E7
Dec 3, 2014 6:34:44 PM FingerPrint scan
INFO: Processing chunk : 1124073472
Dec 3, 2014 6:34:44 PM FingerPrint computeMagnitude
INFO: FingerPrint: :9344.0:60526.0:103944.0:166310.0:384593.0:724445.0:1448822.0:2828626.0:5763683.0:1.1590062E7 Result :2.3080355E7
Dec 3, 2014 6:34:44 PM FingerPrint scan
INFO: Processing chunk : 1140850688
Dec 3, 2014 6:34:44 PM FingerPrint computeMagnitude
INFO: FingerPrint: :25262.0:19669.0:126053.0:200028.0:333796.0:735010.0:1365812.0:2772359.0:5686860.0:1.137455E7 Result :2.2639399E7
Dec 3, 2014 6:34:44 PM FingerPrint scan
INFO: Processing chunk : 1157627904
Dec 3, 2014 6:34:44 PM FingerPrint computeMagnitude
INFO: FingerPrint: :14901.0:31011.0:95431.0:197299.0:363591.0:700949.0:1403484.0:2876347.0:5713158.0:1.1457879E7 Result :2.285405E7
Dec 3, 2014 6:34:44 PM FingerPrint scan
INFO: Processing chunk : 1174405120
Dec 3, 2014 6:34:44 PM FingerPrint computeMagnitude
INFO: FingerPrint: :25911.0:77904.0:93745.0:178617.0:433101.0:730385.0:1451971.0:3139678.0:6069730.0:1.2088229E7 Result :2.4289271E7
Dec 3, 2014 6:34:44 PM FingerPrint scan
INFO: Processing chunk : 1191182336
Dec 3, 2014 6:34:44 PM FingerPrint computeMagnitude
INFO: FingerPrint: :44263.0:28118.0:100495.0:168504.0:384377.0:719230.0:1509553.0:2991952.0:5930979.0:1.1881094E7 Result :2.3758565E7
Dec 3, 2014 6:34:44 PM FingerPrint scan
INFO: Processing chunk : 1207959552
Dec 3, 2014 6:34:44 PM FingerPrint computeMagnitude
INFO: FingerPrint: :17629.0:57254.0:67403.0:220552.0:377561.0:729989.0:1627470.0:3090406.0:6173009.0:1.2426461E7 Result :2.4787734E7
Dec 3, 2014 6:34:44 PM FingerPrint scan
INFO: Processing chunk : 1224736768
Dec 3, 2014 6:34:44 PM FingerPrint computeMagnitude
INFO: FingerPrint: :41622.0:44522.0:102740.0:193730.0:390966.0:814162.0:1591262.0:3197046.0:6365080.0:1.2730722E7 Result :2.5471852E7
Dec 3, 2014 6:34:44 PM FingerPrint scan
INFO: Processing chunk : 1241513984
Dec 3, 2014 6:34:44 PM FingerPrint computeMagnitude
INFO: FingerPrint: :41161.0:31523.0:66928.0:247712.0:419584.0:667839.0:1541698.0:2937139.0:5880994.0:1.1876995E7 Result :2.3711573E7
Dec 3, 2014 6:34:44 PM FingerPrint scan
INFO: Processing chunk : 1258291200
Dec 3, 2014 6:34:44 PM FingerPrint computeMagnitude
INFO: FingerPrint: :29163.0:52899.0:79114.0:193190.0:334569.0:670998.0:1440544.0:2820362.0:5646581.0:1.1278063E7 Result :2.2545483E7
Dec 3, 2014 6:34:44 PM FingerPrint scan
INFO: Processing chunk : 1275068416
Dec 3, 2014 6:34:44 PM FingerPrint computeMagnitude
INFO: FingerPrint: :23292.0:44505.0:47515.0:141993.0:286569.0:619788.0:1142157.0:2378546.0:4764071.0:9425553.0 Result :1.8873989E7
Dec 3, 2014 6:34:44 PM FingerPrint scan
INFO: Processing chunk : 1291845632
Dec 3, 2014 6:34:44 PM FingerPrint computeMagnitude
INFO: FingerPrint: :58704.0:61325.0:142573.0:315821.0:639101.0:1232492.0:2437566.0:4854302.0:9771847.0:1.9598954E7 Result :3.9112685E7
Dec 3, 2014 6:34:44 PM FingerPrint scan
INFO: Processing chunk : 1308622848
Dec 3, 2014 6:34:44 PM FingerPrint computeMagnitude
INFO: FingerPrint: :24650.0:34531.0:83144.0:128320.0:293851.0:667102.0:1343951.0:2637416.0:5317242.0:1.0537756E7 Result :2.1067963E7
Dec 3, 2014 6:34:44 PM FingerPrint scan
INFO: Processing chunk : 1325400064
Dec 3, 2014 6:34:44 PM FingerPrint computeMagnitude
INFO: FingerPrint: :33209.0:76712.0:126513.0:184599.0:470933.0:856009.0:1825171.0:3725812.0:7296297.0:1.4599055E7 Result :2.919431E7
Dec 3, 2014 6:34:44 PM FingerPrint scan
INFO: Processing chunk : 1342177280
Dec 3, 2014 6:34:44 PM FingerPrint computeMagnitude
INFO: FingerPrint: :25285.0:63939.0:88931.0:251025.0:384956.0:888750.0:1668613.0:3412180.0:6772188.0:1.3533622E7 Result :2.7089489E7
Dec 3, 2014 6:34:44 PM FingerPrint scan
INFO: Processing chunk : 1358954496
Dec 3, 2014 6:34:44 PM FingerPrint computeMagnitude
INFO: FingerPrint: :36125.0:58084.0:139473.0:224776.0:432044.0:988684.0:1922531.0:3798965.0:7573350.0:1.5099825E7 Result :3.0273857E7
Dec 3, 2014 6:34:44 PM FingerPrint scan
INFO: Processing chunk : 1375731712
Dec 3, 2014 6:34:44 PM FingerPrint computeMagnitude
INFO: FingerPrint: :5397.0:26105.0:96898.0:130740.0:312505.0:577166.0:1068599.0:2283810.0:4561730.0:9022883.0 Result :1.8085833E7
Dec 3, 2014 6:34:44 PM FingerPrint scan
INFO: Processing chunk : 1392508928
Dec 3, 2014 6:34:44 PM FingerPrint computeMagnitude
INFO: FingerPrint: :22463.0:36420.0:87424.0:170145.0:354998.0:800858.0:1497779.0:2869820.0:5894643.0:1.1549065E7 Result :2.3283615E7
Dec 3, 2014 6:34:44 PM FingerPrint scan
INFO: Processing chunk : 1409286144
Dec 3, 2014 6:34:44 PM FingerPrint computeMagnitude
INFO: FingerPrint: :28786.0:49458.0:81815.0:177761.0:273440.0:607181.0:1278655.0:2435817.0:4909734.0:9923624.0 Result :1.9766271E7
Dec 3, 2014 6:34:44 PM FingerPrint scan
INFO: Processing chunk : 1426063360
Dec 3, 2014 6:34:44 PM FingerPrint computeMagnitude
INFO: FingerPrint: :28763.0:39778.0:61757.0:137183.0:242597.0:630384.0:1241428.0:2438228.0:4885104.0:9662935.0 Result :1.9368157E7
Dec 3, 2014 6:34:44 PM FingerPrint scan
INFO: Processing chunk : 1442840576
Dec 3, 2014 6:34:44 PM FingerPrint computeMagnitude
INFO: FingerPrint: :26603.0:9450.0:74743.0:133122.0:279998.0:597129.0:1168275.0:2273659.0:4629157.0:9125448.0 Result :1.8317584E7
Dec 3, 2014 6:34:44 PM FingerPrint scan
INFO: Processing chunk : 1459617792
Dec 3, 2014 6:34:44 PM FingerPrint computeMagnitude
INFO: FingerPrint: :17080.0:22893.0:52632.0:148196.0:377216.0:730613.0:1411041.0:2737289.0:5488471.0:1.0928414E7 Result :2.1913845E7
Dec 3, 2014 6:34:44 PM FingerPrint scan
INFO: Processing chunk : 1476395008
Dec 3, 2014 6:34:44 PM FingerPrint computeMagnitude
INFO: FingerPrint: :21479.0:43373.0:86006.0:184031.0:336249.0:649371.0:1323946.0:2764982.0:5363832.0:1.0882941E7 Result :2.165621E7
Dec 3, 2014 6:34:44 PM FingerPrint scan
INFO: Processing chunk : 1493172224
Dec 3, 2014 6:34:44 PM FingerPrint computeMagnitude
INFO: FingerPrint: :9110.0:33128.0:58820.0:59952.0:218962.0:318671.0:735929.0:1670907.0:3030370.0:6136491.0 Result :1.227234E7
Dec 3, 2014 6:34:44 PM FingerPrint scan
INFO: Processing chunk : 1509949440
Dec 3, 2014 6:34:44 PM FingerPrint computeMagnitude
INFO: FingerPrint: :8499.0:15225.0:41178.0:99305.0:234321.0:421399.0:796322.0:1732734.0:3252973.0:6614763.0 Result :1.3216719E7
Dec 3, 2014 6:34:44 PM FingerPrint scan
INFO: Processing chunk : 1526726656
Dec 3, 2014 6:34:44 PM FingerPrint computeMagnitude
INFO: FingerPrint: :13939.0:41237.0:67246.0:146951.0:276107.0:548064.0:1064111.0:2162801.0:4315262.0:8708261.0 Result :1.7343979E7
Dec 3, 2014 6:34:44 PM FingerPrint scan
INFO: Processing chunk : 1543503872
Dec 3, 2014 6:34:44 PM FingerPrint computeMagnitude
INFO: FingerPrint: :19681.0:17149.0:76191.0:180682.0:323533.0:745532.0:1413546.0:2734176.0:5478216.0:1.0906482E7 Result :2.1895188E7
Dec 3, 2014 6:34:44 PM FingerPrint scan
INFO: Processing chunk : 1560281088
Dec 3, 2014 6:34:44 PM FingerPrint computeMagnitude
INFO: FingerPrint: :14570.0:64654.0:64553.0:139378.0:352715.0:676999.0:1417755.0:2794835.0:5557640.0:1.1134561E7 Result :2.221766E7
Dec 3, 2014 6:34:44 PM FingerPrint scan
INFO: Processing chunk : 1577058304
Dec 3, 2014 6:34:44 PM FingerPrint computeMagnitude
INFO: FingerPrint: :18790.0:67424.0:118904.0:174302.0:353857.0:922086.0:1544188.0:3172625.0:6401791.0:1.2537549E7 Result :2.5311516E7
Dec 3, 2014 6:34:44 PM FingerPrint scan
INFO: Processing chunk : 1593835520
Dec 3, 2014 6:34:44 PM FingerPrint computeMagnitude
INFO: FingerPrint: :46045.0:43401.0:85055.0:240749.0:358727.0:728518.0:1425644.0:2916862.0:5874337.0:1.1774328E7 Result :2.3493666E7
Dec 3, 2014 6:34:44 PM FingerPrint scan
INFO: Processing chunk : 1610612736
Dec 3, 2014 6:34:44 PM FingerPrint computeMagnitude
INFO: FingerPrint: :10976.0:23159.0:17794.0:48611.0:139145.0:239585.0:488044.0:1007642.0:1951472.0:3916087.0 Result :7842515.0
Dec 3, 2014 6:34:44 PM FingerPrint scan
INFO: Processing chunk : 1627389952
Dec 3, 2014 6:34:44 PM FingerPrint computeMagnitude
INFO: FingerPrint: :2934.0:11076.0:23976.0:29218.0:81372.0:175182.0:336467.0:684136.0:1341943.0:2655684.0 Result :5341988.0
Dec 3, 2014 6:34:44 PM FingerPrint scan
INFO: Processing chunk : 1644167168
Dec 3, 2014 6:34:44 PM FingerPrint computeMagnitude
INFO: FingerPrint: :28995.0:39807.0:81468.0:169707.0:327941.0:578608.0:1211989.0:2521223.0:4987487.0:1.0003075E7 Result :1.99503E7
Dec 3, 2014 6:34:44 PM FingerPrint scan
INFO: Processing chunk : 1660944384
Dec 3, 2014 6:34:44 PM FingerPrint computeMagnitude
INFO: FingerPrint: :17679.0:60332.0:72156.0:154302.0:270718.0:543155.0:1220687.0:2355406.0:4738652.0:9469911.0 Result :1.8902998E7
Dec 3, 2014 6:34:44 PM FingerPrint scan
INFO: Processing chunk : 1677721600
Dec 3, 2014 6:34:44 PM FingerPrint computeMagnitude
INFO: FingerPrint: :27228.0:43079.0:62435.0:127785.0:316588.0:631676.0:1196006.0:2423879.0:4848604.0:9647880.0 Result :1.932516E7
Dec 3, 2014 6:34:44 PM FingerPrint scan
INFO: Processing chunk : 1694498816
Dec 3, 2014 6:34:44 PM FingerPrint computeMagnitude
INFO: FingerPrint: :7623.0:5971.0:21516.0:65395.0:118906.0:198227.0:455025.0:868920.0:1740245.0:3535327.0 Result :7017155.0
Dec 3, 2014 6:34:44 PM FingerPrint scan
INFO: Processing chunk : 1711276032
Dec 3, 2014 6:34:44 PM FingerPrint computeMagnitude
INFO: FingerPrint: :8732.0:36817.0:21114.0:80456.0:162561.0:319255.0:664884.0:1294000.0:2585555.0:5172810.0 Result :1.0346184E7
Dec 3, 2014 6:34:44 PM FingerPrint scan
INFO: Processing chunk : 1728053248
Dec 3, 2014 6:34:44 PM FingerPrint computeMagnitude
INFO: FingerPrint: :12683.0:52996.0:66664.0:153404.0:340048.0:683584.0:1339214.0:2663638.0:5347756.0:1.0612792E7 Result :2.1272779E7
Dec 3, 2014 6:34:44 PM FingerPrint scan
INFO: Processing chunk : 1744830464
Dec 3, 2014 6:34:44 PM FingerPrint computeMagnitude
INFO: FingerPrint: :12134.0:26580.0:26114.0:89931.0:149466.0:280436.0:589082.0:1174584.0:2357185.0:4756090.0 Result :9461602.0
Dec 3, 2014 6:34:44 PM FingerPrint scan
INFO: Processing chunk : 1761607680
Dec 3, 2014 6:34:44 PM FingerPrint computeMagnitude
INFO: FingerPrint: :22003.0:51793.0:76596.0:172311.0:314286.0:708340.0:1342060.0:2643463.0:5328541.0:1.0637725E7 Result :2.1297118E7
Dec 3, 2014 6:34:44 PM FingerPrint scan
INFO: Processing chunk : 1778384896
Dec 3, 2014 6:34:44 PM FingerPrint computeMagnitude
INFO: FingerPrint: :21522.0:47713.0:59159.0:181720.0:303640.0:631970.0:1377609.0:2648539.0:5216797.0:1.0582759E7 Result :2.1071428E7
Dec 3, 2014 6:34:44 PM AudioFileComparator fingerPrint
INFO: Trying to get fingerprint for file : /course/cs5500f14/Assignments/A5/z03.wav
Dec 3, 2014 6:34:45 PM FingerPrint scan
INFO: Processing chunk : 0
Dec 3, 2014 6:34:45 PM FingerPrint computeMagnitude
INFO: FingerPrint: :27017.0:42929.0:71445.0:132263.0:330222.0:501516.0:1076605.0:2210757.0:4467518.0:8936479.0 Result :1.7796751E7
Dec 3, 2014 6:34:45 PM FingerPrint scan
INFO: Processing chunk : 16777216
Dec 3, 2014 6:34:45 PM FingerPrint computeMagnitude
INFO: FingerPrint: :24679.0:36440.0:55678.0:82969.0:177988.0:359742.0:696788.0:1403694.0:2893306.0:5655243.0 Result :1.1386527E7
Dec 3, 2014 6:34:45 PM FingerPrint scan
INFO: Processing chunk : 33554432
Dec 3, 2014 6:34:45 PM FingerPrint computeMagnitude
INFO: FingerPrint: :18811.0:62436.0:93966.0:165854.0:389187.0:697781.0:1442563.0:2855097.0:5694650.0:1.1481357E7 Result :2.2901702E7
Dec 3, 2014 6:34:45 PM FingerPrint scan
INFO: Processing chunk : 50331648
Dec 3, 2014 6:34:45 PM FingerPrint computeMagnitude
INFO: FingerPrint: :27938.0:38289.0:144512.0:205700.0:432483.0:852023.0:1625005.0:3345066.0:6695310.0:1.3281308E7 Result :2.6647634E7
Dec 3, 2014 6:34:45 PM FingerPrint scan
INFO: Processing chunk : 67108864
Dec 3, 2014 6:34:45 PM FingerPrint computeMagnitude
INFO: FingerPrint: :28263.0:54411.0:82112.0:122590.0:354413.0:683349.0:1378573.0:2794398.0:5510890.0:1.1092565E7 Result :2.2101564E7
Dec 3, 2014 6:34:45 PM FingerPrint scan
INFO: Processing chunk : 83886080
Dec 3, 2014 6:34:45 PM FingerPrint computeMagnitude
INFO: FingerPrint: :3287.0:44010.0:112102.0:208765.0:418783.0:777775.0:1595062.0:3211271.0:6445467.0:1.2967851E7 Result :2.5784373E7
Dec 3, 2014 6:34:45 PM FingerPrint scan
INFO: Processing chunk : 100663296
Dec 3, 2014 6:34:45 PM FingerPrint computeMagnitude
INFO: FingerPrint: :38501.0:68796.0:98955.0:242615.0:417326.0:781854.0:1648971.0:3162051.0:6547994.0:1.2980709E7 Result :2.5987772E7
Dec 3, 2014 6:34:45 PM FingerPrint scan
INFO: Processing chunk : 117440512
Dec 3, 2014 6:34:45 PM FingerPrint computeMagnitude
INFO: FingerPrint: :6619.0:9696.0:41398.0:100299.0:151784.0:376109.0:651217.0:1517786.0:2841673.0:5728768.0 Result :1.1425349E7
Dec 3, 2014 6:34:45 PM FingerPrint scan
INFO: Processing chunk : 134217728
Dec 3, 2014 6:34:45 PM FingerPrint computeMagnitude
INFO: FingerPrint: :6925.0:50104.0:70951.0:146724.0:249051.0:601746.0:1128758.0:2305728.0:4694108.0:9130891.0 Result :1.8384986E7
Dec 3, 2014 6:34:45 PM FingerPrint scan
INFO: Processing chunk : 150994944
Dec 3, 2014 6:34:45 PM FingerPrint computeMagnitude
INFO: FingerPrint: :15503.0:22035.0:69597.0:85603.0:194010.0:424636.0:736315.0:1739585.0:3473687.0:6477956.0 Result :1.3238927E7
Dec 3, 2014 6:34:45 PM FingerPrint scan
INFO: Processing chunk : 167772160
Dec 3, 2014 6:34:45 PM FingerPrint computeMagnitude
INFO: FingerPrint: :11167.0:23168.0:62070.0:124416.0:226013.0:496499.0:1009393.0:1933499.0:3915504.0:7828353.0 Result :1.5630082E7
Dec 3, 2014 6:34:45 PM FingerPrint scan
INFO: Processing chunk : 184549376
Dec 3, 2014 6:34:45 PM FingerPrint computeMagnitude
INFO: FingerPrint: :26674.0:38865.0:40253.0:119477.0:250999.0:469212.0:917078.0:1897814.0:3762537.0:7549910.0 Result :1.5072819E7
Dec 3, 2014 6:34:45 PM FingerPrint scan
INFO: Processing chunk : 201326592
Dec 3, 2014 6:34:45 PM FingerPrint computeMagnitude
INFO: FingerPrint: :24753.0:48773.0:25074.0:152575.0:262146.0:497778.0:895300.0:1919147.0:3693757.0:7512680.0 Result :1.5031983E7
Dec 3, 2014 6:34:45 PM FingerPrint scan
INFO: Processing chunk : 218103808
Dec 3, 2014 6:34:45 PM FingerPrint computeMagnitude
INFO: FingerPrint: :3612.0:17270.0:22795.0:53272.0:107690.0:207548.0:431701.0:854771.0:1735228.0:3484427.0 Result :6918314.0
Dec 3, 2014 6:34:45 PM FingerPrint scan
INFO: Processing chunk : 234881024
Dec 3, 2014 6:34:45 PM FingerPrint computeMagnitude
INFO: FingerPrint: :31858.0:34620.0:61290.0:184403.0:261248.0:515614.0:1145238.0:2225688.0:4467130.0:9004577.0 Result :1.7931666E7
Dec 3, 2014 6:34:45 PM FingerPrint scan
INFO: Processing chunk : 251658240
Dec 3, 2014 6:34:45 PM FingerPrint computeMagnitude
INFO: FingerPrint: :13826.0:68977.0:67076.0:220237.0:405635.0:773199.0:1551743.0:3049845.0:6093962.0:1.2235561E7 Result :2.4480061E7
Dec 3, 2014 6:34:45 PM FingerPrint scan
INFO: Processing chunk : 268435456
Dec 3, 2014 6:34:45 PM FingerPrint computeMagnitude
INFO: FingerPrint: :39237.0:38184.0:49770.0:198178.0:356395.0:651036.0:1274718.0:2560153.0:5126707.0:1.0299876E7 Result :2.0594254E7
Dec 3, 2014 6:34:45 PM FingerPrint scan
INFO: Processing chunk : 285212672
Dec 3, 2014 6:34:45 PM FingerPrint computeMagnitude
INFO: FingerPrint: :21366.0:46619.0:65980.0:173209.0:280768.0:597593.0:1133581.0:2318639.0:4650930.0:9307290.0 Result :1.8595975E7
Dec 3, 2014 6:34:45 PM FingerPrint scan
INFO: Processing chunk : 301989888
Dec 3, 2014 6:34:45 PM FingerPrint computeMagnitude
INFO: FingerPrint: :11181.0:31159.0:68356.0:114532.0:246201.0:436274.0:1098861.0:1950651.0:4043926.0:7925361.0 Result :1.5926502E7
Dec 3, 2014 6:34:45 PM FingerPrint scan
INFO: Processing chunk : 318767104
Dec 3, 2014 6:34:45 PM FingerPrint computeMagnitude
INFO: FingerPrint: :24400.0:53213.0:121932.0:160492.0:409850.0:803232.0:1649949.0:3291565.0:6555050.0:1.3097718E7 Result :2.6167401E7
Dec 3, 2014 6:34:45 PM FingerPrint scan
INFO: Processing chunk : 335544320
Dec 3, 2014 6:34:45 PM FingerPrint computeMagnitude
INFO: FingerPrint: :22725.0:37433.0:135482.0:214830.0:465936.0:908077.0:1619913.0:3454568.0:6828192.0:1.3598355E7 Result :2.7285511E7
Dec 3, 2014 6:34:45 PM FingerPrint scan
INFO: Processing chunk : 352321536
Dec 3, 2014 6:34:45 PM FingerPrint computeMagnitude
INFO: FingerPrint: :45289.0:67163.0:99779.0:210972.0:465952.0:879288.0:1704398.0:3517855.0:7016360.0:1.3975461E7 Result :2.7982517E7
Dec 3, 2014 6:34:45 PM FingerPrint scan
INFO: Processing chunk : 369098752
Dec 3, 2014 6:34:45 PM FingerPrint computeMagnitude
INFO: FingerPrint: :11733.0:82263.0:104514.0:204652.0:404568.0:780008.0:1514065.0:3173797.0:6284926.0:1.2605856E7 Result :2.5166382E7
Dec 3, 2014 6:34:45 PM FingerPrint scan
INFO: Processing chunk : 385875968
Dec 3, 2014 6:34:45 PM FingerPrint computeMagnitude
INFO: FingerPrint: :17099.0:15158.0:32077.0:178537.0:283868.0:611394.0:1176722.0:2257554.0:4592227.0:9150261.0 Result :1.8314897E7
Dec 3, 2014 6:34:45 PM FingerPrint scan
INFO: Processing chunk : 402653184
Dec 3, 2014 6:34:45 PM FingerPrint computeMagnitude
INFO: FingerPrint: :15273.0:41818.0:35024.0:91649.0:231902.0:407482.0:855154.0:1746976.0:3480215.0:6951603.0 Result :1.3857096E7
Dec 3, 2014 6:34:45 PM FingerPrint scan
INFO: Processing chunk : 419430400
Dec 3, 2014 6:34:45 PM FingerPrint computeMagnitude
INFO: FingerPrint: :24389.0:12301.0:26247.0:87098.0:178279.0:325198.0:754997.0:1441182.0:2880381.0:6098915.0 Result :1.1828987E7
Dec 3, 2014 6:34:45 PM FingerPrint scan
INFO: Processing chunk : 436207616
Dec 3, 2014 6:34:45 PM FingerPrint computeMagnitude
INFO: FingerPrint: :18917.0:47819.0:67892.0:93286.0:224663.0:446360.0:869811.0:1836381.0:3610723.0:7257837.0 Result :1.4473689E7
Dec 3, 2014 6:34:45 PM FingerPrint scan
INFO: Processing chunk : 452984832
Dec 3, 2014 6:34:45 PM FingerPrint computeMagnitude
INFO: FingerPrint: :15399.0:42121.0:71351.0:193594.0:285131.0:646085.0:1246988.0:2457546.0:4984421.0:9972448.0 Result :1.9915084E7
Dec 3, 2014 6:34:45 PM FingerPrint scan
INFO: Processing chunk : 469762048
Dec 3, 2014 6:34:45 PM FingerPrint computeMagnitude
INFO: FingerPrint: :991.0:17686.0:57355.0:137576.0:186806.0:366817.0:801210.0:1635420.0:3177643.0:6412745.0 Result :1.2794249E7
Dec 3, 2014 6:34:45 PM FingerPrint scan
INFO: Processing chunk : 486539264
Dec 3, 2014 6:34:45 PM FingerPrint computeMagnitude
INFO: FingerPrint: :43484.0:80128.0:50596.0:214307.0:413803.0:795442.0:1706292.0:3398738.0:6661575.0:1.3434848E7 Result :2.6799213E7
Dec 3, 2014 6:34:45 PM FingerPrint scan
INFO: Processing chunk : 503316480
Dec 3, 2014 6:34:45 PM FingerPrint computeMagnitude
INFO: FingerPrint: :37377.0:70940.0:93145.0:195985.0:376239.0:817363.0:1654763.0:3320853.0:6649039.0:1.3260223E7 Result :2.6475927E7
Dec 3, 2014 6:34:45 PM FingerPrint scan
INFO: Processing chunk : 520093696
Dec 3, 2014 6:34:45 PM FingerPrint computeMagnitude
INFO: FingerPrint: :28058.0:42211.0:73109.0:122145.0:283700.0:624837.0:1241573.0:2468762.0:4931801.0:9844253.0 Result :1.9660449E7
Dec 3, 2014 6:34:45 PM FingerPrint scan
INFO: Processing chunk : 536870912
Dec 3, 2014 6:34:45 PM FingerPrint computeMagnitude
INFO: FingerPrint: :5412.0:55572.0:87879.0:136533.0:316211.0:658287.0:1189080.0:2527330.0:5009659.0:9960370.0 Result :1.9946333E7
Dec 3, 2014 6:34:45 PM FingerPrint scan
INFO: Processing chunk : 553648128
Dec 3, 2014 6:34:45 PM FingerPrint computeMagnitude
INFO: FingerPrint: :10495.0:23564.0:71037.0:133984.0:268706.0:531134.0:1044815.0:2105176.0:4221170.0:8414933.0 Result :1.6825014E7
Dec 3, 2014 6:34:45 PM FingerPrint scan
INFO: Processing chunk : 570425344
Dec 3, 2014 6:34:45 PM FingerPrint computeMagnitude
INFO: FingerPrint: :4240.0:28640.0:41595.0:143149.0:230847.0:415454.0:911288.0:1810651.0:3592239.0:7211626.0 Result :1.4389729E7
Dec 3, 2014 6:34:45 PM FingerPrint scan
INFO: Processing chunk : 587202560
Dec 3, 2014 6:34:45 PM FingerPrint computeMagnitude
INFO: FingerPrint: :51744.0:94998.0:50862.0:201188.0:411275.0:793780.0:1763732.0:3444530.0:6752786.0:1.368219E7 Result :2.7247085E7
Dec 3, 2014 6:34:45 PM FingerPrint scan
INFO: Processing chunk : 603979776
Dec 3, 2014 6:34:45 PM FingerPrint computeMagnitude
INFO: FingerPrint: :21881.0:35813.0:96258.0:184322.0:437254.0:781191.0:1596004.0:3195804.0:6340755.0:1.2737079E7 Result :2.5426361E7
Dec 3, 2014 6:34:45 PM FingerPrint scan
INFO: Processing chunk : 620756992
Dec 3, 2014 6:34:45 PM FingerPrint computeMagnitude
INFO: FingerPrint: :14746.0:60979.0:72299.0:215928.0:441736.0:759953.0:1649871.0:3101090.0:6278460.0:1.2829398E7 Result :2.542446E7
Dec 3, 2014 6:34:45 PM FingerPrint scan
INFO: Processing chunk : 637534208
Dec 3, 2014 6:34:45 PM FingerPrint computeMagnitude
INFO: FingerPrint: :36092.0:62594.0:111270.0:202146.0:470696.0:990035.0:1839826.0:3841532.0:7571161.0:1.5091896E7 Result :3.0217248E7
Dec 3, 2014 6:34:45 PM FingerPrint scan
INFO: Processing chunk : 654311424
Dec 3, 2014 6:34:45 PM FingerPrint computeMagnitude
INFO: FingerPrint: :21895.0:20889.0:101020.0:158389.0:305882.0:654939.0:1187241.0:2470874.0:4955525.0:9766299.0 Result :1.9642953E7
Dec 3, 2014 6:34:45 PM FingerPrint scan
INFO: Processing chunk : 671088640
Dec 3, 2014 6:34:45 PM FingerPrint computeMagnitude
INFO: FingerPrint: :11018.0:51918.0:73745.0:124032.0:325298.0:582102.0:1166596.0:2421533.0:4786286.0:9536627.0 Result :1.9079155E7
Dec 3, 2014 6:34:45 PM FingerPrint scan
INFO: Processing chunk : 687865856
Dec 3, 2014 6:34:45 PM FingerPrint computeMagnitude
INFO: FingerPrint: :6690.0:28314.0:32140.0:138967.0:223685.0:453926.0:889769.0:1604115.0:3291709.0:6547332.0 Result :1.3216647E7
Dec 3, 2014 6:34:45 PM FingerPrint scan
INFO: Processing chunk : 704643072
Dec 3, 2014 6:34:45 PM FingerPrint computeMagnitude
INFO: FingerPrint: :28198.0:19962.0:62605.0:116176.0:214825.0:488290.0:964447.0:1941588.0:3877544.0:7714254.0 Result :1.5427889E7
Dec 3, 2014 6:34:45 PM FingerPrint scan
INFO: Processing chunk : 721420288
Dec 3, 2014 6:34:45 PM FingerPrint computeMagnitude
INFO: FingerPrint: :18276.0:42604.0:74788.0:118024.0:218470.0:514787.0:1125415.0:2160648.0:4329401.0:8682296.0 Result :1.7284709E7
Dec 3, 2014 6:34:45 PM FingerPrint scan
INFO: Processing chunk : 738197504
Dec 3, 2014 6:34:45 PM FingerPrint computeMagnitude
INFO: FingerPrint: :18829.0:47154.0:51233.0:106997.0:208232.0:541865.0:984533.0:1972640.0:3838649.0:7740811.0 Result :1.5510943E7
Dec 3, 2014 6:34:45 PM FingerPrint scan
INFO: Processing chunk : 754974720
Dec 3, 2014 6:34:45 PM FingerPrint computeMagnitude
INFO: FingerPrint: :3452.0:6646.0:11277.0:24200.0:49478.0:97906.0:217414.0:365005.0:728619.0:1480336.0 Result :2984333.0
Dec 3, 2014 6:34:45 PM FingerPrint scan
INFO: Processing chunk : 771751936
Dec 3, 2014 6:34:45 PM FingerPrint computeMagnitude
INFO: FingerPrint: :857.0:14562.0:3381.0:37140.0:90505.0:138249.0:283170.0:679993.0:1268934.0:2528002.0 Result :5044793.0
Dec 3, 2014 6:34:45 PM FingerPrint scan
INFO: Processing chunk : 788529152
Dec 3, 2014 6:34:45 PM FingerPrint computeMagnitude
INFO: FingerPrint: :22514.0:48061.0:87960.0:155860.0:343418.0:652986.0:1338749.0:2652388.0:5310418.0:1.0845638E7 Result :2.1457992E7
Dec 3, 2014 6:34:45 PM FingerPrint scan
INFO: Processing chunk : 805306368
Dec 3, 2014 6:34:45 PM FingerPrint computeMagnitude
INFO: FingerPrint: :23365.0:35713.0:71406.0:123102.0:273396.0:552268.0:1181415.0:2362899.0:4597495.0:9342766.0 Result :1.8563825E7
Dec 3, 2014 6:34:45 PM FingerPrint scan
INFO: Processing chunk : 822083584
Dec 3, 2014 6:34:45 PM FingerPrint computeMagnitude
INFO: FingerPrint: :18873.0:68373.0:67324.0:135332.0:265719.0:506299.0:1105559.0:2163652.0:4289898.0:8681347.0 Result :1.7302376E7
Dec 3, 2014 6:34:45 PM FingerPrint scan
INFO: Processing chunk : 838860800
Dec 3, 2014 6:34:45 PM FingerPrint computeMagnitude
INFO: FingerPrint: :21851.0:22838.0:38475.0:93808.0:216966.0:361773.0:767299.0:1603320.0:3213939.0:6408317.0 Result :1.2748586E7
Dec 3, 2014 6:34:45 PM FingerPrint scan
INFO: Processing chunk : 855638016
Dec 3, 2014 6:34:45 PM FingerPrint computeMagnitude
INFO: FingerPrint: :23499.0:40305.0:111803.0:207541.0:444835.0:825578.0:1584619.0:3331793.0:6600930.0:1.3106316E7 Result :2.6277219E7
Dec 3, 2014 6:34:45 PM FingerPrint scan
INFO: Processing chunk : 872415232
Dec 3, 2014 6:34:45 PM FingerPrint computeMagnitude
INFO: FingerPrint: :42003.0:95106.0:45749.0:227209.0:339368.0:753373.0:1644240.0:3115481.0:6343042.0:1.2780942E7 Result :2.5386513E7
Dec 3, 2014 6:34:45 PM FingerPrint scan
INFO: Processing chunk : 889192448
Dec 3, 2014 6:34:45 PM FingerPrint computeMagnitude
INFO: FingerPrint: :28924.0:34999.0:96780.0:209972.0:485935.0:852059.0:1718730.0:3575062.0:6928146.0:1.3948987E7 Result :2.7879594E7
Dec 3, 2014 6:34:45 PM FingerPrint scan
INFO: Processing chunk : 905969664
Dec 3, 2014 6:34:45 PM FingerPrint computeMagnitude
INFO: FingerPrint: :31613.0:58684.0:108767.0:239192.0:451181.0:900490.0:1821297.0:3623557.0:7207951.0:1.4515038E7 Result :2.895777E7
Dec 3, 2014 6:34:45 PM FingerPrint scan
INFO: Processing chunk : 922746880
Dec 3, 2014 6:34:45 PM FingerPrint computeMagnitude
INFO: FingerPrint: :11522.0:28848.0:57363.0:119041.0:258828.0:449761.0:1029001.0:2013980.0:3895802.0:7554254.0 Result :1.54184E7
Dec 3, 2014 6:34:45 PM FingerPrint scan
INFO: Processing chunk : 939524096
Dec 3, 2014 6:34:45 PM FingerPrint computeMagnitude
INFO: FingerPrint: :17838.0:13534.0:26757.0:43143.0:127563.0:225421.0:472818.0:968463.0:2025192.0:3884383.0 Result :7805112.0
Dec 3, 2014 6:34:45 PM FingerPrint scan
INFO: Processing chunk : 956301312
Dec 3, 2014 6:34:45 PM FingerPrint computeMagnitude
INFO: FingerPrint: :16877.0:30980.0:76798.0:164099.0:360257.0:678789.0:1336197.0:2689459.0:5277130.0:1.0630456E7 Result :2.1261042E7
Dec 3, 2014 6:34:45 PM FingerPrint scan
INFO: Processing chunk : 973078528
Dec 3, 2014 6:34:45 PM FingerPrint computeMagnitude
INFO: FingerPrint: :23261.0:11882.0:48002.0:92405.0:175020.0:391647.0:735384.0:1489108.0:3010759.0:5965470.0 Result :1.1942938E7
Dec 3, 2014 6:34:45 PM FingerPrint scan
INFO: Processing chunk : 989855744
Dec 3, 2014 6:34:45 PM FingerPrint computeMagnitude
INFO: FingerPrint: :13250.0:26107.0:73243.0:125587.0:292442.0:569092.0:1121074.0:2101180.0:4088059.0:8680159.0 Result :1.7090193E7
Dec 3, 2014 6:34:45 PM FingerPrint scan
INFO: Processing chunk : 1006632960
Dec 3, 2014 6:34:45 PM FingerPrint computeMagnitude
INFO: FingerPrint: :18494.0:22723.0:64213.0:154023.0:276148.0:574489.0:1050635.0:2123612.0:4344720.0:8670728.0 Result :1.7299785E7
Dec 3, 2014 6:34:45 PM FingerPrint scan
INFO: Processing chunk : 1023410176
Dec 3, 2014 6:34:45 PM FingerPrint computeMagnitude
INFO: FingerPrint: :3722.0:5410.0:22642.0:38798.0:96574.0:159507.0:343956.0:620084.0:1279625.0:2421348.0 Result :4991666.0
Dec 3, 2014 6:34:45 PM FingerPrint scan
INFO: Processing chunk : 1040187392
Dec 3, 2014 6:34:45 PM FingerPrint computeMagnitude
INFO: FingerPrint: :84.0:1905.0:3195.0:4203.0:9835.0:20358.0:39648.0:81918.0:159516.0:320194.0 Result :640856.0
Dec 3, 2014 6:34:45 PM FingerPrint scan
INFO: Processing chunk : 1056964608
Dec 3, 2014 6:34:45 PM FingerPrint computeMagnitude
INFO: FingerPrint: :45343.0:98886.0:86582.0:116101.0:373008.0:791966.0:1491110.0:3044929.0:6055655.0:1.2079177E7 Result :2.4182757E7
Dec 3, 2014 6:34:45 PM FingerPrint scan
INFO: Processing chunk : 1073741824
Dec 3, 2014 6:34:45 PM FingerPrint computeMagnitude
INFO: FingerPrint: :25533.0:46249.0:98954.0:129306.0:304736.0:602827.0:1181981.0:2447536.0:4870889.0:9697476.0 Result :1.9405487E7
Dec 3, 2014 6:34:45 PM FingerPrint scan
INFO: Processing chunk : 1090519040
Dec 3, 2014 6:34:45 PM FingerPrint computeMagnitude
INFO: FingerPrint: :17510.0:12966.0:35146.0:109569.0:180070.0:365057.0:731607.0:1542702.0:3166543.0:6065655.0 Result :1.2226825E7
Dec 3, 2014 6:34:45 PM FingerPrint scan
INFO: Processing chunk : 1107296256
Dec 3, 2014 6:34:45 PM FingerPrint computeMagnitude
INFO: FingerPrint: :5517.0:33929.0:28703.0:131563.0:148145.0:336366.0:709783.0:1356723.0:2722415.0:5494977.0 Result :1.0968121E7
Dec 3, 2014 6:34:45 PM FingerPrint scan
INFO: Processing chunk : 1124073472
Dec 3, 2014 6:34:45 PM FingerPrint computeMagnitude
INFO: FingerPrint: :20379.0:33492.0:111269.0:157014.0:378039.0:687121.0:1257465.0:2632666.0:5416718.0:1.0728628E7 Result :2.1422791E7
Dec 3, 2014 6:34:45 PM FingerPrint scan
INFO: Processing chunk : 1140850688
Dec 3, 2014 6:34:45 PM FingerPrint computeMagnitude
INFO: FingerPrint: :13925.0:45607.0:48841.0:156485.0:327683.0:625237.0:1167737.0:2428205.0:4817835.0:9627548.0 Result :1.9259103E7
Dec 3, 2014 6:34:45 PM FingerPrint scan
INFO: Processing chunk : 1157627904
Dec 3, 2014 6:34:45 PM FingerPrint computeMagnitude
INFO: FingerPrint: :30209.0:47990.0:133261.0:155129.0:385301.0:747476.0:1494211.0:3108508.0:6112620.0:1.2163812E7 Result :2.4378517E7
Dec 3, 2014 6:34:45 PM FingerPrint scan
INFO: Processing chunk : 1174405120
Dec 3, 2014 6:34:45 PM FingerPrint computeMagnitude
INFO: FingerPrint: :17922.0:27067.0:95142.0:183647.0:347813.0:751609.0:1425319.0:2882442.0:5805439.0:1.1554E7 Result :2.30904E7
Dec 3, 2014 6:34:45 PM FingerPrint scan
INFO: Processing chunk : 1191182336
Dec 3, 2014 6:34:45 PM FingerPrint computeMagnitude
INFO: FingerPrint: :8991.0:51645.0:84078.0:136903.0:259086.0:502658.0:1089791.0:2169859.0:4256637.0:8576057.0 Result :1.7135705E7
Dec 3, 2014 6:34:45 PM FingerPrint scan
INFO: Processing chunk : 1207959552
Dec 3, 2014 6:34:45 PM FingerPrint computeMagnitude
INFO: FingerPrint: :9184.0:17634.0:32031.0:64560.0:200789.0:281180.0:564859.0:1187214.0:2355807.0:4793843.0 Result :9507101.0
Dec 3, 2014 6:34:45 PM FingerPrint scan
INFO: Processing chunk : 1224736768
Dec 3, 2014 6:34:45 PM FingerPrint computeMagnitude
INFO: FingerPrint: :4880.0:17163.0:63634.0:158669.0:234098.0:513529.0:1088063.0:2186727.0:4260814.0:8710722.0 Result :1.7238299E7
Dec 3, 2014 6:34:45 PM FingerPrint scan
INFO: Processing chunk : 1241513984
Dec 3, 2014 6:34:45 PM FingerPrint computeMagnitude
INFO: FingerPrint: :16911.0:30759.0:42148.0:100014.0:163728.0:357896.0:776683.0:1505758.0:3074882.0:6068942.0 Result :1.2137721E7
Dec 3, 2014 6:34:45 PM FingerPrint scan
INFO: Processing chunk : 1258291200
Dec 3, 2014 6:34:45 PM FingerPrint computeMagnitude
INFO: FingerPrint: :30827.0:30363.0:57387.0:123400.0:245252.0:569622.0:1127787.0:2109130.0:4370489.0:8707145.0 Result :1.7371402E7
Dec 3, 2014 6:34:45 PM FingerPrint scan
INFO: Processing chunk : 1275068416
Dec 3, 2014 6:34:45 PM FingerPrint computeMagnitude
INFO: FingerPrint: :23386.0:50067.0:54241.0:159632.0:302790.0:580357.0:1229449.0:2378236.0:4787661.0:9677121.0 Result :1.924294E7
Dec 3, 2014 6:34:45 PM FingerPrint scan
INFO: Processing chunk : 1291845632
Dec 3, 2014 6:34:45 PM FingerPrint computeMagnitude
INFO: FingerPrint: :27680.0:57382.0:78000.0:216681.0:437429.0:781214.0:1556172.0:3126604.0:6235917.0:1.2539021E7 Result :2.50561E7
Dec 3, 2014 6:34:45 PM FingerPrint scan
INFO: Processing chunk : 1308622848
Dec 3, 2014 6:34:45 PM FingerPrint computeMagnitude
INFO: FingerPrint: :17951.0:41237.0:50546.0:135410.0:262085.0:510999.0:1028509.0:2076066.0:4159386.0:8278166.0 Result :1.6560355E7
Dec 3, 2014 6:34:45 PM FingerPrint scan
INFO: Processing chunk : 1325400064
Dec 3, 2014 6:34:45 PM FingerPrint computeMagnitude
INFO: FingerPrint: :28930.0:35618.0:45946.0:174223.0:319547.0:581453.0:1289787.0:2453044.0:4765677.0:9730458.0 Result :1.9424683E7
Dec 3, 2014 6:34:45 PM FingerPrint scan
INFO: Processing chunk : 1342177280
Dec 3, 2014 6:34:45 PM FingerPrint computeMagnitude
INFO: FingerPrint: :41668.0:38476.0:67206.0:182957.0:368166.0:676120.0:1490382.0:2902789.0:5791705.0:1.1604112E7 Result :2.3163581E7
Dec 3, 2014 6:34:45 PM FingerPrint scan
INFO: Processing chunk : 1358954496
Dec 3, 2014 6:34:45 PM FingerPrint computeMagnitude
INFO: FingerPrint: :12880.0:20432.0:36065.0:162522.0:232085.0:623615.0:1164652.0:2125007.0:4448324.0:8779553.0 Result :1.7605135E7
Dec 3, 2014 6:34:45 PM FingerPrint scan
INFO: Processing chunk : 1375731712
Dec 3, 2014 6:34:45 PM FingerPrint computeMagnitude
INFO: FingerPrint: :25724.0:35447.0:88090.0:161259.0:296346.0:614481.0:1230868.0:2402839.0:4877415.0:9771497.0 Result :1.9503966E7
Dec 3, 2014 6:34:45 PM FingerPrint scan
INFO: Processing chunk : 1392508928
Dec 3, 2014 6:34:45 PM FingerPrint computeMagnitude
INFO: FingerPrint: :42363.0:64401.0:35166.0:186493.0:336549.0:611371.0:1468161.0:2757310.0:5637506.0:1.1332148E7 Result :2.2471468E7
Dec 3, 2014 6:34:45 PM FingerPrint scan
INFO: Processing chunk : 1409286144
Dec 3, 2014 6:34:45 PM FingerPrint computeMagnitude
INFO: FingerPrint: :7273.0:29371.0:151875.0:221801.0:468572.0:911668.0:1703369.0:3553541.0:7129846.0:1.4066933E7 Result :2.8244249E7
Dec 3, 2014 6:34:45 PM FingerPrint scan
INFO: Processing chunk : 1426063360
Dec 3, 2014 6:34:45 PM FingerPrint computeMagnitude
INFO: FingerPrint: :19922.0:72100.0:74223.0:224925.0:443096.0:827993.0:1585272.0:3318275.0:6496013.0:1.3104707E7 Result :2.6166526E7
Dec 3, 2014 6:34:45 PM FingerPrint scan
INFO: Processing chunk : 1442840576
Dec 3, 2014 6:34:45 PM FingerPrint computeMagnitude
INFO: FingerPrint: :33367.0:54766.0:122649.0:252695.0:455110.0:935116.0:1851760.0:3744421.0:7494180.0:1.498952E7 Result :2.9933584E7
Dec 3, 2014 6:34:45 PM FingerPrint scan
INFO: Processing chunk : 1459617792
Dec 3, 2014 6:34:45 PM FingerPrint computeMagnitude
INFO: FingerPrint: :35225.0:30166.0:110460.0:143378.0:323497.0:683727.0:1369666.0:2793226.0:5510249.0:1.0967896E7 Result :2.196749E7
Dec 3, 2014 6:34:45 PM FingerPrint scan
INFO: Processing chunk : 1476395008
Dec 3, 2014 6:34:45 PM FingerPrint computeMagnitude
INFO: FingerPrint: :10717.0:24905.0:56713.0:128770.0:281212.0:482760.0:968678.0:2003784.0:3924261.0:7931143.0 Result :1.5812943E7
Dec 3, 2014 6:34:45 PM FingerPrint scan
INFO: Processing chunk : 1493172224
Dec 3, 2014 6:34:45 PM FingerPrint computeMagnitude
INFO: FingerPrint: :17274.0:22594.0:54103.0:183650.0:258240.0:561032.0:1077316.0:1989959.0:4188970.0:8299584.0 Result :1.6652722E7
Dec 3, 2014 6:34:45 PM FingerPrint scan
INFO: Processing chunk : 1509949440
Dec 3, 2014 6:34:45 PM FingerPrint computeMagnitude
INFO: FingerPrint: :17374.0:26618.0:47804.0:63698.0:189198.0:318661.0:737049.0:1411006.0:2747954.0:5551371.0 Result :1.1110733E7
Dec 3, 2014 6:34:45 PM FingerPrint scan
INFO: Processing chunk : 1526726656
Dec 3, 2014 6:34:45 PM FingerPrint computeMagnitude
INFO: FingerPrint: :29544.0:32791.0:88467.0:160708.0:275535.0:580588.0:1171663.0:2351525.0:4681603.0:9375953.0 Result :1.8748377E7
Dec 3, 2014 6:34:45 PM FingerPrint scan
INFO: Processing chunk : 1543503872
Dec 3, 2014 6:34:45 PM FingerPrint computeMagnitude
INFO: FingerPrint: :24784.0:32929.0:50479.0:163467.0:272524.0:571228.0:1191532.0:2228324.0:4508956.0:9134073.0 Result :1.8178296E7
Dec 3, 2014 6:34:45 PM FingerPrint scan
INFO: Processing chunk : 1560281088
Dec 3, 2014 6:34:45 PM FingerPrint computeMagnitude
INFO: FingerPrint: :1476.0:24078.0:29971.0:78765.0:191921.0:379131.0:704455.0:1388967.0:2741960.0:5518837.0 Result :1.1059561E7
Dec 3, 2014 6:34:45 PM FingerPrint scan
INFO: Processing chunk : 1577058304
Dec 3, 2014 6:34:45 PM FingerPrint computeMagnitude
INFO: FingerPrint: :34362.0:62393.0:56582.0:177307.0:349185.0:699471.0:1508332.0:2886721.0:5791153.0:1.1696587E7 Result :2.3262093E7
Dec 3, 2014 6:34:45 PM FingerPrint scan
INFO: Processing chunk : 1593835520
Dec 3, 2014 6:34:45 PM FingerPrint computeMagnitude
INFO: FingerPrint: :27687.0:37312.0:122498.0:213958.0:398797.0:805372.0:1583734.0:3222412.0:6452527.0:1.2842233E7 Result :2.570653E7
Dec 3, 2014 6:34:45 PM FingerPrint scan
INFO: Processing chunk : 1610612736
Dec 3, 2014 6:34:45 PM FingerPrint computeMagnitude
INFO: FingerPrint: :15543.0:57759.0:59819.0:126897.0:306296.0:597143.0:1192157.0:2384698.0:4739635.0:9499985.0 Result :1.8979932E7
Dec 3, 2014 6:34:45 PM FingerPrint scan
INFO: Processing chunk : 1627389952
Dec 3, 2014 6:34:45 PM FingerPrint computeMagnitude
INFO: FingerPrint: :19158.0:17019.0:53479.0:151607.0:283686.0:525972.0:1120060.0:2221155.0:4361293.0:8748369.0 Result :1.7501798E7
Dec 3, 2014 6:34:45 PM FingerPrint scan
INFO: Processing chunk : 1644167168
Dec 3, 2014 6:34:45 PM FingerPrint computeMagnitude
INFO: FingerPrint: :2121.0:49264.0:87812.0:160662.0:324225.0:652839.0:1288712.0:2580787.0:5193173.0:1.0359278E7 Result :2.0698873E7
Dec 3, 2014 6:34:45 PM FingerPrint scan
INFO: Processing chunk : 1660944384
Dec 3, 2014 6:34:45 PM FingerPrint computeMagnitude
INFO: FingerPrint: :16537.0:35851.0:85185.0:135315.0:291435.0:601433.0:1153591.0:2371066.0:4627163.0:9283947.0 Result :1.8601523E7
Dec 3, 2014 6:34:45 PM FingerPrint scan
INFO: Processing chunk : 1677721600
Dec 3, 2014 6:34:45 PM FingerPrint computeMagnitude
INFO: FingerPrint: :25766.0:79279.0:105827.0:204287.0:401621.0:836879.0:1662933.0:3359880.0:6621695.0:1.3275777E7 Result :2.6573944E7
Dec 3, 2014 6:34:45 PM FingerPrint scan
INFO: Processing chunk : 1694498816
Dec 3, 2014 6:34:45 PM FingerPrint computeMagnitude
INFO: FingerPrint: :12992.0:54314.0:117965.0:194595.0:358520.0:644138.0:1453491.0:2934618.0:5767276.0:1.1505376E7 Result :2.3043285E7
Dec 3, 2014 6:34:45 PM FingerPrint scan
INFO: Processing chunk : 1711276032
Dec 3, 2014 6:34:45 PM FingerPrint computeMagnitude
INFO: FingerPrint: :15410.0:60916.0:99335.0:209319.0:394211.0:773573.0:1615199.0:3297710.0:6579887.0:1.3127302E7 Result :2.6172862E7
Dec 3, 2014 6:34:45 PM FingerPrint scan
INFO: Processing chunk : 1728053248
Dec 3, 2014 6:34:45 PM FingerPrint computeMagnitude
INFO: FingerPrint: :24384.0:56552.0:80343.0:171572.0:423138.0:705417.0:1482754.0:2990519.0:5930819.0:1.1868763E7 Result :2.3734261E7
Dec 3, 2014 6:34:45 PM FingerPrint scan
INFO: Processing chunk : 1744830464
Dec 3, 2014 6:34:46 PM FingerPrint computeMagnitude
INFO: FingerPrint: :15200.0:36758.0:56356.0:75718.0:190722.0:489831.0:775098.0:1647945.0:3185305.0:6336866.0 Result :1.2809799E7
Dec 3, 2014 6:34:46 PM FingerPrint scan
INFO: Processing chunk : 1761607680
Dec 3, 2014 6:34:46 PM FingerPrint computeMagnitude
INFO: FingerPrint: :14758.0:42637.0:61771.0:176126.0:289136.0:614287.0:1373698.0:2669440.0:5243788.0:1.0621997E7 Result :2.1107638E7
Dec 3, 2014 6:34:46 PM FingerPrint scan
INFO: Processing chunk : 1778384896
Dec 3, 2014 6:34:46 PM FingerPrint computeMagnitude
INFO: FingerPrint: :7758.0:56972.0:67960.0:148829.0:265053.0:529112.0:1052493.0:2136142.0:4308904.0:8578291.0 Result :1.7151514E7
