Dec 3, 2014 6:34:21 PM AudioFileComparator fingerPrint
INFO: Trying to get fingerprint for file : /course/cs5500f14/Assignments/A5/z08.wav
Dec 3, 2014 6:34:22 PM FingerPrint scan
INFO: Processing chunk : 0
Dec 3, 2014 6:34:22 PM FingerPrint computeMagnitude
INFO: FingerPrint: :16615.0:32532.0:63035.0:148755.0:269657.0:505193.0:985396.0:1933114.0:3954745.0:7907978.0 Result :1.581702E7
Dec 3, 2014 6:34:22 PM FingerPrint scan
INFO: Processing chunk : 16777216
Dec 3, 2014 6:34:22 PM FingerPrint computeMagnitude
INFO: FingerPrint: :9572.0:56330.0:40959.0:116917.0:199628.0:445900.0:957725.0:1865872.0:3720911.0:7367055.0 Result :1.4780869E7
Dec 3, 2014 6:34:22 PM FingerPrint scan
INFO: Processing chunk : 33554432
Dec 3, 2014 6:34:22 PM FingerPrint computeMagnitude
INFO: FingerPrint: :15345.0:27057.0:34617.0:125883.0:217800.0:392316.0:1025470.0:1842079.0:3681928.0:7485646.0 Result :1.4848141E7
Dec 3, 2014 6:34:22 PM FingerPrint scan
INFO: Processing chunk : 50331648
Dec 3, 2014 6:34:22 PM FingerPrint computeMagnitude
INFO: FingerPrint: :10997.0:18487.0:90053.0:110635.0:281012.0:507304.0:916059.0:1954552.0:3871564.0:7769475.0 Result :1.5530138E7
Dec 3, 2014 6:34:22 PM FingerPrint scan
INFO: Processing chunk : 67108864
Dec 3, 2014 6:34:22 PM FingerPrint computeMagnitude
INFO: FingerPrint: :17988.0:43826.0:37819.0:126996.0:232381.0:451722.0:1004699.0:1894659.0:3794471.0:7598056.0 Result :1.5202617E7
Dec 3, 2014 6:34:22 PM FingerPrint scan
INFO: Processing chunk : 83886080
Dec 3, 2014 6:34:22 PM FingerPrint computeMagnitude
INFO: FingerPrint: :22016.0:31785.0:46957.0:105155.0:241251.0:469378.0:948533.0:1922715.0:3812660.0:7614790.0 Result :1.521524E7
Dec 3, 2014 6:34:22 PM FingerPrint scan
INFO: Processing chunk : 100663296
Dec 3, 2014 6:34:22 PM FingerPrint computeMagnitude
INFO: FingerPrint: :22519.0:48301.0:69483.0:83440.0:230872.0:426692.0:814557.0:1771387.0:3434272.0:6940275.0 Result :1.3841798E7
Dec 3, 2014 6:34:22 PM FingerPrint scan
INFO: Processing chunk : 117440512
Dec 3, 2014 6:34:22 PM FingerPrint computeMagnitude
INFO: FingerPrint: :6182.0:37224.0:71218.0:87221.0:248012.0:418620.0:859337.0:1733515.0:3495494.0:6966666.0 Result :1.3923489E7
Dec 3, 2014 6:34:22 PM FingerPrint scan
INFO: Processing chunk : 134217728
Dec 3, 2014 6:34:22 PM FingerPrint computeMagnitude
INFO: FingerPrint: :6947.0:23282.0:41284.0:132397.0:223307.0:386689.0:902805.0:1697811.0:3408553.0:6860722.0 Result :1.3683797E7
Dec 3, 2014 6:34:22 PM FingerPrint scan
INFO: Processing chunk : 150994944
Dec 3, 2014 6:34:22 PM FingerPrint computeMagnitude
INFO: FingerPrint: :8348.0:35623.0:33844.0:94502.0:187961.0:476454.0:881612.0:1739659.0:3490199.0:6980139.0 Result :1.3928341E7
Dec 3, 2014 6:34:22 PM FingerPrint scan
INFO: Processing chunk : 167772160
Dec 3, 2014 6:34:22 PM FingerPrint computeMagnitude
INFO: FingerPrint: :6596.0:40366.0:49309.0:128326.0:210486.0:491844.0:1001522.0:1995013.0:4000764.0:7882115.0 Result :1.5806341E7
Dec 3, 2014 6:34:22 PM FingerPrint scan
INFO: Processing chunk : 184549376
Dec 3, 2014 6:34:22 PM FingerPrint computeMagnitude
INFO: FingerPrint: :6489.0:59041.0:89343.0:301520.0:566568.0:1053090.0:2069072.0:4193071.0:8366127.0:1.673896E7 Result :3.3443281E7
Dec 3, 2014 6:34:22 PM FingerPrint scan
INFO: Processing chunk : 201326592
Dec 3, 2014 6:34:22 PM FingerPrint computeMagnitude
INFO: FingerPrint: :56469.0:76823.0:143046.0:262841.0:617199.0:1149546.0:2367808.0:4664688.0:9292663.0:1.8690665E7 Result :3.7321748E7
Dec 3, 2014 6:34:22 PM FingerPrint scan
INFO: Processing chunk : 218103808
Dec 3, 2014 6:34:22 PM FingerPrint computeMagnitude
INFO: FingerPrint: :9730.0:99626.0:140487.0:295800.0:575858.0:1213564.0:2347576.0:4775832.0:9547107.0:1.9028257E7 Result :3.8033837E7
Dec 3, 2014 6:34:22 PM FingerPrint scan
INFO: Processing chunk : 234881024
Dec 3, 2014 6:34:22 PM FingerPrint computeMagnitude
INFO: FingerPrint: :52507.0:89990.0:90836.0:302852.0:568284.0:1045063.0:2194429.0:4355331.0:8718496.0:1.7494074E7 Result :3.4911862E7
Dec 3, 2014 6:34:22 PM FingerPrint scan
INFO: Processing chunk : 251658240
Dec 3, 2014 6:34:22 PM FingerPrint computeMagnitude
INFO: FingerPrint: :12642.0:40633.0:87126.0:317510.0:499808.0:989231.0:2062747.0:3969537.0:8059730.0:1.6177153E7 Result :3.2216117E7
Dec 3, 2014 6:34:22 PM FingerPrint scan
INFO: Processing chunk : 268435456
Dec 3, 2014 6:34:22 PM FingerPrint computeMagnitude
INFO: FingerPrint: :43218.0:68622.0:93774.0:240848.0:474823.0:929770.0:1997334.0:3816443.0:7750662.0:1.5537645E7 Result :3.0953139E7
Dec 3, 2014 6:34:22 PM FingerPrint scan
INFO: Processing chunk : 285212672
Dec 3, 2014 6:34:22 PM FingerPrint computeMagnitude
INFO: FingerPrint: :19652.0:57770.0:168745.0:141237.0:473545.0:775943.0:1624991.0:3369092.0:6654239.0:1.3305458E7 Result :2.6590672E7
Dec 3, 2014 6:34:22 PM FingerPrint scan
INFO: Processing chunk : 301989888
Dec 3, 2014 6:34:22 PM FingerPrint computeMagnitude
INFO: FingerPrint: :17116.0:19602.0:146021.0:200625.0:464044.0:874581.0:1584314.0:3371965.0:6621675.0:1.3178125E7 Result :2.6478068E7
Dec 3, 2014 6:34:22 PM FingerPrint scan
INFO: Processing chunk : 318767104
Dec 3, 2014 6:34:23 PM FingerPrint computeMagnitude
INFO: FingerPrint: :16562.0:55076.0:65479.0:268574.0:364038.0:744781.0:1472717.0:2917425.0:5972277.0:1.1903337E7 Result :2.3780266E7
Dec 3, 2014 6:34:23 PM FingerPrint scan
INFO: Processing chunk : 335544320
Dec 3, 2014 6:34:23 PM FingerPrint computeMagnitude
INFO: FingerPrint: :41247.0:77880.0:55244.0:182941.0:403492.0:644164.0:1572965.0:2907767.0:5868812.0:1.1922785E7 Result :2.3677297E7
Dec 3, 2014 6:34:23 PM FingerPrint scan
INFO: Processing chunk : 352321536
Dec 3, 2014 6:34:23 PM FingerPrint computeMagnitude
INFO: FingerPrint: :7833.0:23523.0:59171.0:137516.0:394662.0:642712.0:1193436.0:2461208.0:4881736.0:9856640.0 Result :1.9658437E7
Dec 3, 2014 6:34:23 PM FingerPrint scan
INFO: Processing chunk : 369098752
Dec 3, 2014 6:34:23 PM FingerPrint computeMagnitude
INFO: FingerPrint: :52097.0:34978.0:91786.0:177474.0:311921.0:745307.0:1457589.0:2948038.0:5816112.0:1.1681295E7 Result :2.3316597E7
Dec 3, 2014 6:34:23 PM FingerPrint scan
INFO: Processing chunk : 385875968
Dec 3, 2014 6:34:23 PM FingerPrint computeMagnitude
INFO: FingerPrint: :45312.0:41234.0:159942.0:238115.0:442602.0:984623.0:1777831.0:3820679.0:7541079.0:1.5005881E7 Result :3.0057298E7
Dec 3, 2014 6:34:23 PM FingerPrint scan
INFO: Processing chunk : 402653184
Dec 3, 2014 6:34:23 PM FingerPrint computeMagnitude
INFO: FingerPrint: :53759.0:72861.0:96660.0:198183.0:383704.0:848361.0:1705056.0:3312039.0:6777385.0:1.352114E7 Result :2.6969148E7
Dec 3, 2014 6:34:23 PM FingerPrint scan
INFO: Processing chunk : 419430400
Dec 3, 2014 6:34:23 PM FingerPrint computeMagnitude
INFO: FingerPrint: :20565.0:32112.0:39367.0:206033.0:373039.0:752219.0:1652746.0:3132351.0:6205144.0:1.2454016E7 Result :2.4867592E7
Dec 3, 2014 6:34:23 PM FingerPrint scan
INFO: Processing chunk : 436207616
Dec 3, 2014 6:34:23 PM FingerPrint computeMagnitude
INFO: FingerPrint: :21657.0:50445.0:68620.0:125615.0:422303.0:726364.0:1613679.0:3141219.0:6069696.0:1.2372357E7 Result :2.4611955E7
Dec 3, 2014 6:34:23 PM FingerPrint scan
INFO: Processing chunk : 452984832
Dec 3, 2014 6:34:23 PM FingerPrint computeMagnitude
INFO: FingerPrint: :19886.0:59178.0:103729.0:222976.0:366244.0:782177.0:1546188.0:3012113.0:6148803.0:1.2272744E7 Result :2.4534038E7
Dec 3, 2014 6:34:23 PM FingerPrint scan
INFO: Processing chunk : 469762048
Dec 3, 2014 6:34:23 PM FingerPrint computeMagnitude
INFO: FingerPrint: :30059.0:29214.0:126357.0:164767.0:393308.0:715703.0:1354822.0:2960739.0:5775947.0:1.1591138E7 Result :2.3142054E7
Dec 3, 2014 6:34:23 PM FingerPrint scan
INFO: Processing chunk : 486539264
Dec 3, 2014 6:34:23 PM FingerPrint computeMagnitude
INFO: FingerPrint: :6275.0:73036.0:137988.0:147335.0:451138.0:867218.0:1539743.0:3323684.0:6491861.0:1.2949027E7 Result :2.5987305E7
Dec 3, 2014 6:34:23 PM FingerPrint scan
INFO: Processing chunk : 503316480
Dec 3, 2014 6:34:23 PM FingerPrint computeMagnitude
INFO: FingerPrint: :28953.0:74359.0:113695.0:191162.0:510572.0:976611.0:1893894.0:3862392.0:7622732.0:1.5276269E7 Result :3.0550639E7
Dec 3, 2014 6:34:23 PM FingerPrint scan
INFO: Processing chunk : 520093696
Dec 3, 2014 6:34:23 PM FingerPrint computeMagnitude
INFO: FingerPrint: :18169.0:29356.0:96786.0:250091.0:462164.0:890757.0:1777072.0:3480817.0:6976358.0:1.403644E7 Result :2.801801E7
Dec 3, 2014 6:34:23 PM FingerPrint scan
INFO: Processing chunk : 536870912
Dec 3, 2014 6:34:23 PM FingerPrint computeMagnitude
INFO: FingerPrint: :19203.0:54406.0:99486.0:221200.0:415775.0:806951.0:1628839.0:3240391.0:6511789.0:1.2970904E7 Result :2.5968944E7
Dec 3, 2014 6:34:23 PM FingerPrint scan
INFO: Processing chunk : 553648128
Dec 3, 2014 6:34:23 PM FingerPrint computeMagnitude
INFO: FingerPrint: :10771.0:60774.0:61741.0:106067.0:393028.0:587674.0:1343514.0:2777520.0:5333067.0:1.0778252E7 Result :2.1452408E7
Dec 3, 2014 6:34:23 PM FingerPrint scan
INFO: Processing chunk : 570425344
Dec 3, 2014 6:34:23 PM FingerPrint computeMagnitude
INFO: FingerPrint: :13064.0:6386.0:77046.0:166445.0:283612.0:700598.0:1279220.0:2594989.0:5179586.0:1.0243249E7 Result :2.0544195E7
Dec 3, 2014 6:34:23 PM FingerPrint scan
INFO: Processing chunk : 587202560
Dec 3, 2014 6:34:23 PM FingerPrint computeMagnitude
INFO: FingerPrint: :10562.0:39925.0:92185.0:209651.0:388330.0:703805.0:1465331.0:2938227.0:5804461.0:1.1698786E7 Result :2.3351263E7
Dec 3, 2014 6:34:23 PM FingerPrint scan
INFO: Processing chunk : 603979776
Dec 3, 2014 6:34:23 PM FingerPrint computeMagnitude
INFO: FingerPrint: :26443.0:41239.0:129182.0:219500.0:431674.0:764745.0:1603418.0:3240561.0:6387289.0:1.2834507E7 Result :2.5678558E7
Dec 3, 2014 6:34:23 PM FingerPrint scan
INFO: Processing chunk : 620756992
Dec 3, 2014 6:34:23 PM FingerPrint computeMagnitude
INFO: FingerPrint: :40527.0:51823.0:95045.0:216421.0:417515.0:871238.0:1686605.0:3357224.0:6724363.0:1.3551506E7 Result :2.7012267E7
Dec 3, 2014 6:34:23 PM FingerPrint scan
INFO: Processing chunk : 637534208
Dec 3, 2014 6:34:23 PM FingerPrint computeMagnitude
INFO: FingerPrint: :9632.0:64968.0:103721.0:186581.0:323612.0:755365.0:1477360.0:2935371.0:5971941.0:1.1823773E7 Result :2.3652324E7
Dec 3, 2014 6:34:23 PM FingerPrint scan
INFO: Processing chunk : 654311424
Dec 3, 2014 6:34:23 PM FingerPrint computeMagnitude
INFO: FingerPrint: :26318.0:26138.0:79224.0:200944.0:384525.0:627312.0:1430216.0:2776032.0:5632733.0:1.1304982E7 Result :2.2488424E7
Dec 3, 2014 6:34:23 PM FingerPrint scan
INFO: Processing chunk : 671088640
Dec 3, 2014 6:34:23 PM FingerPrint computeMagnitude
INFO: FingerPrint: :38098.0:41084.0:64933.0:149879.0:323945.0:647189.0:1231741.0:2569052.0:5113412.0:1.0187621E7 Result :2.0366954E7
Dec 3, 2014 6:34:23 PM FingerPrint scan
INFO: Processing chunk : 687865856
Dec 3, 2014 6:34:23 PM FingerPrint computeMagnitude
INFO: FingerPrint: :19125.0:52743.0:105851.0:164851.0:295365.0:635040.0:1264475.0:2551236.0:5125834.0:1.0199899E7 Result :2.0414419E7
Dec 3, 2014 6:34:23 PM FingerPrint scan
INFO: Processing chunk : 704643072
Dec 3, 2014 6:34:23 PM FingerPrint computeMagnitude
INFO: FingerPrint: :36225.0:68733.0:97821.0:154412.0:379309.0:835950.0:1515769.0:3104847.0:6213539.0:1.2415914E7 Result :2.4822519E7
Dec 3, 2014 6:34:23 PM FingerPrint scan
INFO: Processing chunk : 721420288
Dec 3, 2014 6:34:23 PM FingerPrint computeMagnitude
INFO: FingerPrint: :48155.0:67175.0:81990.0:178604.0:511520.0:756773.0:1725428.0:3275041.0:6551366.0:1.3389847E7 Result :2.6585899E7
Dec 3, 2014 6:34:23 PM FingerPrint scan
INFO: Processing chunk : 738197504
Dec 3, 2014 6:34:23 PM FingerPrint computeMagnitude
INFO: FingerPrint: :14982.0:54155.0:102314.0:208918.0:371214.0:847132.0:1563308.0:3137642.0:6280490.0:1.2554547E7 Result :2.5134702E7
Dec 3, 2014 6:34:23 PM FingerPrint scan
INFO: Processing chunk : 754974720
Dec 3, 2014 6:34:23 PM FingerPrint computeMagnitude
INFO: FingerPrint: :43729.0:37731.0:84926.0:220846.0:387445.0:731125.0:1602030.0:3126609.0:6236182.0:1.2537566E7 Result :2.5008189E7
Dec 3, 2014 6:34:23 PM FingerPrint scan
INFO: Processing chunk : 771751936
Dec 3, 2014 6:34:23 PM FingerPrint computeMagnitude
INFO: FingerPrint: :18888.0:22177.0:94966.0:153227.0:404930.0:766736.0:1472511.0:3019258.0:5991105.0:1.20471E7 Result :2.3990898E7
Dec 3, 2014 6:34:23 PM FingerPrint scan
INFO: Processing chunk : 788529152
Dec 3, 2014 6:34:23 PM FingerPrint computeMagnitude
INFO: FingerPrint: :39459.0:41451.0:105597.0:230079.0:526118.0:995104.0:1828412.0:3783621.0:7620291.0:1.5026006E7 Result :3.0196138E7
Dec 3, 2014 6:34:23 PM FingerPrint scan
INFO: Processing chunk : 805306368
Dec 3, 2014 6:34:23 PM FingerPrint computeMagnitude
INFO: FingerPrint: :36140.0:78075.0:74264.0:244494.0:412506.0:908113.0:1769858.0:3562596.0:7187876.0:1.4208188E7 Result :2.848211E7
Dec 3, 2014 6:34:23 PM FingerPrint scan
INFO: Processing chunk : 822083584
Dec 3, 2014 6:34:23 PM FingerPrint computeMagnitude
INFO: FingerPrint: :47204.0:60948.0:73818.0:201510.0:421586.0:798766.0:1631217.0:3223353.0:6391388.0:1.2827093E7 Result :2.5676883E7
Dec 3, 2014 6:34:23 PM FingerPrint scan
INFO: Processing chunk : 838860800
Dec 3, 2014 6:34:23 PM FingerPrint computeMagnitude
INFO: FingerPrint: :38197.0:63967.0:47950.0:233428.0:432600.0:787105.0:1713175.0:3307463.0:6645140.0:1.3360522E7 Result :2.6629547E7
Dec 3, 2014 6:34:23 PM FingerPrint scan
INFO: Processing chunk : 855638016
Dec 3, 2014 6:34:23 PM FingerPrint computeMagnitude
INFO: FingerPrint: :39923.0:40537.0:98716.0:149659.0:397006.0:805518.0:1632338.0:3233150.0:6318835.0:1.2641194E7 Result :2.5356876E7
Dec 3, 2014 6:34:23 PM FingerPrint scan
INFO: Processing chunk : 872415232
Dec 3, 2014 6:34:23 PM FingerPrint computeMagnitude
INFO: FingerPrint: :37834.0:38520.0:86597.0:201563.0:396306.0:752774.0:1617102.0:3207551.0:6282895.0:1.2637439E7 Result :2.5258581E7
Dec 3, 2014 6:34:23 PM FingerPrint scan
INFO: Processing chunk : 889192448
Dec 3, 2014 6:34:23 PM FingerPrint computeMagnitude
INFO: FingerPrint: :46581.0:27389.0:70227.0:162707.0:353361.0:718692.0:1295894.0:2792371.0:5544063.0:1.1005245E7 Result :2.201653E7
Dec 3, 2014 6:34:23 PM FingerPrint scan
INFO: Processing chunk : 905969664
Dec 3, 2014 6:34:23 PM FingerPrint computeMagnitude
INFO: FingerPrint: :25877.0:46676.0:57796.0:189685.0:352293.0:665941.0:1406624.0:2731149.0:5511708.0:1.1011385E7 Result :2.1999134E7
Dec 3, 2014 6:34:23 PM FingerPrint scan
INFO: Processing chunk : 922746880
Dec 3, 2014 6:34:23 PM FingerPrint computeMagnitude
INFO: FingerPrint: :20821.0:39160.0:58673.0:181848.0:252865.0:695023.0:1202765.0:2549182.0:5143381.0:9984492.0 Result :2.012821E7
Dec 3, 2014 6:34:23 PM FingerPrint scan
INFO: Processing chunk : 939524096
Dec 3, 2014 6:34:23 PM FingerPrint computeMagnitude
INFO: FingerPrint: :6574.0:62026.0:57985.0:180774.0:319280.0:665605.0:1403575.0:2714450.0:5387649.0:1.082557E7 Result :2.1623488E7
Dec 3, 2014 6:34:23 PM FingerPrint scan
INFO: Processing chunk : 956301312
Dec 3, 2014 6:34:23 PM FingerPrint computeMagnitude
INFO: FingerPrint: :29732.0:35600.0:69707.0:166165.0:301872.0:661022.0:1249233.0:2548051.0:5086166.0:1.0135278E7 Result :2.0282826E7
Dec 3, 2014 6:34:23 PM FingerPrint scan
INFO: Processing chunk : 973078528
Dec 3, 2014 6:34:23 PM FingerPrint computeMagnitude
INFO: FingerPrint: :28568.0:53656.0:79148.0:175471.0:344037.0:583324.0:1326871.0:2556668.0:5174565.0:1.0491908E7 Result :2.0814216E7
Dec 3, 2014 6:34:23 PM FingerPrint scan
INFO: Processing chunk : 989855744
Dec 3, 2014 6:34:23 PM FingerPrint computeMagnitude
INFO: FingerPrint: :13254.0:42287.0:46431.0:112793.0:215628.0:582386.0:1006977.0:2173832.0:4313394.0:8348040.0 Result :1.6855022E7
Dec 3, 2014 6:34:23 PM FingerPrint scan
INFO: Processing chunk : 1006632960
Dec 3, 2014 6:34:23 PM FingerPrint computeMagnitude
INFO: FingerPrint: :40480.0:75683.0:105551.0:229319.0:432258.0:804152.0:1731891.0:3466483.0:6847764.0:1.3802969E7 Result :2.753655E7
Dec 3, 2014 6:34:23 PM FingerPrint scan
INFO: Processing chunk : 1023410176
Dec 3, 2014 6:34:23 PM FingerPrint computeMagnitude
INFO: FingerPrint: :8841.0:67367.0:63848.0:212665.0:440757.0:921858.0:1857346.0:3641629.0:7274684.0:1.4413101E7 Result :2.8902096E7
Dec 3, 2014 6:34:23 PM FingerPrint scan
INFO: Processing chunk : 1040187392
Dec 3, 2014 6:34:23 PM FingerPrint computeMagnitude
INFO: FingerPrint: :40263.0:80116.0:86325.0:183884.0:469533.0:795919.0:1690322.0:3430143.0:6740200.0:1.3541534E7 Result :2.7058239E7
Dec 3, 2014 6:34:23 PM FingerPrint scan
INFO: Processing chunk : 1056964608
Dec 3, 2014 6:34:23 PM FingerPrint computeMagnitude
INFO: FingerPrint: :16850.0:73123.0:90150.0:207138.0:407515.0:906112.0:1795317.0:3529537.0:7101180.0:1.409881E7 Result :2.8225732E7
Dec 3, 2014 6:34:23 PM FingerPrint scan
INFO: Processing chunk : 1073741824
Dec 3, 2014 6:34:23 PM FingerPrint computeMagnitude
INFO: FingerPrint: :44733.0:46578.0:101741.0:194060.0:453136.0:938400.0:1804036.0:3574168.0:7203372.0:1.4375547E7 Result :2.8735771E7
Dec 3, 2014 6:34:23 PM FingerPrint scan
INFO: Processing chunk : 1090519040
Dec 3, 2014 6:34:23 PM FingerPrint computeMagnitude
INFO: FingerPrint: :29757.0:57485.0:118472.0:257306.0:407917.0:860939.0:1705652.0:3464925.0:6936604.0:1.3808194E7 Result :2.7647251E7
Dec 3, 2014 6:34:23 PM FingerPrint scan
INFO: Processing chunk : 1107296256
Dec 3, 2014 6:34:23 PM FingerPrint computeMagnitude
INFO: FingerPrint: :24259.0:45133.0:92739.0:200485.0:362066.0:751467.0:1392848.0:2910392.0:5810621.0:1.1506382E7 Result :2.3096392E7
Dec 3, 2014 6:34:23 PM FingerPrint scan
INFO: Processing chunk : 1124073472
Dec 3, 2014 6:34:23 PM FingerPrint computeMagnitude
INFO: FingerPrint: :20047.0:67037.0:66082.0:208356.0:260501.0:564039.0:1293534.0:2440527.0:4996159.0:1.0059607E7 Result :1.9975889E7
Dec 3, 2014 6:34:23 PM FingerPrint scan
INFO: Processing chunk : 1140850688
Dec 3, 2014 6:34:23 PM FingerPrint computeMagnitude
INFO: FingerPrint: :29132.0:36260.0:104686.0:145790.0:331495.0:671513.0:1268918.0:2703858.0:5388918.0:1.0569224E7 Result :2.1249794E7
Dec 3, 2014 6:34:23 PM FingerPrint scan
INFO: Processing chunk : 1157627904
Dec 3, 2014 6:34:23 PM FingerPrint computeMagnitude
INFO: FingerPrint: :24462.0:42176.0:68624.0:183411.0:335615.0:660156.0:1436649.0:2824621.0:5579025.0:1.1164492E7 Result :2.2319231E7
Dec 3, 2014 6:34:23 PM FingerPrint scan
INFO: Processing chunk : 1174405120
Dec 3, 2014 6:34:23 PM FingerPrint computeMagnitude
INFO: FingerPrint: :12000.0:42315.0:105328.0:196983.0:412821.0:633747.0:1393079.0:2804490.0:5636386.0:1.134098E7 Result :2.2578129E7
Dec 3, 2014 6:34:23 PM FingerPrint scan
INFO: Processing chunk : 1191182336
Dec 3, 2014 6:34:23 PM FingerPrint computeMagnitude
INFO: FingerPrint: :23512.0:49650.0:110027.0:182423.0:373344.0:779611.0:1565825.0:3101300.0:6249374.0:1.2500545E7 Result :2.4935611E7
Dec 3, 2014 6:34:23 PM FingerPrint scan
INFO: Processing chunk : 1207959552
Dec 3, 2014 6:34:23 PM FingerPrint computeMagnitude
INFO: FingerPrint: :16305.0:66438.0:98894.0:207912.0:412782.0:784956.0:1644881.0:3243455.0:6431286.0:1.3011576E7 Result :2.5918485E7
Dec 3, 2014 6:34:23 PM FingerPrint scan
INFO: Processing chunk : 1224736768
Dec 3, 2014 6:34:23 PM FingerPrint computeMagnitude
INFO: FingerPrint: :38569.0:24596.0:94797.0:191727.0:387538.0:723405.0:1459695.0:2964910.0:5894341.0:1.1761607E7 Result :2.3541185E7
Dec 3, 2014 6:34:23 PM FingerPrint scan
INFO: Processing chunk : 1241513984
Dec 3, 2014 6:34:23 PM FingerPrint computeMagnitude
INFO: FingerPrint: :9992.0:38150.0:71762.0:143650.0:240718.0:530518.0:1052212.0:2146239.0:4267041.0:8445142.0 Result :1.6945424E7
Dec 3, 2014 6:34:23 PM FingerPrint scan
INFO: Processing chunk : 1258291200
Dec 3, 2014 6:34:23 PM FingerPrint computeMagnitude
INFO: FingerPrint: :31216.0:72248.0:78731.0:242214.0:324732.0:813257.0:1575218.0:3165057.0:6444540.0:1.2711259E7 Result :2.5458472E7
Dec 3, 2014 6:34:23 PM FingerPrint scan
INFO: Processing chunk : 1275068416
Dec 3, 2014 6:34:23 PM FingerPrint computeMagnitude
INFO: FingerPrint: :35032.0:36960.0:85929.0:205265.0:369310.0:747561.0:1461777.0:2967296.0:6057222.0:1.1931386E7 Result :2.3897738E7
Dec 3, 2014 6:34:23 PM FingerPrint scan
INFO: Processing chunk : 1291845632
Dec 3, 2014 6:34:23 PM FingerPrint computeMagnitude
INFO: FingerPrint: :28457.0:36855.0:83397.0:192498.0:301228.0:637003.0:1222108.0:2438489.0:5054199.0:9985071.0 Result :1.9979305E7
Dec 3, 2014 6:34:23 PM FingerPrint scan
INFO: Processing chunk : 1308622848
Dec 3, 2014 6:34:23 PM FingerPrint computeMagnitude
INFO: FingerPrint: :56546.0:45122.0:151407.0:205998.0:473012.0:748443.0:1767016.0:3462145.0:6931240.0:1.413082E7 Result :2.7971749E7
Dec 3, 2014 6:34:23 PM FingerPrint scan
INFO: Processing chunk : 1325400064
Dec 3, 2014 6:34:23 PM FingerPrint computeMagnitude
INFO: FingerPrint: :23768.0:71607.0:141620.0:217298.0:473408.0:1065049.0:2150892.0:4299597.0:8458310.0:1.6679606E7 Result :3.3581155E7
Dec 3, 2014 6:34:23 PM FingerPrint scan
INFO: Processing chunk : 1342177280
Dec 3, 2014 6:34:23 PM FingerPrint computeMagnitude
INFO: FingerPrint: :49952.0:35206.0:124933.0:237429.0:505622.0:1029113.0:2016230.0:4100842.0:8073945.0:1.6104314E7 Result :3.2277586E7
Dec 3, 2014 6:34:23 PM FingerPrint scan
INFO: Processing chunk : 1358954496
Dec 3, 2014 6:34:23 PM FingerPrint computeMagnitude
INFO: FingerPrint: :26247.0:33037.0:107704.0:127098.0:353150.0:705190.0:1419280.0:2780846.0:5461154.0:1.0969524E7 Result :2.198323E7
Dec 3, 2014 6:34:23 PM FingerPrint scan
INFO: Processing chunk : 1375731712
Dec 3, 2014 6:34:23 PM FingerPrint computeMagnitude
INFO: FingerPrint: :16555.0:63393.0:127098.0:190308.0:473008.0:936407.0:1927995.0:3758438.0:7539808.0:1.5063677E7 Result :3.0096687E7
Dec 3, 2014 6:34:23 PM FingerPrint scan
INFO: Processing chunk : 1392508928
Dec 3, 2014 6:34:23 PM FingerPrint computeMagnitude
INFO: FingerPrint: :19039.0:65046.0:97125.0:223323.0:411419.0:864241.0:1677922.0:3394224.0:6750894.0:1.3479626E7 Result :2.6982859E7
Dec 3, 2014 6:34:23 PM FingerPrint scan
INFO: Processing chunk : 1409286144
Dec 3, 2014 6:34:23 PM FingerPrint computeMagnitude
INFO: FingerPrint: :26613.0:31499.0:88934.0:229323.0:499792.0:768879.0:1724325.0:3454709.0:6800295.0:1.3785946E7 Result :2.7410315E7
Dec 3, 2014 6:34:23 PM FingerPrint scan
INFO: Processing chunk : 1426063360
Dec 3, 2014 6:34:23 PM FingerPrint computeMagnitude
INFO: FingerPrint: :14546.0:22897.0:106803.0:203683.0:438903.0:762256.0:1714899.0:3457304.0:6761957.0:1.3568836E7 Result :2.7052084E7
Dec 3, 2014 6:34:23 PM FingerPrint scan
INFO: Processing chunk : 1442840576
Dec 3, 2014 6:34:23 PM FingerPrint computeMagnitude
INFO: FingerPrint: :31734.0:58847.0:62810.0:199625.0:481638.0:790465.0:1627277.0:3298273.0:6496897.0:1.3088681E7 Result :2.6136247E7
Dec 3, 2014 6:34:23 PM FingerPrint scan
INFO: Processing chunk : 1459617792
Dec 3, 2014 6:34:23 PM FingerPrint computeMagnitude
INFO: FingerPrint: :25035.0:42362.0:75719.0:192078.0:424089.0:703476.0:1451848.0:2967040.0:5910431.0:1.1819815E7 Result :2.3611893E7
Dec 3, 2014 6:34:23 PM FingerPrint scan
INFO: Processing chunk : 1476395008
Dec 3, 2014 6:34:23 PM FingerPrint computeMagnitude
INFO: FingerPrint: :19541.0:71068.0:59508.0:154928.0:252067.0:614380.0:1117436.0:2326233.0:4669411.0:9183071.0 Result :1.8467643E7
Dec 3, 2014 6:34:23 PM FingerPrint scan
INFO: Processing chunk : 1493172224
Dec 3, 2014 6:34:23 PM FingerPrint computeMagnitude
INFO: FingerPrint: :21568.0:38711.0:81128.0:140808.0:253693.0:441099.0:1005923.0:1973802.0:4061989.0:8071439.0 Result :1.609016E7
Dec 3, 2014 6:34:23 PM FingerPrint scan
INFO: Processing chunk : 1509949440
Dec 3, 2014 6:34:23 PM FingerPrint computeMagnitude
INFO: FingerPrint: :8357.0:15886.0:23929.0:92574.0:204365.0:344805.0:732145.0:1523681.0:2922957.0:5859615.0 Result :1.1728314E7
Dec 3, 2014 6:34:23 PM FingerPrint scan
INFO: Processing chunk : 1526726656
Dec 3, 2014 6:34:23 PM FingerPrint computeMagnitude
INFO: FingerPrint: :36711.0:58662.0:71932.0:200506.0:385803.0:728418.0:1428042.0:2984121.0:5916687.0:1.1899807E7 Result :2.3710689E7
Dec 3, 2014 6:34:23 PM FingerPrint scan
INFO: Processing chunk : 1543503872
Dec 3, 2014 6:34:23 PM FingerPrint computeMagnitude
INFO: FingerPrint: :20696.0:59708.0:120953.0:207089.0:380855.0:729827.0:1624444.0:3154316.0:6261892.0:1.2684397E7 Result :2.5244177E7
Dec 3, 2014 6:34:23 PM FingerPrint scan
INFO: Processing chunk : 1560281088
Dec 3, 2014 6:34:23 PM FingerPrint computeMagnitude
INFO: FingerPrint: :33484.0:51543.0:91188.0:167202.0:406175.0:778192.0:1548696.0:3013532.0:6157633.0:1.2303725E7 Result :2.455137E7
Dec 3, 2014 6:34:23 PM FingerPrint scan
INFO: Processing chunk : 1577058304
Dec 3, 2014 6:34:23 PM FingerPrint computeMagnitude
INFO: FingerPrint: :13904.0:67842.0:117372.0:170887.0:420373.0:908736.0:1685566.0:3464101.0:6879357.0:1.3707083E7 Result :2.7435221E7
Dec 3, 2014 6:34:23 PM FingerPrint scan
INFO: Processing chunk : 1593835520
Dec 3, 2014 6:34:23 PM FingerPrint computeMagnitude
INFO: FingerPrint: :14890.0:51432.0:104078.0:170785.0:342556.0:660376.0:1466349.0:2908707.0:5684368.0:1.1408825E7 Result :2.2812366E7
Dec 3, 2014 6:34:23 PM FingerPrint scan
INFO: Processing chunk : 1610612736
Dec 3, 2014 6:34:23 PM FingerPrint computeMagnitude
INFO: FingerPrint: :33081.0:46583.0:69182.0:208858.0:364618.0:765742.0:1524505.0:2959187.0:5995864.0:1.1978977E7 Result :2.3946597E7
Dec 3, 2014 6:34:23 PM FingerPrint scan
INFO: Processing chunk : 1627389952
Dec 3, 2014 6:34:23 PM FingerPrint computeMagnitude
INFO: FingerPrint: :9881.0:27578.0:70730.0:104619.0:227659.0:450682.0:885746.0:1776063.0:3539583.0:7121262.0 Result :1.4213803E7
Dec 3, 2014 6:34:23 PM FingerPrint scan
INFO: Processing chunk : 1644167168
Dec 3, 2014 6:34:23 PM FingerPrint computeMagnitude
INFO: FingerPrint: :9272.0:19182.0:26162.0:48459.0:96969.0:168873.0:387954.0:764184.0:1514727.0:3066670.0 Result :6102452.0
Dec 3, 2014 6:34:23 PM FingerPrint scan
INFO: Processing chunk : 1660944384
Dec 3, 2014 6:34:23 PM FingerPrint computeMagnitude
INFO: FingerPrint: :2892.0:6525.0:17123.0:33894.0:55810.0:148480.0:260257.0:541598.0:1079871.0:2119332.0 Result :4265782.0
Dec 3, 2014 6:34:23 PM FingerPrint scan
INFO: Processing chunk : 1677721600
Dec 3, 2014 6:34:23 PM FingerPrint computeMagnitude
INFO: FingerPrint: :41591.0:39001.0:95922.0:171753.0:395598.0:644992.0:1389019.0:2767310.0:5464284.0:1.1070679E7 Result :2.2080149E7
Dec 3, 2014 6:34:23 PM FingerPrint scan
INFO: Processing chunk : 1694498816
Dec 3, 2014 6:34:23 PM FingerPrint computeMagnitude
INFO: FingerPrint: :7799.0:64884.0:100965.0:221287.0:472734.0:813109.0:1620363.0:3350949.0:6701825.0:1.3353293E7 Result :2.6707208E7
Dec 3, 2014 6:34:23 PM FingerPrint scan
INFO: Processing chunk : 1711276032
Dec 3, 2014 6:34:23 PM FingerPrint computeMagnitude
INFO: FingerPrint: :12679.0:20296.0:47875.0:52479.0:182818.0:282538.0:528325.0:1153563.0:2266564.0:4567878.0 Result :9115015.0
Dec 3, 2014 6:34:23 PM FingerPrint scan
INFO: Processing chunk : 1728053248
Dec 3, 2014 6:34:23 PM FingerPrint computeMagnitude
INFO: FingerPrint: :17166.0:20635.0:45081.0:85876.0:192634.0:435925.0:854826.0:1656388.0:3346664.0:6655354.0 Result :1.3310549E7
Dec 3, 2014 6:34:23 PM FingerPrint scan
INFO: Processing chunk : 1744830464
Dec 3, 2014 6:34:23 PM FingerPrint computeMagnitude
INFO: FingerPrint: :52253.0:32543.0:66711.0:130945.0:364751.0:832023.0:1531098.0:3115270.0:6133149.0:1.2062127E7 Result :2.432087E7
Dec 3, 2014 6:34:23 PM FingerPrint scan
INFO: Processing chunk : 1761607680
Dec 3, 2014 6:34:23 PM FingerPrint computeMagnitude
INFO: FingerPrint: :26291.0:70519.0:105011.0:198488.0:320604.0:798160.0:1511332.0:3092713.0:6172634.0:1.2210753E7 Result :2.4506505E7
Dec 3, 2014 6:34:23 PM FingerPrint scan
INFO: Processing chunk : 1778384896
Dec 3, 2014 6:34:23 PM FingerPrint computeMagnitude
INFO: FingerPrint: :24822.0:56555.0:42461.0:219408.0:417793.0:611658.0:1443454.0:2810481.0:5630302.0:1.149224E7 Result :2.2749174E7
Dec 3, 2014 6:34:23 PM AudioFileComparator fingerPrint
INFO: Trying to get fingerprint for file : /course/cs5500f14/Assignments/A5/Sor4959.wav
Dec 3, 2014 6:34:24 PM FingerPrint scan
INFO: Processing chunk : 0
Dec 3, 2014 6:34:24 PM FingerPrint computeMagnitude
INFO: FingerPrint: :9633.0:31705.0:82249.0:151371.0:298083.0:557571.0:1075844.0:2114851.0:4289697.0:8606217.0 Result :1.7217221E7
Dec 3, 2014 6:34:24 PM FingerPrint scan
INFO: Processing chunk : 16777216
Dec 3, 2014 6:34:24 PM FingerPrint computeMagnitude
INFO: FingerPrint: :10513.0:60097.0:42399.0:122717.0:210067.0:471305.0:1007850.0:1968924.0:3917807.0:7762162.0 Result :1.5573841E7
Dec 3, 2014 6:34:24 PM FingerPrint scan
INFO: Processing chunk : 33554432
Dec 3, 2014 6:34:24 PM FingerPrint computeMagnitude
INFO: FingerPrint: :16021.0:28097.0:36500.0:132076.0:228406.0:413104.0:1076842.0:1939531.0:3874367.0:7873106.0 Result :1.561805E7
Dec 3, 2014 6:34:24 PM FingerPrint scan
INFO: Processing chunk : 50331648
Dec 3, 2014 6:34:24 PM FingerPrint computeMagnitude
INFO: FingerPrint: :11651.0:19509.0:94916.0:116612.0:295269.0:534360.0:966623.0:2058465.0:4078233.0:8184060.0 Result :1.6359698E7
Dec 3, 2014 6:34:24 PM FingerPrint scan
INFO: Processing chunk : 67108864
Dec 3, 2014 6:34:24 PM FingerPrint computeMagnitude
INFO: FingerPrint: :18962.0:46091.0:39936.0:133919.0:244502.0:475554.0:1057886.0:1994122.0:3995080.0:7999821.0 Result :1.6005873E7
Dec 3, 2014 6:34:24 PM FingerPrint scan
INFO: Processing chunk : 83886080
Dec 3, 2014 6:34:24 PM FingerPrint computeMagnitude
INFO: FingerPrint: :23212.0:33514.0:49109.0:110392.0:253600.0:494166.0:997813.0:2022044.0:4010071.0:8009359.0 Result :1.600328E7
Dec 3, 2014 6:34:24 PM FingerPrint scan
INFO: Processing chunk : 100663296
Dec 3, 2014 6:34:24 PM FingerPrint computeMagnitude
INFO: FingerPrint: :23771.0:50979.0:72970.0:88127.0:242684.0:448074.0:856704.0:1863802.0:3612254.0:7300892.0 Result :1.4560257E7
Dec 3, 2014 6:34:24 PM FingerPrint scan
INFO: Processing chunk : 117440512
Dec 3, 2014 6:34:24 PM FingerPrint computeMagnitude
INFO: FingerPrint: :6760.0:38818.0:74878.0:91588.0:259632.0:443055.0:905196.0:1823804.0:3678532.0:7328953.0 Result :1.4651216E7
Dec 3, 2014 6:34:24 PM FingerPrint scan
INFO: Processing chunk : 134217728
Dec 3, 2014 6:34:24 PM FingerPrint computeMagnitude
INFO: FingerPrint: :7428.0:24525.0:43746.0:139757.0:234908.0:407770.0:949402.0:1788285.0:3590063.0:7224657.0 Result :1.4410541E7
Dec 3, 2014 6:34:24 PM FingerPrint scan
INFO: Processing chunk : 150994944
Dec 3, 2014 6:34:24 PM FingerPrint computeMagnitude
INFO: FingerPrint: :8869.0:37404.0:35685.0:99484.0:198215.0:502213.0:927698.0:1830845.0:3673581.0:7346452.0 Result :1.4660446E7
Dec 3, 2014 6:34:24 PM FingerPrint scan
INFO: Processing chunk : 167772160
Dec 3, 2014 6:34:24 PM FingerPrint computeMagnitude
INFO: FingerPrint: :7055.0:42640.0:51689.0:135211.0:221283.0:518218.0:1052788.0:2100409.0:4209503.0:8294269.0 Result :1.6633065E7
Dec 3, 2014 6:34:24 PM FingerPrint scan
INFO: Processing chunk : 184549376
Dec 3, 2014 6:34:24 PM FingerPrint computeMagnitude
INFO: FingerPrint: :6866.0:62227.0:94190.0:317514.0:596509.0:1108494.0:2179310.0:4414398.0:8807115.0:1.7622642E7 Result :3.5209265E7
Dec 3, 2014 6:34:24 PM FingerPrint scan
INFO: Processing chunk : 201326592
Dec 3, 2014 6:34:24 PM FingerPrint computeMagnitude
INFO: FingerPrint: :59450.0:80863.0:150246.0:276721.0:649442.0:1209393.0:2492545.0:4910574.0:9781361.0:1.9673158E7 Result :3.9283753E7
Dec 3, 2014 6:34:24 PM FingerPrint scan
INFO: Processing chunk : 218103808
Dec 3, 2014 6:34:24 PM FingerPrint computeMagnitude
INFO: FingerPrint: :10117.0:104436.0:147834.0:311423.0:605021.0:1276518.0:2471689.0:5019837.0:1.0040207E7:2.001199E7 Result :3.9999072E7
Dec 3, 2014 6:34:24 PM FingerPrint scan
INFO: Processing chunk : 234881024
Dec 3, 2014 6:34:24 PM FingerPrint computeMagnitude
INFO: FingerPrint: :55281.0:94313.0:96535.0:316634.0:598747.0:1101536.0:2306106.0:4580171.0:9177881.0:1.8410051E7 Result :3.6737255E7
Dec 3, 2014 6:34:24 PM FingerPrint scan
INFO: Processing chunk : 251658240
Dec 3, 2014 6:34:24 PM FingerPrint computeMagnitude
INFO: FingerPrint: :13202.0:42474.0:92081.0:334721.0:527003.0:1041807.0:2172810.0:4179878.0:8484975.0:1.7034349E7 Result :3.39233E7
Dec 3, 2014 6:34:24 PM FingerPrint scan
INFO: Processing chunk : 268435456
Dec 3, 2014 6:34:24 PM FingerPrint computeMagnitude
INFO: FingerPrint: :45262.0:72382.0:98444.0:253086.0:500137.0:979090.0:2101625.0:4018762.0:8159856.0:1.6355946E7 Result :3.258459E7
Dec 3, 2014 6:34:24 PM FingerPrint scan
INFO: Processing chunk : 285212672
Dec 3, 2014 6:34:24 PM FingerPrint computeMagnitude
INFO: FingerPrint: :20987.0:61040.0:177260.0:148362.0:499643.0:817306.0:1710042.0:3550160.0:7008628.0:1.4012768E7 Result :2.8006196E7
Dec 3, 2014 6:34:24 PM FingerPrint scan
INFO: Processing chunk : 301989888
Dec 3, 2014 6:34:24 PM FingerPrint computeMagnitude
INFO: FingerPrint: :17984.0:21027.0:153582.0:211471.0:488658.0:918796.0:1667469.0:3548893.0:6968875.0:1.38691E7 Result :2.7865855E7
Dec 3, 2014 6:34:24 PM FingerPrint scan
INFO: Processing chunk : 318767104
Dec 3, 2014 6:34:24 PM FingerPrint computeMagnitude
INFO: FingerPrint: :17458.0:57774.0:68828.0:282890.0:383242.0:784242.0:1549890.0:3068270.0:6286000.0:1.2526242E7 Result :2.5024836E7
Dec 3, 2014 6:34:24 PM FingerPrint scan
INFO: Processing chunk : 335544320
Dec 3, 2014 6:34:24 PM FingerPrint computeMagnitude
INFO: FingerPrint: :43692.0:82678.0:59192.0:191220.0:423675.0:678615.0:1655101.0:3057097.0:6170688.0:1.2540462E7 Result :2.490242E7
Dec 3, 2014 6:34:24 PM FingerPrint scan
INFO: Processing chunk : 352321536
Dec 3, 2014 6:34:24 PM FingerPrint computeMagnitude
INFO: FingerPrint: :8315.0:24597.0:61526.0:143823.0:412778.0:676349.0:1252717.0:2578623.0:5118468.0:1.0331706E7 Result :2.0608902E7
Dec 3, 2014 6:34:24 PM FingerPrint scan
INFO: Processing chunk : 369098752
Dec 3, 2014 6:34:24 PM FingerPrint computeMagnitude
INFO: FingerPrint: :55245.0:36974.0:97668.0:186205.0:325396.0:789060.0:1532129.0:3097969.0:6123705.0:1.2281694E7 Result :2.4526045E7
Dec 3, 2014 6:34:24 PM FingerPrint scan
INFO: Processing chunk : 385875968
Dec 3, 2014 6:34:24 PM FingerPrint computeMagnitude
INFO: FingerPrint: :48360.0:44341.0:167820.0:249693.0:467256.0:1037396.0:1871927.0:4023364.0:7942743.0:1.5804812E7 Result :3.1657712E7
Dec 3, 2014 6:34:24 PM FingerPrint scan
INFO: Processing chunk : 402653184
Dec 3, 2014 6:34:24 PM FingerPrint computeMagnitude
INFO: FingerPrint: :56832.0:76623.0:102071.0:208809.0:403597.0:890790.0:1794799.0:3488466.0:7135771.0:1.4235877E7 Result :2.8393635E7
Dec 3, 2014 6:34:24 PM FingerPrint scan
INFO: Processing chunk : 419430400
Dec 3, 2014 6:34:24 PM FingerPrint computeMagnitude
INFO: FingerPrint: :22147.0:33752.0:40684.0:216510.0:392849.0:793614.0:1739398.0:3297819.0:6531985.0:1.3110042E7 Result :2.61788E7
Dec 3, 2014 6:34:24 PM FingerPrint scan
INFO: Processing chunk : 436207616
Dec 3, 2014 6:34:24 PM FingerPrint computeMagnitude
INFO: FingerPrint: :23020.0:52980.0:71813.0:132366.0:445027.0:765226.0:1696964.0:3306485.0:6386708.0:1.3019776E7 Result :2.5900365E7
Dec 3, 2014 6:34:24 PM FingerPrint scan
INFO: Processing chunk : 452984832
Dec 3, 2014 6:34:24 PM FingerPrint computeMagnitude
INFO: FingerPrint: :20767.0:62621.0:109340.0:235123.0:385810.0:821954.0:1626604.0:3171095.0:6469837.0:1.2914713E7 Result :2.5817864E7
Dec 3, 2014 6:34:24 PM FingerPrint scan
INFO: Processing chunk : 469762048
Dec 3, 2014 6:34:24 PM FingerPrint computeMagnitude
INFO: FingerPrint: :31364.0:31031.0:133736.0:173059.0:412675.0:755929.0:1426302.0:3116862.0:6081225.0:1.2201897E7 Result :2.436408E7
Dec 3, 2014 6:34:24 PM FingerPrint scan
INFO: Processing chunk : 486539264
Dec 3, 2014 6:34:24 PM FingerPrint computeMagnitude
INFO: FingerPrint: :6847.0:76880.0:145069.0:155370.0:474815.0:911649.0:1622398.0:3498325.0:6833211.0:1.3632068E7 Result :2.7356632E7
Dec 3, 2014 6:34:24 PM FingerPrint scan
INFO: Processing chunk : 503316480
Dec 3, 2014 6:34:24 PM FingerPrint computeMagnitude
INFO: FingerPrint: :30432.0:78271.0:119777.0:201957.0:539348.0:1029065.0:1995239.0:4069324.0:8032972.0:1.6100912E7 Result :3.2197297E7
Dec 3, 2014 6:34:24 PM FingerPrint scan
INFO: Processing chunk : 520093696
Dec 3, 2014 6:34:24 PM FingerPrint computeMagnitude
INFO: FingerPrint: :18906.0:30714.0:101961.0:262742.0:486457.0:938128.0:1868870.0:3663611.0:7341022.0:1.4769781E7 Result :2.9482192E7
Dec 3, 2014 6:34:24 PM FingerPrint scan
INFO: Processing chunk : 536870912
Dec 3, 2014 6:34:24 PM FingerPrint computeMagnitude
INFO: FingerPrint: :20362.0:56031.0:103485.0:231179.0:435961.0:845656.0:1701621.0:3398152.0:6813594.0:1.3582942E7 Result :2.7188983E7
Dec 3, 2014 6:34:24 PM FingerPrint scan
INFO: Processing chunk : 553648128
Dec 3, 2014 6:34:24 PM FingerPrint computeMagnitude
INFO: FingerPrint: :11431.0:64565.0:64484.0:111267.0:412009.0:621718.0:1412825.0:2920757.0:5616152.0:1.133693E7 Result :2.2572138E7
Dec 3, 2014 6:34:24 PM FingerPrint scan
INFO: Processing chunk : 570425344
Dec 3, 2014 6:34:24 PM FingerPrint computeMagnitude
INFO: FingerPrint: :13881.0:6597.0:80991.0:176328.0:298317.0:736584.0:1345314.0:2729491.0:5447876.0:1.0775316E7 Result :2.1610695E7
Dec 3, 2014 6:34:24 PM FingerPrint scan
INFO: Processing chunk : 587202560
Dec 3, 2014 6:34:24 PM FingerPrint computeMagnitude
INFO: FingerPrint: :11093.0:42181.0:96467.0:220296.0:408107.0:740296.0:1541145.0:3087734.0:6100694.0:1.2295847E7 Result :2.454386E7
Dec 3, 2014 6:34:24 PM FingerPrint scan
INFO: Processing chunk : 603979776
Dec 3, 2014 6:34:24 PM FingerPrint computeMagnitude
INFO: FingerPrint: :28277.0:43147.0:135885.0:233303.0:451910.0:805694.0:1683600.0:3403551.0:6712638.0:1.3490656E7 Result :2.6988661E7
Dec 3, 2014 6:34:24 PM FingerPrint scan
INFO: Processing chunk : 620756992
Dec 3, 2014 6:34:24 PM FingerPrint computeMagnitude
INFO: FingerPrint: :42533.0:54308.0:100131.0:227844.0:439623.0:916621.0:1776895.0:3536171.0:7079615.0:1.4269127E7 Result :2.8442868E7
Dec 3, 2014 6:34:24 PM FingerPrint scan
INFO: Processing chunk : 637534208
Dec 3, 2014 6:34:24 PM FingerPrint computeMagnitude
INFO: FingerPrint: :10105.0:68300.0:109552.0:196774.0:340462.0:795505.0:1555835.0:3091324.0:6288758.0:1.2447921E7 Result :2.4904536E7
Dec 3, 2014 6:34:24 PM FingerPrint scan
INFO: Processing chunk : 654311424
Dec 3, 2014 6:34:24 PM FingerPrint computeMagnitude
INFO: FingerPrint: :27732.0:26821.0:82738.0:212349.0:405724.0:658502.0:1500061.0:2917588.0:5920474.0:1.1882994E7 Result :2.3634983E7
Dec 3, 2014 6:34:24 PM FingerPrint scan
INFO: Processing chunk : 671088640
Dec 3, 2014 6:34:24 PM FingerPrint computeMagnitude
INFO: FingerPrint: :40133.0:43264.0:67723.0:158214.0:341065.0:681854.0:1297122.0:2706937.0:5385088.0:1.0730883E7 Result :2.1452283E7
Dec 3, 2014 6:34:24 PM FingerPrint scan
INFO: Processing chunk : 687865856
Dec 3, 2014 6:34:24 PM FingerPrint computeMagnitude
INFO: FingerPrint: :20146.0:56114.0:111438.0:173473.0:311116.0:669229.0:1331688.0:2682555.0:5398986.0:1.0739048E7 Result :2.1493793E7
Dec 3, 2014 6:34:24 PM FingerPrint scan
INFO: Processing chunk : 704643072
Dec 3, 2014 6:34:24 PM FingerPrint computeMagnitude
INFO: FingerPrint: :38954.0:72263.0:103199.0:166195.0:399235.0:884249.0:1599618.0:3285895.0:6577008.0:1.3136188E7 Result :2.6262804E7
Dec 3, 2014 6:34:24 PM FingerPrint scan
INFO: Processing chunk : 721420288
Dec 3, 2014 6:34:24 PM FingerPrint computeMagnitude
INFO: FingerPrint: :50687.0:70637.0:86494.0:187202.0:538993.0:796196.0:1816665.0:3448564.0:6896964.0:1.4094554E7 Result :2.7986956E7
Dec 3, 2014 6:34:24 PM FingerPrint scan
INFO: Processing chunk : 738197504
Dec 3, 2014 6:34:24 PM FingerPrint computeMagnitude
INFO: FingerPrint: :15853.0:56307.0:107081.0:218595.0:391718.0:886956.0:1640654.0:3289642.0:6584931.0:1.3167592E7 Result :2.6359329E7
Dec 3, 2014 6:34:24 PM FingerPrint scan
INFO: Processing chunk : 754974720
Dec 3, 2014 6:34:24 PM FingerPrint computeMagnitude
INFO: FingerPrint: :46060.0:40608.0:89441.0:231394.0:407936.0:770126.0:1689150.0:3295294.0:6568076.0:1.3209746E7 Result :2.6347831E7
Dec 3, 2014 6:34:24 PM FingerPrint scan
INFO: Processing chunk : 771751936
Dec 3, 2014 6:34:24 PM FingerPrint computeMagnitude
INFO: FingerPrint: :19957.0:23304.0:99892.0:161181.0:426461.0:806768.0:1551470.0:3179610.0:6310306.0:1.2689299E7 Result :2.5268248E7
Dec 3, 2014 6:34:24 PM FingerPrint scan
INFO: Processing chunk : 788529152
Dec 3, 2014 6:34:24 PM FingerPrint computeMagnitude
INFO: FingerPrint: :41912.0:44007.0:111516.0:242137.0:551575.0:1048560.0:1923480.0:3978267.0:8017402.0:1.5805704E7 Result :3.176456E7
Dec 3, 2014 6:34:24 PM FingerPrint scan
INFO: Processing chunk : 805306368
Dec 3, 2014 6:34:24 PM FingerPrint computeMagnitude
INFO: FingerPrint: :37558.0:81519.0:77647.0:256452.0:432723.0:954255.0:1867873.0:3751529.0:7566837.0:1.4956241E7 Result :2.9982634E7
Dec 3, 2014 6:34:24 PM FingerPrint scan
INFO: Processing chunk : 822083584
Dec 3, 2014 6:34:24 PM FingerPrint computeMagnitude
INFO: FingerPrint: :49407.0:63536.0:77217.0:211264.0:443544.0:840650.0:1715991.0:3392260.0:6725380.0:1.3496306E7 Result :2.7015555E7
Dec 3, 2014 6:34:24 PM FingerPrint scan
INFO: Processing chunk : 838860800
Dec 3, 2014 6:34:24 PM FingerPrint computeMagnitude
INFO: FingerPrint: :40181.0:68145.0:50367.0:247286.0:457375.0:830982.0:1808627.0:3491264.0:7013578.0:1.4103906E7 Result :2.8111711E7
Dec 3, 2014 6:34:24 PM FingerPrint scan
INFO: Processing chunk : 855638016
Dec 3, 2014 6:34:24 PM FingerPrint computeMagnitude
INFO: FingerPrint: :41992.0:42694.0:104071.0:157809.0:417691.0:847543.0:1718154.0:3402700.0:6649894.0:1.3304314E7 Result :2.6686862E7
Dec 3, 2014 6:34:24 PM FingerPrint scan
INFO: Processing chunk : 872415232
Dec 3, 2014 6:34:24 PM FingerPrint computeMagnitude
INFO: FingerPrint: :39600.0:40431.0:91459.0:212369.0:417823.0:791912.0:1703654.0:3381781.0:6620757.0:1.331949E7 Result :2.6619276E7
Dec 3, 2014 6:34:24 PM FingerPrint scan
INFO: Processing chunk : 889192448
Dec 3, 2014 6:34:24 PM FingerPrint computeMagnitude
INFO: FingerPrint: :49194.0:29403.0:74009.0:171083.0:373177.0:757302.0:1361656.0:2938797.0:5837690.0:1.158336E7 Result :2.3175671E7
Dec 3, 2014 6:34:24 PM FingerPrint scan
INFO: Processing chunk : 905969664
Dec 3, 2014 6:34:24 PM FingerPrint computeMagnitude
INFO: FingerPrint: :27106.0:49430.0:61104.0:199780.0:370470.0:702091.0:1481117.0:2873267.0:5803107.0:1.1591244E7 Result :2.3158716E7
Dec 3, 2014 6:34:24 PM FingerPrint scan
INFO: Processing chunk : 922746880
Dec 3, 2014 6:34:24 PM FingerPrint computeMagnitude
INFO: FingerPrint: :21791.0:41265.0:62101.0:191400.0:265919.0:731582.0:1267087.0:2685708.0:5418220.0:1.0518547E7 Result :2.120362E7
Dec 3, 2014 6:34:24 PM FingerPrint scan
INFO: Processing chunk : 939524096
Dec 3, 2014 6:34:24 PM FingerPrint computeMagnitude
INFO: FingerPrint: :7018.0:64940.0:60945.0:190390.0:335559.0:700041.0:1475725.0:2854605.0:5663990.0:1.1380536E7 Result :2.2733749E7
Dec 3, 2014 6:34:24 PM FingerPrint scan
INFO: Processing chunk : 956301312
Dec 3, 2014 6:34:24 PM FingerPrint computeMagnitude
INFO: FingerPrint: :31231.0:37853.0:73787.0:174587.0:317874.0:693295.0:1314020.0:2682575.0:5351167.0:1.0664516E7 Result :2.1340905E7
Dec 3, 2014 6:34:24 PM FingerPrint scan
INFO: Processing chunk : 973078528
Dec 3, 2014 6:34:24 PM FingerPrint computeMagnitude
INFO: FingerPrint: :29908.0:56052.0:82453.0:183801.0:361199.0:614067.0:1397751.0:2690596.0:5448022.0:1.104036E7 Result :2.1904209E7
Dec 3, 2014 6:34:24 PM FingerPrint scan
INFO: Processing chunk : 989855744
Dec 3, 2014 6:34:24 PM FingerPrint computeMagnitude
INFO: FingerPrint: :13968.0:44711.0:48946.0:118623.0:225848.0:612972.0:1059834.0:2287713.0:4541358.0:8786985.0 Result :1.7740958E7
Dec 3, 2014 6:34:24 PM FingerPrint scan
INFO: Processing chunk : 1006632960
Dec 3, 2014 6:34:24 PM FingerPrint computeMagnitude
INFO: FingerPrint: :42430.0:79587.0:111345.0:240765.0:454191.0:846163.0:1824987.0:3646972.0:7208352.0:1.4525405E7 Result :2.8980197E7
Dec 3, 2014 6:34:24 PM FingerPrint scan
INFO: Processing chunk : 1023410176
Dec 3, 2014 6:34:24 PM FingerPrint computeMagnitude
INFO: FingerPrint: :9690.0:70724.0:67261.0:224099.0:462990.0:970264.0:1953878.0:3831872.0:7655532.0:1.5165813E7 Result :3.0412123E7
Dec 3, 2014 6:34:24 PM FingerPrint scan
INFO: Processing chunk : 1040187392
Dec 3, 2014 6:34:24 PM FingerPrint computeMagnitude
INFO: FingerPrint: :42377.0:84302.0:90346.0:192907.0:493883.0:837250.0:1776843.0:3609300.0:7087242.0:1.4241259E7 Result :2.8455709E7
Dec 3, 2014 6:34:24 PM FingerPrint scan
INFO: Processing chunk : 1056964608
Dec 3, 2014 6:34:24 PM FingerPrint computeMagnitude
INFO: FingerPrint: :17658.0:76983.0:95028.0:217973.0:430513.0:954699.0:1894322.0:3720934.0:7485505.0:1.4864833E7 Result :2.9758448E7
Dec 3, 2014 6:34:24 PM FingerPrint scan
INFO: Processing chunk : 1073741824
Dec 3, 2014 6:34:24 PM FingerPrint computeMagnitude
INFO: FingerPrint: :47387.0:49182.0:106823.0:203970.0:477280.0:989036.0:1901114.0:3763681.0:7587916.0:1.51427E7 Result :3.0269089E7
Dec 3, 2014 6:34:24 PM FingerPrint scan
INFO: Processing chunk : 1090519040
Dec 3, 2014 6:34:24 PM FingerPrint computeMagnitude
INFO: FingerPrint: :31255.0:60977.0:124786.0:269933.0:430135.0:908807.0:1795848.0:3650646.0:7305148.0:1.4541601E7 Result :2.9119136E7
Dec 3, 2014 6:34:24 PM FingerPrint scan
INFO: Processing chunk : 1107296256
Dec 3, 2014 6:34:24 PM FingerPrint computeMagnitude
INFO: FingerPrint: :25393.0:47427.0:97301.0:211181.0:380672.0:790561.0:1465193.0:3061385.0:6111881.0:1.2104177E7 Result :2.4295171E7
Dec 3, 2014 6:34:24 PM FingerPrint scan
INFO: Processing chunk : 1124073472
Dec 3, 2014 6:34:24 PM FingerPrint computeMagnitude
INFO: FingerPrint: :20936.0:70509.0:69586.0:219582.0:274768.0:592532.0:1361606.0:2566346.0:5254416.0:1.0582134E7 Result :2.1012415E7
Dec 3, 2014 6:34:24 PM FingerPrint scan
INFO: Processing chunk : 1140850688
Dec 3, 2014 6:34:24 PM FingerPrint computeMagnitude
INFO: FingerPrint: :30834.0:38239.0:110166.0:153477.0:348212.0:706861.0:1335453.0:2845246.0:5672617.0:1.11252E7 Result :2.2366305E7
Dec 3, 2014 6:34:24 PM FingerPrint scan
INFO: Processing chunk : 1157627904
Dec 3, 2014 6:34:24 PM FingerPrint computeMagnitude
INFO: FingerPrint: :25620.0:44263.0:72122.0:194362.0:354501.0:697400.0:1513725.0:2977904.0:5882736.0:1.1777303E7 Result :2.3539936E7
Dec 3, 2014 6:34:24 PM FingerPrint scan
INFO: Processing chunk : 1174405120
Dec 3, 2014 6:34:24 PM FingerPrint computeMagnitude
INFO: FingerPrint: :12876.0:45248.0:110831.0:207559.0:436064.0:668724.0:1466798.0:2955944.0:5938247.0:1.1951854E7 Result :2.3794145E7
Dec 3, 2014 6:34:24 PM FingerPrint scan
INFO: Processing chunk : 1191182336
Dec 3, 2014 6:34:24 PM FingerPrint computeMagnitude
INFO: FingerPrint: :24971.0:52276.0:115410.0:191725.0:392476.0:819438.0:1648425.0:3261294.0:6574350.0:1.3150178E7 Result :2.6230543E7
Dec 3, 2014 6:34:24 PM FingerPrint scan
INFO: Processing chunk : 1207959552
Dec 3, 2014 6:34:24 PM FingerPrint computeMagnitude
INFO: FingerPrint: :16916.0:70060.0:104056.0:219068.0:434387.0:827185.0:1733299.0:3415502.0:6774185.0:1.3703943E7 Result :2.7298601E7
Dec 3, 2014 6:34:24 PM FingerPrint scan
INFO: Processing chunk : 1224736768
Dec 3, 2014 6:34:24 PM FingerPrint computeMagnitude
INFO: FingerPrint: :40276.0:26220.0:100073.0:201252.0:408269.0:759056.0:1536287.0:3118385.0:6198170.0:1.2372273E7 Result :2.4760261E7
Dec 3, 2014 6:34:24 PM FingerPrint scan
INFO: Processing chunk : 1241513984
Dec 3, 2014 6:34:24 PM FingerPrint computeMagnitude
INFO: FingerPrint: :10649.0:40099.0:75491.0:151309.0:253685.0:559047.0:1107768.0:2260727.0:4494605.0:8895026.0 Result :1.7848406E7
Dec 3, 2014 6:34:24 PM FingerPrint scan
INFO: Processing chunk : 1258291200
Dec 3, 2014 6:34:24 PM FingerPrint computeMagnitude
INFO: FingerPrint: :32874.0:76398.0:82557.0:255332.0:341903.0:856460.0:1657204.0:3327966.0:6778170.0:1.3370307E7 Result :2.6779171E7
Dec 3, 2014 6:34:24 PM FingerPrint scan
INFO: Processing chunk : 1275068416
Dec 3, 2014 6:34:24 PM FingerPrint computeMagnitude
INFO: FingerPrint: :36858.0:38826.0:90598.0:216107.0:388320.0:786276.0:1538339.0:3122961.0:6375081.0:1.2557719E7 Result :2.5151085E7
Dec 3, 2014 6:34:24 PM FingerPrint scan
INFO: Processing chunk : 1291845632
Dec 3, 2014 6:34:24 PM FingerPrint computeMagnitude
INFO: FingerPrint: :30141.0:38423.0:87678.0:203152.0:317242.0:668434.0:1289041.0:2571231.0:5320124.0:1.0515307E7 Result :2.1040773E7
Dec 3, 2014 6:34:24 PM FingerPrint scan
INFO: Processing chunk : 1308622848
Dec 3, 2014 6:34:24 PM FingerPrint computeMagnitude
INFO: FingerPrint: :59108.0:47747.0:160540.0:218669.0:497711.0:791675.0:1856639.0:3652079.0:7308252.0:1.4902685E7 Result :2.9495105E7
Dec 3, 2014 6:34:24 PM FingerPrint scan
INFO: Processing chunk : 1325400064
Dec 3, 2014 6:34:24 PM FingerPrint computeMagnitude
INFO: FingerPrint: :24945.0:75725.0:149594.0:228797.0:499248.0:1122510.0:2269891.0:4535514.0:8922446.0:1.7599389E7 Result :3.5428059E7
Dec 3, 2014 6:34:24 PM FingerPrint scan
INFO: Processing chunk : 1342177280
Dec 3, 2014 6:34:24 PM FingerPrint computeMagnitude
INFO: FingerPrint: :52733.0:36962.0:131492.0:249944.0:533012.0:1083183.0:2122340.0:4317107.0:8499100.0:1.6951493E7 Result :3.3977366E7
Dec 3, 2014 6:34:24 PM FingerPrint scan
INFO: Processing chunk : 1358954496
Dec 3, 2014 6:34:24 PM FingerPrint computeMagnitude
INFO: FingerPrint: :27234.0:35099.0:113326.0:133079.0:371409.0:744316.0:1497774.0:2932372.0:5759463.0:1.1566999E7 Result :2.3181071E7
Dec 3, 2014 6:34:24 PM FingerPrint scan
INFO: Processing chunk : 1375731712
Dec 3, 2014 6:34:24 PM FingerPrint computeMagnitude
INFO: FingerPrint: :17393.0:67123.0:133923.0:200638.0:498886.0:986083.0:2030763.0:3958239.0:7941161.0:1.5869847E7 Result :3.1704056E7
Dec 3, 2014 6:34:24 PM FingerPrint scan
INFO: Processing chunk : 1392508928
Dec 3, 2014 6:34:24 PM FingerPrint computeMagnitude
INFO: FingerPrint: :20322.0:68477.0:101688.0:234931.0:432831.0:909730.0:1765495.0:3572772.0:7107110.0:1.4187178E7 Result :2.8400534E7
Dec 3, 2014 6:34:24 PM FingerPrint scan
INFO: Processing chunk : 1409286144
Dec 3, 2014 6:34:24 PM FingerPrint computeMagnitude
INFO: FingerPrint: :27852.0:33183.0:93798.0:242154.0:525886.0:809318.0:1815101.0:3636067.0:7158235.0:1.4511628E7 Result :2.8853222E7
Dec 3, 2014 6:34:24 PM FingerPrint scan
INFO: Processing chunk : 1426063360
Dec 3, 2014 6:34:24 PM FingerPrint computeMagnitude
INFO: FingerPrint: :15307.0:24148.0:113261.0:215480.0:462231.0:802483.0:1804568.0:3644162.0:7122955.0:1.4291307E7 Result :2.8495902E7
Dec 3, 2014 6:34:24 PM FingerPrint scan
INFO: Processing chunk : 1442840576
Dec 3, 2014 6:34:24 PM FingerPrint computeMagnitude
INFO: FingerPrint: :33431.0:61787.0:65940.0:210109.0:506195.0:832060.0:1714191.0:3470684.0:6838216.0:1.3777257E7 Result :2.750987E7
Dec 3, 2014 6:34:24 PM FingerPrint scan
INFO: Processing chunk : 1459617792
Dec 3, 2014 6:34:24 PM FingerPrint computeMagnitude
INFO: FingerPrint: :26379.0:44629.0:79595.0:201095.0:446488.0:738764.0:1528746.0:3122656.0:6216730.0:1.2434332E7 Result :2.4839414E7
Dec 3, 2014 6:34:24 PM FingerPrint scan
INFO: Processing chunk : 1476395008
Dec 3, 2014 6:34:24 PM FingerPrint computeMagnitude
INFO: FingerPrint: :20652.0:74730.0:62779.0:162991.0:265216.0:646538.0:1175713.0:2447695.0:4913809.0:9662657.0 Result :1.943278E7
Dec 3, 2014 6:34:24 PM FingerPrint scan
INFO: Processing chunk : 1493172224
Dec 3, 2014 6:34:24 PM FingerPrint computeMagnitude
INFO: FingerPrint: :22529.0:40427.0:85400.0:148074.0:266737.0:464472.0:1057831.0:2076370.0:4272885.0:8489772.0 Result :1.6924497E7
Dec 3, 2014 6:34:24 PM FingerPrint scan
INFO: Processing chunk : 1509949440
Dec 3, 2014 6:34:24 PM FingerPrint computeMagnitude
INFO: FingerPrint: :8107.0:17074.0:25491.0:99630.0:213335.0:361442.0:768898.0:1603840.0:3069757.0:6154765.0 Result :1.2322339E7
Dec 3, 2014 6:34:24 PM FingerPrint scan
INFO: Processing chunk : 1526726656
Dec 3, 2014 6:34:24 PM FingerPrint computeMagnitude
INFO: FingerPrint: :38434.0:60967.0:76632.0:210243.0:406225.0:765679.0:1502778.0:3132362.0:6222752.0:1.2510353E7 Result :2.4926425E7
Dec 3, 2014 6:34:24 PM FingerPrint scan
INFO: Processing chunk : 1543503872
Dec 3, 2014 6:34:24 PM FingerPrint computeMagnitude
INFO: FingerPrint: :21651.0:62936.0:127916.0:217503.0:401527.0:768033.0:1708674.0:3320029.0:6589424.0:1.3349085E7 Result :2.6566778E7
Dec 3, 2014 6:34:24 PM FingerPrint scan
INFO: Processing chunk : 1560281088
Dec 3, 2014 6:34:25 PM FingerPrint computeMagnitude
INFO: FingerPrint: :35232.0:54322.0:96019.0:175923.0:428443.0:818933.0:1629374.0:3171975.0:6481686.0:1.2951858E7 Result :2.5843765E7
Dec 3, 2014 6:34:25 PM FingerPrint scan
INFO: Processing chunk : 1577058304
Dec 3, 2014 6:34:25 PM FingerPrint computeMagnitude
INFO: FingerPrint: :14699.0:71200.0:123456.0:179320.0:441670.0:957528.0:1775034.0:3644723.0:7237071.0:1.4418664E7 Result :2.8863365E7
Dec 3, 2014 6:34:25 PM FingerPrint scan
INFO: Processing chunk : 1593835520
Dec 3, 2014 6:34:25 PM FingerPrint computeMagnitude
INFO: FingerPrint: :15633.0:53987.0:108649.0:178871.0:360605.0:694456.0:1543624.0:3061808.0:5981644.0:1.2003517E7 Result :2.4002794E7
Dec 3, 2014 6:34:25 PM FingerPrint scan
INFO: Processing chunk : 1610612736
Dec 3, 2014 6:34:25 PM FingerPrint computeMagnitude
INFO: FingerPrint: :35075.0:48959.0:73540.0:220152.0:384609.0:806684.0:1603696.0:3116509.0:6316924.0:1.2618147E7 Result :2.5224295E7
Dec 3, 2014 6:34:25 PM FingerPrint scan
INFO: Processing chunk : 1627389952
Dec 3, 2014 6:34:25 PM FingerPrint computeMagnitude
INFO: FingerPrint: :10417.0:28956.0:74553.0:110250.0:239593.0:474563.0:932470.0:1869982.0:3727213.0:7498153.0 Result :1.496615E7
Dec 3, 2014 6:34:25 PM FingerPrint scan
INFO: Processing chunk : 1644167168
Dec 3, 2014 6:34:25 PM FingerPrint computeMagnitude
INFO: FingerPrint: :9712.0:20144.0:27294.0:50761.0:101938.0:177324.0:407797.0:803341.0:1591759.0:3221343.0 Result :6411413.0
Dec 3, 2014 6:34:25 PM FingerPrint scan
INFO: Processing chunk : 1660944384
Dec 3, 2014 6:34:25 PM FingerPrint computeMagnitude
INFO: FingerPrint: :3099.0:6924.0:18120.0:35638.0:58947.0:156428.0:273802.0:570589.0:1137773.0:2232625.0 Result :4493945.0
Dec 3, 2014 6:34:25 PM FingerPrint scan
INFO: Processing chunk : 1677721600
Dec 3, 2014 6:34:25 PM FingerPrint computeMagnitude
INFO: FingerPrint: :43465.0:40809.0:101689.0:181066.0:417656.0:681165.0:1463833.0:2913198.0:5754898.0:1.1662778E7 Result :2.3260557E7
Dec 3, 2014 6:34:25 PM FingerPrint scan
INFO: Processing chunk : 1694498816
Dec 3, 2014 6:34:25 PM FingerPrint computeMagnitude
INFO: FingerPrint: :8203.0:68618.0:105342.0:233436.0:497650.0:855106.0:1703520.0:3529762.0:7054313.0:1.405517E7 Result :2.811112E7
Dec 3, 2014 6:34:25 PM FingerPrint scan
INFO: Processing chunk : 1711276032
Dec 3, 2014 6:34:25 PM FingerPrint computeMagnitude
INFO: FingerPrint: :13339.0:21307.0:50107.0:55422.0:192360.0:297666.0:555250.0:1212936.0:2384219.0:4804101.0 Result :9586707.0
Dec 3, 2014 6:34:25 PM FingerPrint scan
INFO: Processing chunk : 1728053248
Dec 3, 2014 6:34:25 PM FingerPrint computeMagnitude
INFO: FingerPrint: :18359.0:22488.0:47214.0:89684.0:204185.0:460023.0:899866.0:1747335.0:3523112.0:7012218.0 Result :1.4024484E7
Dec 3, 2014 6:34:25 PM FingerPrint scan
INFO: Processing chunk : 1744830464
Dec 3, 2014 6:34:25 PM FingerPrint computeMagnitude
INFO: FingerPrint: :54808.0:33998.0:69865.0:138122.0:384399.0:878423.0:1612613.0:3281482.0:6460107.0:1.2703992E7 Result :2.5617809E7
Dec 3, 2014 6:34:25 PM FingerPrint scan
INFO: Processing chunk : 1761607680
Dec 3, 2014 6:34:25 PM FingerPrint computeMagnitude
INFO: FingerPrint: :27595.0:74436.0:110356.0:208828.0:337199.0:841837.0:1590824.0:3258009.0:6498849.0:1.2856541E7 Result :2.5804474E7
Dec 3, 2014 6:34:25 PM FingerPrint scan
INFO: Processing chunk : 1778384896
Dec 3, 2014 6:34:25 PM FingerPrint computeMagnitude
INFO: FingerPrint: :26278.0:59476.0:44398.0:230664.0:439541.0:644155.0:1517533.0:2957430.0:5923326.0:1.2090452E7 Result :2.3933253E7
