Dec 3, 2014 6:33:09 PM AudioFileComparator fingerPrint
INFO: Trying to get fingerprint for file : /course/cs5500f14/Assignments/A5/z02.wav
Dec 3, 2014 6:33:10 PM FingerPrint scan
INFO: Processing chunk : 0
Dec 3, 2014 6:33:10 PM FingerPrint computeMagnitude
INFO: FingerPrint: :22358.0:33841.0:41977.0:153622.0:281247.0:506200.0:1038603.0:2054370.0:4180107.0:8396924.0 Result :1.6709249E7
Dec 3, 2014 6:33:10 PM FingerPrint scan
INFO: Processing chunk : 16777216
Dec 3, 2014 6:33:10 PM FingerPrint computeMagnitude
INFO: FingerPrint: :23457.0:34993.0:58944.0:136878.0:273787.0:485848.0:1012249.0:2044647.0:4034419.0:8143683.0 Result :1.6248905E7
Dec 3, 2014 6:33:10 PM FingerPrint scan
INFO: Processing chunk : 33554432
Dec 3, 2014 6:33:10 PM FingerPrint computeMagnitude
INFO: FingerPrint: :33800.0:55991.0:32709.0:133290.0:250777.0:452205.0:1207476.0:2271953.0:4273944.0:8839281.0 Result :1.7551426E7
Dec 3, 2014 6:33:10 PM FingerPrint scan
INFO: Processing chunk : 50331648
Dec 3, 2014 6:33:10 PM FingerPrint computeMagnitude
INFO: FingerPrint: :12754.0:31160.0:126636.0:200561.0:458304.0:832089.0:1592825.0:3372499.0:6518284.0:1.3036462E7 Result :2.6181574E7
Dec 3, 2014 6:33:10 PM FingerPrint scan
INFO: Processing chunk : 67108864
Dec 3, 2014 6:33:10 PM FingerPrint computeMagnitude
INFO: FingerPrint: :37830.0:34141.0:42499.0:189304.0:408549.0:761167.0:1494025.0:2936479.0:5996613.0:1.1916348E7 Result :2.3816955E7
Dec 3, 2014 6:33:10 PM FingerPrint scan
INFO: Processing chunk : 83886080
Dec 3, 2014 6:33:10 PM FingerPrint computeMagnitude
INFO: FingerPrint: :28656.0:64863.0:114656.0:237478.0:434965.0:901761.0:1766536.0:3589562.0:7190156.0:1.4326748E7 Result :2.8655381E7
Dec 3, 2014 6:33:10 PM FingerPrint scan
INFO: Processing chunk : 100663296
Dec 3, 2014 6:33:10 PM FingerPrint computeMagnitude
INFO: FingerPrint: :27741.0:56376.0:106155.0:237199.0:459200.0:866696.0:1779185.0:3605913.0:7117876.0:1.4345787E7 Result :2.8602128E7
Dec 3, 2014 6:33:10 PM FingerPrint scan
INFO: Processing chunk : 117440512
Dec 3, 2014 6:33:10 PM FingerPrint computeMagnitude
INFO: FingerPrint: :11785.0:13234.0:39338.0:88021.0:155556.0:259272.0:615003.0:1250316.0:2349832.0:4924897.0 Result :9707254.0
Dec 3, 2014 6:33:10 PM FingerPrint scan
INFO: Processing chunk : 134217728
Dec 3, 2014 6:33:10 PM FingerPrint computeMagnitude
INFO: FingerPrint: :12360.0:48485.0:62179.0:115058.0:242927.0:506417.0:1099150.0:2028816.0:4108315.0:8306367.0 Result :1.6530074E7
Dec 3, 2014 6:33:10 PM FingerPrint scan
INFO: Processing chunk : 150994944
Dec 3, 2014 6:33:10 PM FingerPrint computeMagnitude
INFO: FingerPrint: :26907.0:24846.0:61589.0:131394.0:216980.0:487546.0:990036.0:1925837.0:3895339.0:7816936.0 Result :1.557741E7
Dec 3, 2014 6:33:10 PM FingerPrint scan
INFO: Processing chunk : 167772160
Dec 3, 2014 6:33:10 PM FingerPrint computeMagnitude
INFO: FingerPrint: :22131.0:19682.0:56425.0:144703.0:245819.0:473749.0:1000241.0:1973760.0:4038628.0:8144084.0 Result :1.6119222E7
Dec 3, 2014 6:33:10 PM FingerPrint scan
INFO: Processing chunk : 184549376
Dec 3, 2014 6:33:10 PM FingerPrint computeMagnitude
INFO: FingerPrint: :20294.0:20159.0:26841.0:119360.0:231690.0:407649.0:946415.0:1808518.0:3800232.0:7742490.0 Result :1.5123648E7
Dec 3, 2014 6:33:10 PM FingerPrint scan
INFO: Processing chunk : 201326592
Dec 3, 2014 6:33:10 PM FingerPrint computeMagnitude
INFO: FingerPrint: :22080.0:59296.0:33399.0:104253.0:243342.0:544866.0:1070838.0:2071352.0:4104380.0:8312281.0 Result :1.6566087E7
Dec 3, 2014 6:33:10 PM FingerPrint scan
INFO: Processing chunk : 218103808
Dec 3, 2014 6:33:10 PM FingerPrint computeMagnitude
INFO: FingerPrint: :835.0:1814.0:3349.0:7090.0:15985.0:32932.0:69892.0:122037.0:267789.0:517354.0 Result :1039077.0
Dec 3, 2014 6:33:10 PM FingerPrint scan
INFO: Processing chunk : 234881024
Dec 3, 2014 6:33:10 PM FingerPrint computeMagnitude
INFO: FingerPrint: :47450.0:39569.0:69028.0:139849.0:292641.0:538231.0:1195804.0:2369920.0:4703630.0:9509728.0 Result :1.890585E7
Dec 3, 2014 6:33:10 PM FingerPrint scan
INFO: Processing chunk : 251658240
Dec 3, 2014 6:33:10 PM FingerPrint computeMagnitude
INFO: FingerPrint: :16261.0:30026.0:103132.0:196587.0:395990.0:822811.0:1540736.0:3151034.0:6271065.0:1.2395619E7 Result :2.4923261E7
Dec 3, 2014 6:33:10 PM FingerPrint scan
INFO: Processing chunk : 268435456
Dec 3, 2014 6:33:10 PM FingerPrint computeMagnitude
INFO: FingerPrint: :15233.0:24563.0:93080.0:136542.0:255282.0:501779.0:1011391.0:2183842.0:4111580.0:8268456.0 Result :1.6601748E7
Dec 3, 2014 6:33:10 PM FingerPrint scan
INFO: Processing chunk : 285212672
Dec 3, 2014 6:33:10 PM FingerPrint computeMagnitude
INFO: FingerPrint: :7462.0:26564.0:27725.0:84487.0:123602.0:314031.0:613120.0:1466684.0:2649722.0:5338758.0 Result :1.0652155E7
Dec 3, 2014 6:33:10 PM FingerPrint scan
INFO: Processing chunk : 301989888
Dec 3, 2014 6:33:10 PM FingerPrint computeMagnitude
INFO: FingerPrint: :12884.0:40487.0:63403.0:132441.0:274047.0:601675.0:1092014.0:2232353.0:4421159.0:8893119.0 Result :1.7763582E7
Dec 3, 2014 6:33:10 PM FingerPrint scan
INFO: Processing chunk : 318767104
Dec 3, 2014 6:33:10 PM FingerPrint computeMagnitude
INFO: FingerPrint: :23811.0:27892.0:66554.0:166690.0:271022.0:550341.0:1137297.0:2214099.0:4450906.0:8931669.0 Result :1.7840281E7
Dec 3, 2014 6:33:10 PM FingerPrint scan
INFO: Processing chunk : 335544320
Dec 3, 2014 6:33:10 PM FingerPrint computeMagnitude
INFO: FingerPrint: :1889.0:28951.0:33490.0:99781.0:260013.0:503020.0:948614.0:1963495.0:3802062.0:7583912.0 Result :1.5225227E7
Dec 3, 2014 6:33:10 PM FingerPrint scan
INFO: Processing chunk : 352321536
Dec 3, 2014 6:33:10 PM FingerPrint computeMagnitude
INFO: FingerPrint: :12758.0:32915.0:83131.0:165797.0:384563.0:657748.0:1360757.0:2715054.0:5360344.0:1.0818875E7 Result :2.1591942E7
Dec 3, 2014 6:33:10 PM FingerPrint scan
INFO: Processing chunk : 369098752
Dec 3, 2014 6:33:10 PM FingerPrint computeMagnitude
INFO: FingerPrint: :16191.0:43328.0:54923.0:132970.0:261654.0:513356.0:971840.0:2013893.0:4018713.0:7976058.0 Result :1.6002926E7
Dec 3, 2014 6:33:10 PM FingerPrint scan
INFO: Processing chunk : 385875968
Dec 3, 2014 6:33:10 PM FingerPrint computeMagnitude
INFO: FingerPrint: :1584.0:1503.0:8119.0:10639.0:23414.0:49091.0:89086.0:183188.0:369508.0:729308.0 Result :1465440.0
Dec 3, 2014 6:33:10 PM FingerPrint scan
INFO: Processing chunk : 402653184
Dec 3, 2014 6:33:10 PM FingerPrint computeMagnitude
INFO: FingerPrint: :10030.0:23395.0:46806.0:81470.0:202259.0:378905.0:766034.0:1635403.0:3166859.0:6291557.0 Result :1.2602718E7
Dec 3, 2014 6:33:10 PM FingerPrint scan
INFO: Processing chunk : 419430400
Dec 3, 2014 6:33:10 PM FingerPrint computeMagnitude
INFO: FingerPrint: :8887.0:43467.0:78471.0:183745.0:336574.0:707006.0:1295501.0:2704370.0:5353879.0:1.0564488E7 Result :2.1276388E7
Dec 3, 2014 6:33:10 PM FingerPrint scan
INFO: Processing chunk : 436207616
Dec 3, 2014 6:33:10 PM FingerPrint computeMagnitude
INFO: FingerPrint: :17895.0:55359.0:62464.0:133430.0:315256.0:609032.0:1242970.0:2423853.0:4799813.0:9699905.0 Result :1.9359977E7
Dec 3, 2014 6:33:10 PM FingerPrint scan
INFO: Processing chunk : 452984832
Dec 3, 2014 6:33:10 PM FingerPrint computeMagnitude
INFO: FingerPrint: :24759.0:32751.0:95704.0:166982.0:355507.0:685901.0:1392134.0:2711830.0:5492650.0:1.1067322E7 Result :2.202554E7
Dec 3, 2014 6:33:10 PM FingerPrint scan
INFO: Processing chunk : 469762048
Dec 3, 2014 6:33:10 PM FingerPrint computeMagnitude
INFO: FingerPrint: :48600.0:78369.0:84791.0:180491.0:402490.0:832813.0:1590929.0:3310487.0:6545736.0:1.3078337E7 Result :2.6153043E7
Dec 3, 2014 6:33:10 PM FingerPrint scan
INFO: Processing chunk : 486539264
Dec 3, 2014 6:33:10 PM FingerPrint computeMagnitude
INFO: FingerPrint: :13519.0:32371.0:55735.0:114517.0:327649.0:617746.0:1252581.0:2445087.0:4711904.0:9519998.0 Result :1.9091107E7
Dec 3, 2014 6:33:10 PM FingerPrint scan
INFO: Processing chunk : 503316480
Dec 3, 2014 6:33:10 PM FingerPrint computeMagnitude
INFO: FingerPrint: :9169.0:36073.0:56199.0:108788.0:312074.0:470800.0:984587.0:1998444.0:3872136.0:7908207.0 Result :1.5756477E7
Dec 3, 2014 6:33:10 PM FingerPrint scan
INFO: Processing chunk : 520093696
Dec 3, 2014 6:33:10 PM FingerPrint computeMagnitude
INFO: FingerPrint: :33985.0:16405.0:96527.0:193929.0:323185.0:731471.0:1395264.0:2741253.0:5576474.0:1.1101342E7 Result :2.2209835E7
Dec 3, 2014 6:33:10 PM FingerPrint scan
INFO: Processing chunk : 536870912
Dec 3, 2014 6:33:10 PM FingerPrint computeMagnitude
INFO: FingerPrint: :24744.0:52177.0:63916.0:105633.0:239760.0:470020.0:1022801.0:2006592.0:3970062.0:8019021.0 Result :1.5974726E7
Dec 3, 2014 6:33:10 PM FingerPrint scan
INFO: Processing chunk : 553648128
Dec 3, 2014 6:33:10 PM FingerPrint computeMagnitude
INFO: FingerPrint: :18421.0:39543.0:99063.0:187724.0:390255.0:663179.0:1505933.0:2948839.0:5784809.0:1.1688156E7 Result :2.3325922E7
Dec 3, 2014 6:33:10 PM FingerPrint scan
INFO: Processing chunk : 570425344
Dec 3, 2014 6:33:10 PM FingerPrint computeMagnitude
INFO: FingerPrint: :14306.0:41018.0:51850.0:129884.0:290729.0:526658.0:1081514.0:2137242.0:4223332.0:8469848.0 Result :1.6966381E7
Dec 3, 2014 6:33:10 PM FingerPrint scan
INFO: Processing chunk : 587202560
Dec 3, 2014 6:33:10 PM FingerPrint computeMagnitude
INFO: FingerPrint: :1993.0:4024.0:8606.0:16519.0:29763.0:60507.0:120677.0:242209.0:486776.0:967362.0 Result :1938436.0
Dec 3, 2014 6:33:10 PM FingerPrint scan
INFO: Processing chunk : 603979776
Dec 3, 2014 6:33:10 PM FingerPrint computeMagnitude
INFO: FingerPrint: :5581.0:18144.0:45298.0:68849.0:145146.0:278530.0:547380.0:1108920.0:2208604.0:4408279.0 Result :8834731.0
Dec 3, 2014 6:33:10 PM FingerPrint scan
INFO: Processing chunk : 620756992
Dec 3, 2014 6:33:10 PM FingerPrint computeMagnitude
INFO: FingerPrint: :24468.0:68653.0:78275.0:175314.0:351303.0:710846.0:1459317.0:2860024.0:5700904.0:1.1476737E7 Result :2.2905841E7
Dec 3, 2014 6:33:10 PM FingerPrint scan
INFO: Processing chunk : 637534208
Dec 3, 2014 6:33:10 PM FingerPrint computeMagnitude
INFO: FingerPrint: :13294.0:30604.0:56093.0:168768.0:274052.0:500874.0:1076937.0:2213501.0:4440977.0:8848126.0 Result :1.7623226E7
Dec 3, 2014 6:33:10 PM FingerPrint scan
INFO: Processing chunk : 654311424
Dec 3, 2014 6:33:10 PM FingerPrint computeMagnitude
INFO: FingerPrint: :24113.0:70849.0:66297.0:128420.0:353505.0:621981.0:1290402.0:2567110.0:5120093.0:1.0224388E7 Result :2.0467158E7
Dec 3, 2014 6:33:10 PM FingerPrint scan
INFO: Processing chunk : 671088640
Dec 3, 2014 6:33:10 PM FingerPrint computeMagnitude
INFO: FingerPrint: :14535.0:33070.0:82850.0:202483.0:383404.0:729380.0:1445298.0:2967067.0:5817808.0:1.1682395E7 Result :2.335829E7
Dec 3, 2014 6:33:10 PM FingerPrint scan
INFO: Processing chunk : 687865856
Dec 3, 2014 6:33:10 PM FingerPrint computeMagnitude
INFO: FingerPrint: :35269.0:37253.0:42096.0:141432.0:200463.0:458313.0:898906.0:1694290.0:3503572.0:7138587.0 Result :1.4150181E7
Dec 3, 2014 6:33:10 PM FingerPrint scan
INFO: Processing chunk : 704643072
Dec 3, 2014 6:33:10 PM FingerPrint computeMagnitude
INFO: FingerPrint: :8955.0:31766.0:65354.0:133026.0:252461.0:438582.0:907225.0:1908576.0:3749879.0:7530246.0 Result :1.502607E7
Dec 3, 2014 6:33:10 PM FingerPrint scan
INFO: Processing chunk : 721420288
Dec 3, 2014 6:33:10 PM FingerPrint computeMagnitude
INFO: FingerPrint: :21013.0:43413.0:32416.0:148891.0:275752.0:584593.0:1158604.0:2231190.0:4526919.0:9011743.0 Result :1.8034534E7
Dec 3, 2014 6:33:10 PM FingerPrint scan
INFO: Processing chunk : 738197504
Dec 3, 2014 6:33:10 PM FingerPrint computeMagnitude
INFO: FingerPrint: :9500.0:39627.0:39024.0:121518.0:196130.0:466545.0:893721.0:1838135.0:3563722.0:7154044.0 Result :1.4321966E7
Dec 3, 2014 6:33:10 PM FingerPrint scan
INFO: Processing chunk : 754974720
Dec 3, 2014 6:33:10 PM FingerPrint computeMagnitude
INFO: FingerPrint: :16395.0:33201.0:135614.0:210810.0:423722.0:794222.0:1537138.0:3065417.0:6277454.0:1.2455669E7 Result :2.4949642E7
Dec 3, 2014 6:33:10 PM FingerPrint scan
INFO: Processing chunk : 771751936
Dec 3, 2014 6:33:10 PM FingerPrint computeMagnitude
INFO: FingerPrint: :38224.0:52810.0:89978.0:227536.0:326642.0:741244.0:1525482.0:3003661.0:6093608.0:1.2141415E7 Result :2.42406E7
Dec 3, 2014 6:33:10 PM FingerPrint scan
INFO: Processing chunk : 788529152
Dec 3, 2014 6:33:10 PM FingerPrint computeMagnitude
INFO: FingerPrint: :12710.0:46263.0:107579.0:183592.0:381648.0:764808.0:1461353.0:3004226.0:5946289.0:1.1828181E7 Result :2.3736649E7
Dec 3, 2014 6:33:10 PM FingerPrint scan
INFO: Processing chunk : 805306368
Dec 3, 2014 6:33:10 PM FingerPrint computeMagnitude
INFO: FingerPrint: :3109.0:53027.0:88346.0:148582.0:334889.0:601521.0:1261766.0:2490374.0:4953037.0:1.0008331E7 Result :1.9942982E7
Dec 3, 2014 6:33:10 PM FingerPrint scan
INFO: Processing chunk : 822083584
Dec 3, 2014 6:33:10 PM FingerPrint computeMagnitude
INFO: FingerPrint: :16226.0:59043.0:63156.0:143587.0:294290.0:501119.0:1200749.0:2248272.0:4497747.0:9110828.0 Result :1.8135017E7
Dec 3, 2014 6:33:10 PM FingerPrint scan
INFO: Processing chunk : 838860800
Dec 3, 2014 6:33:10 PM FingerPrint computeMagnitude
INFO: FingerPrint: :10523.0:27859.0:47434.0:93134.0:155507.0:396698.0:820544.0:1552810.0:3112459.0:6174963.0 Result :1.2391931E7
Dec 3, 2014 6:33:10 PM FingerPrint scan
INFO: Processing chunk : 855638016
Dec 3, 2014 6:33:10 PM FingerPrint computeMagnitude
INFO: FingerPrint: :24157.0:18844.0:138569.0:231382.0:435367.0:872778.0:1561848.0:3278316.0:6594196.0:1.3097584E7 Result :2.6253041E7
Dec 3, 2014 6:33:10 PM FingerPrint scan
INFO: Processing chunk : 872415232
Dec 3, 2014 6:33:10 PM FingerPrint computeMagnitude
INFO: FingerPrint: :24019.0:51333.0:71592.0:183679.0:348176.0:772727.0:1545855.0:3141917.0:6183409.0:1.2411634E7 Result :2.4734341E7
Dec 3, 2014 6:33:10 PM FingerPrint scan
INFO: Processing chunk : 889192448
Dec 3, 2014 6:33:11 PM FingerPrint computeMagnitude
INFO: FingerPrint: :14411.0:57459.0:99410.0:203400.0:381317.0:737432.0:1521166.0:2993402.0:6013585.0:1.2063103E7 Result :2.4084685E7
Dec 3, 2014 6:33:11 PM FingerPrint scan
INFO: Processing chunk : 905969664
Dec 3, 2014 6:33:11 PM FingerPrint computeMagnitude
INFO: FingerPrint: :10441.0:21574.0:86302.0:120084.0:296515.0:577353.0:1081956.0:2232266.0:4455133.0:8834692.0 Result :1.7716316E7
Dec 3, 2014 6:33:11 PM FingerPrint scan
INFO: Processing chunk : 922746880
Dec 3, 2014 6:33:11 PM FingerPrint computeMagnitude
INFO: FingerPrint: :2800.0:5300.0:8366.0:17084.0:37397.0:68677.0:148649.0:298431.0:584099.0:1181245.0 Result :2352048.0
Dec 3, 2014 6:33:11 PM FingerPrint scan
INFO: Processing chunk : 939524096
Dec 3, 2014 6:33:11 PM FingerPrint computeMagnitude
INFO: FingerPrint: :1126.0:1623.0:2764.0:5679.0:10052.0:21891.0:45435.0:87028.0:176248.0:355214.0 Result :707060.0
Dec 3, 2014 6:33:11 PM FingerPrint scan
INFO: Processing chunk : 956301312
Dec 3, 2014 6:33:11 PM FingerPrint computeMagnitude
INFO: FingerPrint: :15442.0:55352.0:87383.0:191950.0:378112.0:824341.0:1627151.0:3213112.0:6500306.0:1.2912046E7 Result :2.5805195E7
Dec 3, 2014 6:33:11 PM FingerPrint scan
INFO: Processing chunk : 973078528
Dec 3, 2014 6:33:11 PM FingerPrint computeMagnitude
INFO: FingerPrint: :13026.0:50891.0:42721.0:117364.0:252724.0:473148.0:1053916.0:2050966.0:4067918.0:8146452.0 Result :1.6269126E7
Dec 3, 2014 6:33:11 PM FingerPrint scan
INFO: Processing chunk : 989855744
Dec 3, 2014 6:33:11 PM FingerPrint computeMagnitude
INFO: FingerPrint: :11557.0:23048.0:76305.0:190025.0:333201.0:624532.0:1268633.0:2504448.0:4988148.0:1.0007755E7 Result :2.0027652E7
Dec 3, 2014 6:33:11 PM FingerPrint scan
INFO: Processing chunk : 1006632960
Dec 3, 2014 6:33:11 PM FingerPrint computeMagnitude
INFO: FingerPrint: :15616.0:27168.0:89914.0:125522.0:273862.0:519691.0:992487.0:2036223.0:4103544.0:8214270.0 Result :1.6398297E7
Dec 3, 2014 6:33:11 PM FingerPrint scan
INFO: Processing chunk : 1023410176
Dec 3, 2014 6:33:11 PM FingerPrint computeMagnitude
INFO: FingerPrint: :8784.0:10122.0:37131.0:33832.0:94326.0:227422.0:376838.0:719475.0:1590912.0:3029263.0 Result :6128105.0
Dec 3, 2014 6:33:11 PM FingerPrint scan
INFO: Processing chunk : 1040187392
Dec 3, 2014 6:33:11 PM FingerPrint computeMagnitude
INFO: FingerPrint: :846.0:1215.0:2455.0:6129.0:11346.0:21381.0:43945.0:88758.0:175146.0:352108.0 Result :703329.0
Dec 3, 2014 6:33:11 PM FingerPrint scan
INFO: Processing chunk : 1056964608
Dec 3, 2014 6:33:11 PM FingerPrint computeMagnitude
INFO: FingerPrint: :26788.0:52695.0:48388.0:178469.0:330692.0:684942.0:1415200.0:2754903.0:5311294.0:1.096156E7 Result :2.1764931E7
Dec 3, 2014 6:33:11 PM FingerPrint scan
INFO: Processing chunk : 1073741824
Dec 3, 2014 6:33:11 PM FingerPrint computeMagnitude
INFO: FingerPrint: :12011.0:30686.0:75390.0:163113.0:248570.0:489659.0:1112486.0:2106517.0:4264737.0:8634686.0 Result :1.7137855E7
Dec 3, 2014 6:33:11 PM FingerPrint scan
INFO: Processing chunk : 1090519040
Dec 3, 2014 6:33:11 PM FingerPrint computeMagnitude
INFO: FingerPrint: :24202.0:59351.0:73770.0:143192.0:317533.0:556086.0:1217837.0:2522958.0:4824429.0:9751333.0 Result :1.9490691E7
Dec 3, 2014 6:33:11 PM FingerPrint scan
INFO: Processing chunk : 1107296256
Dec 3, 2014 6:33:11 PM FingerPrint computeMagnitude
INFO: FingerPrint: :18304.0:32409.0:51787.0:115884.0:205864.0:404094.0:817547.0:1649025.0:3307583.0:6611801.0 Result :1.3214298E7
Dec 3, 2014 6:33:11 PM FingerPrint scan
INFO: Processing chunk : 1124073472
Dec 3, 2014 6:33:11 PM FingerPrint computeMagnitude
INFO: FingerPrint: :34138.0:44425.0:95027.0:155969.0:401515.0:789349.0:1531613.0:3000309.0:6222330.0:1.2271687E7 Result :2.4546362E7
Dec 3, 2014 6:33:11 PM FingerPrint scan
INFO: Processing chunk : 1140850688
Dec 3, 2014 6:33:11 PM FingerPrint computeMagnitude
INFO: FingerPrint: :24446.0:46084.0:135022.0:254226.0:367718.0:842789.0:1621347.0:3266549.0:6599783.0:1.3090272E7 Result :2.6248236E7
Dec 3, 2014 6:33:11 PM FingerPrint scan
INFO: Processing chunk : 1157627904
Dec 3, 2014 6:33:11 PM FingerPrint computeMagnitude
INFO: FingerPrint: :11956.0:55122.0:74232.0:202918.0:407963.0:798419.0:1695090.0:3196364.0:6351985.0:1.2902162E7 Result :2.5696211E7
Dec 3, 2014 6:33:11 PM FingerPrint scan
INFO: Processing chunk : 1174405120
Dec 3, 2014 6:33:11 PM FingerPrint computeMagnitude
INFO: FingerPrint: :50018.0:59546.0:104648.0:221887.0:477179.0:970801.0:1800619.0:3645303.0:7343849.0:1.460677E7 Result :2.928062E7
Dec 3, 2014 6:33:11 PM FingerPrint scan
INFO: Processing chunk : 1191182336
Dec 3, 2014 6:33:11 PM FingerPrint computeMagnitude
INFO: FingerPrint: :31548.0:54963.0:85232.0:183896.0:308758.0:631083.0:1181571.0:2478891.0:5118556.0:9846194.0 Result :1.9920692E7
Dec 3, 2014 6:33:11 PM FingerPrint scan
INFO: Processing chunk : 1207959552
Dec 3, 2014 6:33:11 PM FingerPrint computeMagnitude
INFO: FingerPrint: :7795.0:17444.0:33092.0:76774.0:117727.0:231169.0:520417.0:983001.0:1890325.0:3719380.0 Result :7597124.0
Dec 3, 2014 6:33:11 PM FingerPrint scan
INFO: Processing chunk : 1224736768
Dec 3, 2014 6:33:11 PM FingerPrint computeMagnitude
INFO: FingerPrint: :36259.0:26282.0:92594.0:182597.0:408685.0:756492.0:1490568.0:2953113.0:5947985.0:1.191833E7 Result :2.3812905E7
Dec 3, 2014 6:33:11 PM FingerPrint scan
INFO: Processing chunk : 1241513984
Dec 3, 2014 6:33:11 PM FingerPrint computeMagnitude
INFO: FingerPrint: :7628.0:43949.0:51686.0:98610.0:220298.0:427550.0:881717.0:1761078.0:3490738.0:6995385.0 Result :1.3978639E7
Dec 3, 2014 6:33:11 PM FingerPrint scan
INFO: Processing chunk : 1258291200
Dec 3, 2014 6:33:11 PM FingerPrint computeMagnitude
INFO: FingerPrint: :15106.0:24788.0:51314.0:147977.0:263873.0:556741.0:1140175.0:2050141.0:4370249.0:8720458.0 Result :1.7340822E7
Dec 3, 2014 6:33:11 PM FingerPrint scan
INFO: Processing chunk : 1275068416
Dec 3, 2014 6:33:11 PM FingerPrint computeMagnitude
INFO: FingerPrint: :18193.0:39558.0:50401.0:122289.0:263606.0:550665.0:1102351.0:2238209.0:4396632.0:8947112.0 Result :1.7729016E7
Dec 3, 2014 6:33:11 PM FingerPrint scan
INFO: Processing chunk : 1291845632
Dec 3, 2014 6:33:11 PM FingerPrint computeMagnitude
INFO: FingerPrint: :10165.0:19542.0:34774.0:80071.0:152578.0:326820.0:649556.0:1312288.0:2583123.0:5130801.0 Result :1.0299718E7
Dec 3, 2014 6:33:11 PM FingerPrint scan
INFO: Processing chunk : 1308622848
Dec 3, 2014 6:33:11 PM FingerPrint computeMagnitude
INFO: FingerPrint: :1417.0:1426.0:2372.0:7282.0:15326.0:26410.0:53154.0:109666.0:214895.0:435310.0 Result :867258.0
Dec 3, 2014 6:33:11 PM FingerPrint scan
INFO: Processing chunk : 1325400064
Dec 3, 2014 6:33:11 PM FingerPrint computeMagnitude
INFO: FingerPrint: :11464.0:50054.0:122058.0:153001.0:411683.0:773298.0:1506484.0:3152921.0:6151703.0:1.2272233E7 Result :2.4604899E7
Dec 3, 2014 6:33:11 PM FingerPrint scan
INFO: Processing chunk : 1342177280
Dec 3, 2014 6:33:11 PM FingerPrint computeMagnitude
INFO: FingerPrint: :38514.0:55159.0:66294.0:158176.0:318268.0:560190.0:1318868.0:2483282.0:4953568.0:1.0114032E7 Result :2.0066351E7
Dec 3, 2014 6:33:11 PM FingerPrint scan
INFO: Processing chunk : 1358954496
Dec 3, 2014 6:33:11 PM FingerPrint computeMagnitude
INFO: FingerPrint: :8116.0:19560.0:29028.0:127734.0:230517.0:575743.0:972500.0:2026053.0:4055212.0:7740514.0 Result :1.5784977E7
Dec 3, 2014 6:33:11 PM FingerPrint scan
INFO: Processing chunk : 1375731712
Dec 3, 2014 6:33:11 PM FingerPrint computeMagnitude
INFO: FingerPrint: :7972.0:22137.0:44825.0:76010.0:192707.0:382720.0:649362.0:1296199.0:2662595.0:5107260.0 Result :1.0441787E7
Dec 3, 2014 6:33:11 PM FingerPrint scan
INFO: Processing chunk : 1392508928
Dec 3, 2014 6:33:11 PM FingerPrint computeMagnitude
INFO: FingerPrint: :10655.0:82630.0:73497.0:150301.0:413332.0:811246.0:1490144.0:3138268.0:6134356.0:1.2277482E7 Result :2.4581911E7
Dec 3, 2014 6:33:11 PM FingerPrint scan
INFO: Processing chunk : 1409286144
Dec 3, 2014 6:33:11 PM FingerPrint computeMagnitude
INFO: FingerPrint: :16233.0:37565.0:65928.0:139322.0:288601.0:539656.0:1101346.0:2302914.0:4477453.0:8951625.0 Result :1.7920643E7
Dec 3, 2014 6:33:11 PM FingerPrint scan
INFO: Processing chunk : 1426063360
Dec 3, 2014 6:33:11 PM FingerPrint computeMagnitude
INFO: FingerPrint: :6077.0:15097.0:37589.0:81732.0:151289.0:306272.0:638086.0:1382245.0:2755468.0:5332015.0 Result :1.070587E7
Dec 3, 2014 6:33:11 PM FingerPrint scan
INFO: Processing chunk : 1442840576
Dec 3, 2014 6:33:11 PM FingerPrint computeMagnitude
INFO: FingerPrint: :359.0:2227.0:2751.0:6938.0:15395.0:25722.0:57661.0:108943.0:222071.0:442428.0 Result :884495.0
Dec 3, 2014 6:33:11 PM FingerPrint scan
INFO: Processing chunk : 1459617792
Dec 3, 2014 6:33:11 PM FingerPrint computeMagnitude
INFO: FingerPrint: :16068.0:34289.0:57688.0:147704.0:262763.0:543621.0:1051078.0:2124593.0:4221187.0:8440115.0 Result :1.6899106E7
Dec 3, 2014 6:33:11 PM FingerPrint scan
INFO: Processing chunk : 1476395008
Dec 3, 2014 6:33:11 PM FingerPrint computeMagnitude
INFO: FingerPrint: :12139.0:32666.0:60670.0:106054.0:247462.0:448895.0:931097.0:1818037.0:3626185.0:7358174.0 Result :1.4641379E7
Dec 3, 2014 6:33:11 PM FingerPrint scan
INFO: Processing chunk : 1493172224
Dec 3, 2014 6:33:11 PM FingerPrint computeMagnitude
INFO: FingerPrint: :7716.0:18338.0:28125.0:101449.0:175619.0:370707.0:678213.0:1395046.0:2704523.0:5507083.0 Result :1.0986819E7
Dec 3, 2014 6:33:11 PM FingerPrint scan
INFO: Processing chunk : 1509949440
Dec 3, 2014 6:33:11 PM FingerPrint computeMagnitude
INFO: FingerPrint: :1441.0:1465.0:1555.0:7241.0:13731.0:23735.0:47573.0:94711.0:190778.0:383745.0 Result :765975.0
Dec 3, 2014 6:33:11 PM FingerPrint scan
INFO: Processing chunk : 1526726656
Dec 3, 2014 6:33:11 PM FingerPrint computeMagnitude
INFO: FingerPrint: :19864.0:42813.0:85017.0:127739.0:269364.0:537611.0:1013769.0:2127855.0:4206084.0:8395329.0 Result :1.6825445E7
Dec 3, 2014 6:33:11 PM FingerPrint scan
INFO: Processing chunk : 1543503872
Dec 3, 2014 6:33:11 PM FingerPrint computeMagnitude
INFO: FingerPrint: :5012.0:22434.0:107258.0:168689.0:373103.0:653759.0:1402742.0:2816287.0:5541077.0:1.1056752E7 Result :2.2147113E7
Dec 3, 2014 6:33:11 PM FingerPrint scan
INFO: Processing chunk : 1560281088
Dec 3, 2014 6:33:11 PM FingerPrint computeMagnitude
INFO: FingerPrint: :14550.0:20215.0:52513.0:106415.0:214127.0:359495.0:773991.0:1536755.0:2993449.0:6138446.0 Result :1.2209956E7
Dec 3, 2014 6:33:11 PM FingerPrint scan
INFO: Processing chunk : 1577058304
Dec 3, 2014 6:33:11 PM FingerPrint computeMagnitude
INFO: FingerPrint: :1474.0:4287.0:5817.0:21497.0:35631.0:77700.0:135375.0:343837.0:670294.0:1363792.0 Result :2659704.0
Dec 3, 2014 6:33:11 PM FingerPrint scan
INFO: Processing chunk : 1593835520
Dec 3, 2014 6:33:11 PM FingerPrint computeMagnitude
INFO: FingerPrint: :29632.0:34956.0:84540.0:172892.0:279339.0:620221.0:1316438.0:2549221.0:5144065.0:1.0305808E7 Result :2.0537112E7
Dec 3, 2014 6:33:11 PM FingerPrint scan
INFO: Processing chunk : 1610612736
Dec 3, 2014 6:33:11 PM FingerPrint computeMagnitude
INFO: FingerPrint: :17187.0:26470.0:106291.0:131826.0:327065.0:649763.0:1250453.0:2629760.0:5114201.0:1.0236028E7 Result :2.0489044E7
Dec 3, 2014 6:33:11 PM FingerPrint scan
INFO: Processing chunk : 1627389952
Dec 3, 2014 6:33:11 PM FingerPrint computeMagnitude
INFO: FingerPrint: :17499.0:30931.0:57939.0:174382.0:298827.0:674198.0:1245836.0:2476696.0:5040729.0:9989883.0 Result :2.000692E7
Dec 3, 2014 6:33:11 PM FingerPrint scan
INFO: Processing chunk : 1644167168
Dec 3, 2014 6:33:11 PM FingerPrint computeMagnitude
INFO: FingerPrint: :18714.0:37769.0:84823.0:130346.0:265186.0:549326.0:1161129.0:2273735.0:4579139.0:9128643.0 Result :1.822881E7
Dec 3, 2014 6:33:11 PM FingerPrint scan
INFO: Processing chunk : 1660944384
Dec 3, 2014 6:33:11 PM FingerPrint computeMagnitude
INFO: FingerPrint: :10051.0:36769.0:38249.0:107947.0:223333.0:437578.0:850074.0:1710089.0:3358706.0:6770105.0 Result :1.3542901E7
Dec 3, 2014 6:33:11 PM FingerPrint scan
INFO: Processing chunk : 1677721600
Dec 3, 2014 6:33:11 PM FingerPrint computeMagnitude
INFO: FingerPrint: :8100.0:25304.0:30967.0:54294.0:127117.0:215190.0:522343.0:992487.0:1878852.0:3940689.0 Result :7795343.0
Dec 3, 2014 6:33:11 PM FingerPrint scan
INFO: Processing chunk : 1694498816
Dec 3, 2014 6:33:11 PM FingerPrint computeMagnitude
INFO: FingerPrint: :10307.0:50389.0:79885.0:171607.0:406638.0:711996.0:1406389.0:2894528.0:5707939.0:1.1372024E7 Result :2.2811702E7
Dec 3, 2014 6:33:11 PM FingerPrint scan
INFO: Processing chunk : 1711276032
Dec 3, 2014 6:33:11 PM FingerPrint computeMagnitude
INFO: FingerPrint: :43455.0:38904.0:56437.0:166512.0:354859.0:659742.0:1201332.0:2487860.0:5040745.0:1.0041672E7 Result :2.0091518E7
Dec 3, 2014 6:33:11 PM FingerPrint scan
INFO: Processing chunk : 1728053248
Dec 3, 2014 6:33:11 PM FingerPrint computeMagnitude
INFO: FingerPrint: :39118.0:38840.0:82310.0:165113.0:363782.0:708453.0:1460881.0:2831005.0:5491613.0:1.0910028E7 Result :2.2091143E7
Dec 3, 2014 6:33:11 PM FingerPrint scan
INFO: Processing chunk : 1744830464
Dec 3, 2014 6:33:11 PM FingerPrint computeMagnitude
INFO: FingerPrint: :21473.0:29537.0:51665.0:100174.0:206510.0:444761.0:877588.0:1696668.0:3253321.0:6526938.0 Result :1.3208635E7
Dec 3, 2014 6:33:11 PM FingerPrint scan
INFO: Processing chunk : 1761607680
Dec 3, 2014 6:33:11 PM FingerPrint computeMagnitude
INFO: FingerPrint: :17799.0:31421.0:63230.0:195255.0:312308.0:605139.0:1255626.0:2390726.0:4906653.0:9659800.0 Result :1.9437957E7
Dec 3, 2014 6:33:11 PM FingerPrint scan
INFO: Processing chunk : 1778384896
Dec 3, 2014 6:33:11 PM FingerPrint computeMagnitude
INFO: FingerPrint: :9051.0:23790.0:45277.0:78926.0:207069.0:401148.0:767728.0:1603621.0:3325897.0:6266435.0 Result :1.2728942E7
Dec 3, 2014 6:33:11 PM AudioFileComparator fingerPrint
INFO: Trying to get fingerprint for file : /course/cs5500f14/Assignments/A5/z05.wav
Dec 3, 2014 6:33:11 PM FingerPrint scan
INFO: Processing chunk : 0
Dec 3, 2014 6:33:11 PM FingerPrint computeMagnitude
INFO: FingerPrint: :18619.0:47692.0:99493.0:255582.0:475562.0:904696.0:1864958.0:3685453.0:7351478.0:1.4721115E7 Result :2.9424648E7
Dec 3, 2014 6:33:11 PM FingerPrint scan
INFO: Processing chunk : 16777216
Dec 3, 2014 6:33:11 PM FingerPrint computeMagnitude
INFO: FingerPrint: :54055.0:57738.0:112302.0:242748.0:522960.0:939490.0:1887514.0:3906907.0:7653548.0:1.5360265E7 Result :3.0737527E7
Dec 3, 2014 6:33:11 PM FingerPrint scan
INFO: Processing chunk : 33554432
Dec 3, 2014 6:33:11 PM FingerPrint computeMagnitude
INFO: FingerPrint: :8241.0:91485.0:115363.0:250149.0:478839.0:992769.0:1993566.0:3904636.0:7962535.0:1.5844013E7 Result :3.1641596E7
Dec 3, 2014 6:33:11 PM FingerPrint scan
INFO: Processing chunk : 50331648
Dec 3, 2014 6:33:11 PM FingerPrint computeMagnitude
INFO: FingerPrint: :40614.0:68986.0:98371.0:249955.0:518367.0:982559.0:1959251.0:3965871.0:7887684.0:1.5753437E7 Result :3.1525095E7
Dec 3, 2014 6:33:11 PM FingerPrint scan
INFO: Processing chunk : 67108864
Dec 3, 2014 6:33:11 PM FingerPrint computeMagnitude
INFO: FingerPrint: :22286.0:75711.0:111198.0:235162.0:488728.0:933835.0:1903692.0:3797154.0:7613868.0:1.5252401E7 Result :3.0434035E7
Dec 3, 2014 6:33:11 PM FingerPrint scan
INFO: Processing chunk : 83886080
Dec 3, 2014 6:33:11 PM FingerPrint computeMagnitude
INFO: FingerPrint: :36088.0:52234.0:118599.0:211422.0:463824.0:867255.0:1827817.0:3631987.0:7268030.0:1.4548969E7 Result :2.9026225E7
Dec 3, 2014 6:33:11 PM FingerPrint scan
INFO: Processing chunk : 100663296
Dec 3, 2014 6:33:11 PM FingerPrint computeMagnitude
INFO: FingerPrint: :38054.0:60869.0:110022.0:216949.0:398138.0:862325.0:1681276.0:3409787.0:6819739.0:1.3586275E7 Result :2.7183434E7
Dec 3, 2014 6:33:11 PM FingerPrint scan
INFO: Processing chunk : 117440512
Dec 3, 2014 6:33:11 PM FingerPrint computeMagnitude
INFO: FingerPrint: :13359.0:33969.0:58823.0:128159.0:219545.0:500980.0:961146.0:1930596.0:3889769.0:7709446.0 Result :1.5445792E7
Dec 3, 2014 6:33:11 PM FingerPrint scan
INFO: Processing chunk : 134217728
Dec 3, 2014 6:33:11 PM FingerPrint computeMagnitude
INFO: FingerPrint: :10568.0:62137.0:116335.0:221570.0:382059.0:794105.0:1636789.0:3224662.0:6547925.0:1.3064964E7 Result :2.6061114E7
Dec 3, 2014 6:33:11 PM FingerPrint scan
INFO: Processing chunk : 150994944
Dec 3, 2014 6:33:11 PM FingerPrint computeMagnitude
INFO: FingerPrint: :35416.0:68912.0:99352.0:209098.0:425510.0:891501.0:1720878.0:3467838.0:6920312.0:1.3816819E7 Result :2.7655636E7
Dec 3, 2014 6:33:11 PM FingerPrint scan
INFO: Processing chunk : 167772160
Dec 3, 2014 6:33:11 PM FingerPrint computeMagnitude
INFO: FingerPrint: :27190.0:50653.0:94212.0:233360.0:482237.0:876514.0:1822591.0:3618280.0:7240451.0:1.4504152E7 Result :2.894964E7
Dec 3, 2014 6:33:11 PM FingerPrint scan
INFO: Processing chunk : 184549376
Dec 3, 2014 6:33:11 PM FingerPrint computeMagnitude
INFO: FingerPrint: :23679.0:77907.0:130101.0:218392.0:464773.0:944131.0:1873456.0:3769731.0:7546356.0:1.5091846E7 Result :3.0140372E7
Dec 3, 2014 6:33:11 PM FingerPrint scan
INFO: Processing chunk : 201326592
Dec 3, 2014 6:33:11 PM FingerPrint computeMagnitude
INFO: FingerPrint: :11540.0:50092.0:77174.0:252301.0:458284.0:926399.0:1722853.0:3496367.0:6997641.0:1.3858964E7 Result :2.7851615E7
Dec 3, 2014 6:33:11 PM FingerPrint scan
INFO: Processing chunk : 218103808
Dec 3, 2014 6:33:11 PM FingerPrint computeMagnitude
INFO: FingerPrint: :7748.0:53438.0:102817.0:266670.0:493206.0:942428.0:1905665.0:3765157.0:7553196.0:1.510631E7 Result :3.0196635E7
Dec 3, 2014 6:33:11 PM FingerPrint scan
INFO: Processing chunk : 234881024
Dec 3, 2014 6:33:11 PM FingerPrint computeMagnitude
INFO: FingerPrint: :35735.0:28570.0:79065.0:211922.0:421831.0:684799.0:1529652.0:3243931.0:6147513.0:1.243239E7 Result :2.4815408E7
Dec 3, 2014 6:33:11 PM FingerPrint scan
INFO: Processing chunk : 251658240
Dec 3, 2014 6:33:11 PM FingerPrint computeMagnitude
INFO: FingerPrint: :44800.0:61238.0:72619.0:209723.0:476804.0:907676.0:1816310.0:3678434.0:7267952.0:1.4599353E7 Result :2.9134909E7
Dec 3, 2014 6:33:11 PM FingerPrint scan
INFO: Processing chunk : 268435456
Dec 3, 2014 6:33:11 PM FingerPrint computeMagnitude
INFO: FingerPrint: :7818.0:37840.0:125095.0:212393.0:401941.0:863550.0:1733840.0:3263194.0:6651361.0:1.3315806E7 Result :2.6612838E7
Dec 3, 2014 6:33:11 PM FingerPrint scan
INFO: Processing chunk : 285212672
Dec 3, 2014 6:33:11 PM FingerPrint computeMagnitude
INFO: FingerPrint: :37498.0:28670.0:142525.0:200788.0:358191.0:667685.0:1453858.0:2810600.0:5737236.0:1.1517241E7 Result :2.2954292E7
Dec 3, 2014 6:33:11 PM FingerPrint scan
INFO: Processing chunk : 301989888
Dec 3, 2014 6:33:11 PM FingerPrint computeMagnitude
INFO: FingerPrint: :18467.0:60988.0:79552.0:164220.0:285716.0:641389.0:1252143.0:2465507.0:5019253.0:9992837.0 Result :1.9980072E7
Dec 3, 2014 6:33:11 PM FingerPrint scan
INFO: Processing chunk : 318767104
Dec 3, 2014 6:33:11 PM FingerPrint computeMagnitude
INFO: FingerPrint: :17469.0:12955.0:74896.0:149099.0:349782.0:466582.0:1197491.0:2237160.0:4429169.0:9099305.0 Result :1.8033908E7
Dec 3, 2014 6:33:11 PM FingerPrint scan
INFO: Processing chunk : 335544320
Dec 3, 2014 6:33:11 PM FingerPrint computeMagnitude
INFO: FingerPrint: :18157.0:27500.0:65706.0:101222.0:214424.0:551803.0:933876.0:1940195.0:3897235.0:7710794.0 Result :1.5460912E7
Dec 3, 2014 6:33:11 PM FingerPrint scan
INFO: Processing chunk : 352321536
Dec 3, 2014 6:33:11 PM FingerPrint computeMagnitude
INFO: FingerPrint: :29047.0:16658.0:85360.0:199530.0:401907.0:775824.0:1439440.0:2973073.0:5943853.0:1.1761745E7 Result :2.3626437E7
Dec 3, 2014 6:33:11 PM FingerPrint scan
INFO: Processing chunk : 369098752
Dec 3, 2014 6:33:11 PM FingerPrint computeMagnitude
INFO: FingerPrint: :12335.0:56149.0:57761.0:185534.0:326165.0:588954.0:1247277.0:2445548.0:4892681.0:9904625.0 Result :1.9717029E7
Dec 3, 2014 6:33:11 PM FingerPrint scan
INFO: Processing chunk : 385875968
Dec 3, 2014 6:33:11 PM FingerPrint computeMagnitude
INFO: FingerPrint: :31175.0:35008.0:51411.0:130216.0:359210.0:559487.0:1288737.0:2506348.0:4834456.0:9874972.0 Result :1.967102E7
Dec 3, 2014 6:33:11 PM FingerPrint scan
INFO: Processing chunk : 402653184
Dec 3, 2014 6:33:11 PM FingerPrint computeMagnitude
INFO: FingerPrint: :16046.0:57052.0:73137.0:178918.0:391831.0:776506.0:1513920.0:3070612.0:6119227.0:1.223706E7 Result :2.4434309E7
Dec 3, 2014 6:33:11 PM FingerPrint scan
INFO: Processing chunk : 419430400
Dec 3, 2014 6:33:12 PM FingerPrint computeMagnitude
INFO: FingerPrint: :23807.0:65840.0:58338.0:170888.0:391169.0:647816.0:1423251.0:2843220.0:5612333.0:1.1331926E7 Result :2.2568588E7
Dec 3, 2014 6:33:12 PM FingerPrint scan
INFO: Processing chunk : 436207616
Dec 3, 2014 6:33:12 PM FingerPrint computeMagnitude
INFO: FingerPrint: :21793.0:46798.0:101349.0:112847.0:339066.0:577984.0:1126223.0:2452190.0:4766190.0:9472985.0 Result :1.9017425E7
Dec 3, 2014 6:33:12 PM FingerPrint scan
INFO: Processing chunk : 452984832
Dec 3, 2014 6:33:12 PM FingerPrint computeMagnitude
INFO: FingerPrint: :16256.0:44314.0:54256.0:156126.0:325946.0:593882.0:1283328.0:2397577.0:4793744.0:9690648.0 Result :1.9356077E7
Dec 3, 2014 6:33:12 PM FingerPrint scan
INFO: Processing chunk : 469762048
Dec 3, 2014 6:33:12 PM FingerPrint computeMagnitude
INFO: FingerPrint: :38998.0:65373.0:81306.0:166394.0:373987.0:695454.0:1483694.0:2842733.0:5693650.0:1.1507924E7 Result :2.2949513E7
Dec 3, 2014 6:33:12 PM FingerPrint scan
INFO: Processing chunk : 486539264
Dec 3, 2014 6:33:12 PM FingerPrint computeMagnitude
INFO: FingerPrint: :25993.0:21423.0:96560.0:222209.0:411544.0:755948.0:1551358.0:2956968.0:6008933.0:1.2201775E7 Result :2.4252711E7
Dec 3, 2014 6:33:12 PM FingerPrint scan
INFO: Processing chunk : 503316480
Dec 3, 2014 6:33:12 PM FingerPrint computeMagnitude
INFO: FingerPrint: :16909.0:37794.0:86893.0:188875.0:334966.0:770771.0:1475162.0:3045411.0:6013167.0:1.1816864E7 Result :2.3786812E7
Dec 3, 2014 6:33:12 PM FingerPrint scan
INFO: Processing chunk : 520093696
Dec 3, 2014 6:33:12 PM FingerPrint computeMagnitude
INFO: FingerPrint: :25558.0:56020.0:122544.0:174768.0:322463.0:537309.0:1303871.0:2607418.0:5168142.0:1.0467987E7 Result :2.078608E7
Dec 3, 2014 6:33:12 PM FingerPrint scan
INFO: Processing chunk : 536870912
Dec 3, 2014 6:33:12 PM FingerPrint computeMagnitude
INFO: FingerPrint: :40944.0:17811.0:41237.0:154847.0:360754.0:654947.0:1379803.0:2614509.0:5213530.0:1.062591E7 Result :2.1104292E7
Dec 3, 2014 6:33:12 PM FingerPrint scan
INFO: Processing chunk : 553648128
Dec 3, 2014 6:33:12 PM FingerPrint computeMagnitude
INFO: FingerPrint: :17749.0:39889.0:25237.0:161232.0:262199.0:653489.0:1047013.0:2275480.0:4545732.0:8845991.0 Result :1.7874011E7
Dec 3, 2014 6:33:12 PM FingerPrint scan
INFO: Processing chunk : 570425344
Dec 3, 2014 6:33:12 PM FingerPrint computeMagnitude
INFO: FingerPrint: :18812.0:54665.0:77232.0:169253.0:388578.0:739028.0:1508610.0:3007431.0:5985447.0:1.1966944E7 Result :2.3916E7
Dec 3, 2014 6:33:12 PM FingerPrint scan
INFO: Processing chunk : 587202560
Dec 3, 2014 6:33:12 PM FingerPrint computeMagnitude
INFO: FingerPrint: :17835.0:25467.0:106342.0:186161.0:400256.0:737691.0:1374820.0:2800509.0:5577906.0:1.1219827E7 Result :2.2446814E7
Dec 3, 2014 6:33:12 PM FingerPrint scan
INFO: Processing chunk : 603979776
Dec 3, 2014 6:33:12 PM FingerPrint computeMagnitude
INFO: FingerPrint: :20455.0:29915.0:85381.0:206143.0:368961.0:663549.0:1420404.0:2799979.0:5537142.0:1.120194E7 Result :2.2333869E7
Dec 3, 2014 6:33:12 PM FingerPrint scan
INFO: Processing chunk : 620756992
Dec 3, 2014 6:33:12 PM FingerPrint computeMagnitude
INFO: FingerPrint: :33339.0:43276.0:95281.0:163184.0:374712.0:784878.0:1461299.0:2976815.0:5971621.0:1.188017E7 Result :2.3784575E7
Dec 3, 2014 6:33:12 PM FingerPrint scan
INFO: Processing chunk : 637534208
Dec 3, 2014 6:33:12 PM FingerPrint computeMagnitude
INFO: FingerPrint: :36307.0:35548.0:92590.0:193256.0:378432.0:751794.0:1541579.0:3169637.0:6139343.0:1.2331247E7 Result :2.4669733E7
Dec 3, 2014 6:33:12 PM FingerPrint scan
INFO: Processing chunk : 654311424
Dec 3, 2014 6:33:12 PM FingerPrint computeMagnitude
INFO: FingerPrint: :14229.0:49965.0:57357.0:187870.0:309766.0:760026.0:1366406.0:2733981.0:5480279.0:1.0914382E7 Result :2.1874261E7
Dec 3, 2014 6:33:12 PM FingerPrint scan
INFO: Processing chunk : 671088640
Dec 3, 2014 6:33:12 PM FingerPrint computeMagnitude
INFO: FingerPrint: :10943.0:42233.0:98808.0:131632.0:328391.0:666499.0:1284185.0:2572648.0:5174762.0:1.0343336E7 Result :2.0653437E7
Dec 3, 2014 6:33:12 PM FingerPrint scan
INFO: Processing chunk : 687865856
Dec 3, 2014 6:33:12 PM FingerPrint computeMagnitude
INFO: FingerPrint: :20687.0:57540.0:38804.0:146093.0:237390.0:519203.0:1070693.0:2061894.0:4180694.0:8323043.0 Result :1.6656041E7
Dec 3, 2014 6:33:12 PM FingerPrint scan
INFO: Processing chunk : 704643072
Dec 3, 2014 6:33:12 PM FingerPrint computeMagnitude
INFO: FingerPrint: :12967.0:72569.0:76821.0:168683.0:404920.0:666885.0:1382876.0:2878514.0:5576015.0:1.132417E7 Result :2.256442E7
Dec 3, 2014 6:33:12 PM FingerPrint scan
INFO: Processing chunk : 721420288
Dec 3, 2014 6:33:12 PM FingerPrint computeMagnitude
INFO: FingerPrint: :20445.0:56916.0:58244.0:221003.0:405887.0:636382.0:1354949.0:2673896.0:5365949.0:1.0940193E7 Result :2.1733864E7
Dec 3, 2014 6:33:12 PM FingerPrint scan
INFO: Processing chunk : 738197504
Dec 3, 2014 6:33:12 PM FingerPrint computeMagnitude
INFO: FingerPrint: :21533.0:28757.0:67091.0:147211.0:279956.0:719567.0:1247843.0:2531284.0:5087186.0:9981930.0 Result :2.0112358E7
Dec 3, 2014 6:33:12 PM FingerPrint scan
INFO: Processing chunk : 754974720
Dec 3, 2014 6:33:12 PM FingerPrint computeMagnitude
INFO: FingerPrint: :39348.0:64279.0:87396.0:190190.0:320297.0:576047.0:1287795.0:2566055.0:5228927.0:1.0548374E7 Result :2.0908708E7
Dec 3, 2014 6:33:12 PM FingerPrint scan
INFO: Processing chunk : 771751936
Dec 3, 2014 6:33:12 PM FingerPrint computeMagnitude
INFO: FingerPrint: :26661.0:54652.0:66110.0:171705.0:348841.0:686751.0:1368195.0:2703423.0:5352070.0:1.0785503E7 Result :2.1563911E7
Dec 3, 2014 6:33:12 PM FingerPrint scan
INFO: Processing chunk : 788529152
Dec 3, 2014 6:33:12 PM FingerPrint computeMagnitude
INFO: FingerPrint: :22163.0:61163.0:55061.0:128819.0:365839.0:633215.0:1311008.0:2533293.0:5085648.0:1.0167553E7 Result :2.0363762E7
Dec 3, 2014 6:33:12 PM FingerPrint scan
INFO: Processing chunk : 805306368
Dec 3, 2014 6:33:12 PM FingerPrint computeMagnitude
INFO: FingerPrint: :46702.0:88565.0:93763.0:180372.0:427526.0:828379.0:1702784.0:3371348.0:6680214.0:1.3456709E7 Result :2.6876362E7
Dec 3, 2014 6:33:12 PM FingerPrint scan
INFO: Processing chunk : 822083584
Dec 3, 2014 6:33:12 PM FingerPrint computeMagnitude
INFO: FingerPrint: :37747.0:42666.0:75533.0:209195.0:395980.0:709906.0:1485741.0:3080367.0:6011584.0:1.2122447E7 Result :2.4171166E7
Dec 3, 2014 6:33:12 PM FingerPrint scan
INFO: Processing chunk : 838860800
Dec 3, 2014 6:33:12 PM FingerPrint computeMagnitude
INFO: FingerPrint: :28255.0:24118.0:112067.0:209901.0:377369.0:767013.0:1585911.0:3227163.0:6312151.0:1.2639871E7 Result :2.5283819E7
Dec 3, 2014 6:33:12 PM FingerPrint scan
INFO: Processing chunk : 855638016
Dec 3, 2014 6:33:12 PM FingerPrint computeMagnitude
INFO: FingerPrint: :19996.0:43758.0:125175.0:223698.0:464438.0:803722.0:1736129.0:3447477.0:6811639.0:1.3876621E7 Result :2.7552653E7
Dec 3, 2014 6:33:12 PM FingerPrint scan
INFO: Processing chunk : 872415232
Dec 3, 2014 6:33:12 PM FingerPrint computeMagnitude
INFO: FingerPrint: :6278.0:25071.0:98575.0:190783.0:341624.0:751906.0:1538220.0:2945882.0:5863840.0:1.1726428E7 Result :2.3488607E7
Dec 3, 2014 6:33:12 PM FingerPrint scan
INFO: Processing chunk : 889192448
Dec 3, 2014 6:33:12 PM FingerPrint computeMagnitude
INFO: FingerPrint: :25609.0:58437.0:64503.0:157880.0:363726.0:656950.0:1388605.0:2712575.0:5403862.0:1.0780144E7 Result :2.1612291E7
Dec 3, 2014 6:33:12 PM FingerPrint scan
INFO: Processing chunk : 905969664
Dec 3, 2014 6:33:12 PM FingerPrint computeMagnitude
INFO: FingerPrint: :21995.0:11464.0:88531.0:181303.0:275268.0:620499.0:1259459.0:2464467.0:4970207.0:9815780.0 Result :1.9708973E7
Dec 3, 2014 6:33:12 PM FingerPrint scan
INFO: Processing chunk : 922746880
Dec 3, 2014 6:33:12 PM FingerPrint computeMagnitude
INFO: FingerPrint: :53614.0:33393.0:140961.0:177183.0:410046.0:797643.0:1573458.0:3247676.0:6488171.0:1.3028022E7 Result :2.5950167E7
Dec 3, 2014 6:33:12 PM FingerPrint scan
INFO: Processing chunk : 939524096
Dec 3, 2014 6:33:12 PM FingerPrint computeMagnitude
INFO: FingerPrint: :12580.0:57681.0:78775.0:167913.0:385889.0:818581.0:1438273.0:2943206.0:5976864.0:1.1817044E7 Result :2.3696806E7
Dec 3, 2014 6:33:12 PM FingerPrint scan
INFO: Processing chunk : 956301312
Dec 3, 2014 6:33:12 PM FingerPrint computeMagnitude
INFO: FingerPrint: :49920.0:37919.0:76432.0:228699.0:366882.0:650477.0:1402339.0:2772909.0:5579842.0:1.1393161E7 Result :2.255858E7
Dec 3, 2014 6:33:12 PM FingerPrint scan
INFO: Processing chunk : 973078528
Dec 3, 2014 6:33:12 PM FingerPrint computeMagnitude
INFO: FingerPrint: :24925.0:44432.0:64313.0:126217.0:350133.0:690858.0:1364111.0:2755639.0:5358614.0:1.0625772E7 Result :2.1405014E7
Dec 3, 2014 6:33:12 PM FingerPrint scan
INFO: Processing chunk : 989855744
Dec 3, 2014 6:33:12 PM FingerPrint computeMagnitude
INFO: FingerPrint: :36990.0:56429.0:52075.0:187195.0:350942.0:612768.0:1305500.0:2621082.0:5224473.0:1.0551454E7 Result :2.0998908E7
Dec 3, 2014 6:33:12 PM FingerPrint scan
INFO: Processing chunk : 1006632960
Dec 3, 2014 6:33:12 PM FingerPrint computeMagnitude
INFO: FingerPrint: :30065.0:35498.0:71627.0:133811.0:318182.0:570691.0:1147657.0:2374076.0:4735341.0:9441568.0 Result :1.8858516E7
Dec 3, 2014 6:33:12 PM FingerPrint scan
INFO: Processing chunk : 1023410176
Dec 3, 2014 6:33:12 PM FingerPrint computeMagnitude
INFO: FingerPrint: :25595.0:39397.0:90736.0:166659.0:337139.0:729908.0:1473466.0:3030255.0:5867713.0:1.1641348E7 Result :2.3402216E7
Dec 3, 2014 6:33:12 PM FingerPrint scan
INFO: Processing chunk : 1040187392
Dec 3, 2014 6:33:12 PM FingerPrint computeMagnitude
INFO: FingerPrint: :35684.0:63768.0:105887.0:178752.0:376022.0:739466.0:1532032.0:3021023.0:6048026.0:1.2163482E7 Result :2.4264142E7
Dec 3, 2014 6:33:12 PM FingerPrint scan
INFO: Processing chunk : 1056964608
Dec 3, 2014 6:33:12 PM FingerPrint computeMagnitude
INFO: FingerPrint: :34432.0:52618.0:99988.0:154184.0:424343.0:884521.0:1627353.0:3373367.0:6679729.0:1.3209047E7 Result :2.6539582E7
Dec 3, 2014 6:33:12 PM FingerPrint scan
INFO: Processing chunk : 1073741824
Dec 3, 2014 6:33:12 PM FingerPrint computeMagnitude
INFO: FingerPrint: :22901.0:72481.0:89071.0:275566.0:441570.0:843997.0:1750346.0:3546958.0:7135634.0:1.4226315E7 Result :2.8404839E7
Dec 3, 2014 6:33:12 PM FingerPrint scan
INFO: Processing chunk : 1090519040
Dec 3, 2014 6:33:12 PM FingerPrint computeMagnitude
INFO: FingerPrint: :20222.0:65077.0:93961.0:241975.0:476500.0:886029.0:1864642.0:3586759.0:7238082.0:1.4493076E7 Result :2.8966323E7
Dec 3, 2014 6:33:12 PM FingerPrint scan
INFO: Processing chunk : 1107296256
Dec 3, 2014 6:33:12 PM FingerPrint computeMagnitude
INFO: FingerPrint: :41934.0:27472.0:91712.0:206711.0:390035.0:748238.0:1522256.0:3174398.0:6216981.0:1.2501566E7 Result :2.4921303E7
Dec 3, 2014 6:33:12 PM FingerPrint scan
INFO: Processing chunk : 1124073472
Dec 3, 2014 6:33:12 PM FingerPrint computeMagnitude
INFO: FingerPrint: :9344.0:60526.0:103944.0:166310.0:384593.0:724445.0:1448822.0:2828626.0:5763683.0:1.1590062E7 Result :2.3080355E7
Dec 3, 2014 6:33:12 PM FingerPrint scan
INFO: Processing chunk : 1140850688
Dec 3, 2014 6:33:12 PM FingerPrint computeMagnitude
INFO: FingerPrint: :25262.0:19669.0:126053.0:200028.0:333796.0:735010.0:1365812.0:2772359.0:5686860.0:1.137455E7 Result :2.2639399E7
Dec 3, 2014 6:33:12 PM FingerPrint scan
INFO: Processing chunk : 1157627904
Dec 3, 2014 6:33:12 PM FingerPrint computeMagnitude
INFO: FingerPrint: :14901.0:31011.0:95431.0:197299.0:363591.0:700949.0:1403484.0:2876347.0:5713158.0:1.1457879E7 Result :2.285405E7
Dec 3, 2014 6:33:12 PM FingerPrint scan
INFO: Processing chunk : 1174405120
Dec 3, 2014 6:33:12 PM FingerPrint computeMagnitude
INFO: FingerPrint: :25911.0:77904.0:93745.0:178617.0:433101.0:730385.0:1451971.0:3139678.0:6069730.0:1.2088229E7 Result :2.4289271E7
Dec 3, 2014 6:33:12 PM FingerPrint scan
INFO: Processing chunk : 1191182336
Dec 3, 2014 6:33:12 PM FingerPrint computeMagnitude
INFO: FingerPrint: :44263.0:28118.0:100495.0:168504.0:384377.0:719230.0:1509553.0:2991952.0:5930979.0:1.1881094E7 Result :2.3758565E7
Dec 3, 2014 6:33:12 PM FingerPrint scan
INFO: Processing chunk : 1207959552
Dec 3, 2014 6:33:12 PM FingerPrint computeMagnitude
INFO: FingerPrint: :17629.0:57254.0:67403.0:220552.0:377561.0:729989.0:1627470.0:3090406.0:6173009.0:1.2426461E7 Result :2.4787734E7
Dec 3, 2014 6:33:12 PM FingerPrint scan
INFO: Processing chunk : 1224736768
Dec 3, 2014 6:33:12 PM FingerPrint computeMagnitude
INFO: FingerPrint: :41622.0:44522.0:102740.0:193730.0:390966.0:814162.0:1591262.0:3197046.0:6365080.0:1.2730722E7 Result :2.5471852E7
Dec 3, 2014 6:33:12 PM FingerPrint scan
INFO: Processing chunk : 1241513984
Dec 3, 2014 6:33:12 PM FingerPrint computeMagnitude
INFO: FingerPrint: :41161.0:31523.0:66928.0:247712.0:419584.0:667839.0:1541698.0:2937139.0:5880994.0:1.1876995E7 Result :2.3711573E7
Dec 3, 2014 6:33:12 PM FingerPrint scan
INFO: Processing chunk : 1258291200
Dec 3, 2014 6:33:12 PM FingerPrint computeMagnitude
INFO: FingerPrint: :29163.0:52899.0:79114.0:193190.0:334569.0:670998.0:1440544.0:2820362.0:5646581.0:1.1278063E7 Result :2.2545483E7
Dec 3, 2014 6:33:12 PM FingerPrint scan
INFO: Processing chunk : 1275068416
Dec 3, 2014 6:33:12 PM FingerPrint computeMagnitude
INFO: FingerPrint: :23292.0:44505.0:47515.0:141993.0:286569.0:619788.0:1142157.0:2378546.0:4764071.0:9425553.0 Result :1.8873989E7
Dec 3, 2014 6:33:12 PM FingerPrint scan
INFO: Processing chunk : 1291845632
Dec 3, 2014 6:33:12 PM FingerPrint computeMagnitude
INFO: FingerPrint: :58704.0:61325.0:142573.0:315821.0:639101.0:1232492.0:2437566.0:4854302.0:9771847.0:1.9598954E7 Result :3.9112685E7
Dec 3, 2014 6:33:12 PM FingerPrint scan
INFO: Processing chunk : 1308622848
Dec 3, 2014 6:33:12 PM FingerPrint computeMagnitude
INFO: FingerPrint: :24650.0:34531.0:83144.0:128320.0:293851.0:667102.0:1343951.0:2637416.0:5317242.0:1.0537756E7 Result :2.1067963E7
Dec 3, 2014 6:33:12 PM FingerPrint scan
INFO: Processing chunk : 1325400064
Dec 3, 2014 6:33:12 PM FingerPrint computeMagnitude
INFO: FingerPrint: :33209.0:76712.0:126513.0:184599.0:470933.0:856009.0:1825171.0:3725812.0:7296297.0:1.4599055E7 Result :2.919431E7
Dec 3, 2014 6:33:12 PM FingerPrint scan
INFO: Processing chunk : 1342177280
Dec 3, 2014 6:33:12 PM FingerPrint computeMagnitude
INFO: FingerPrint: :25285.0:63939.0:88931.0:251025.0:384956.0:888750.0:1668613.0:3412180.0:6772188.0:1.3533622E7 Result :2.7089489E7
Dec 3, 2014 6:33:12 PM FingerPrint scan
INFO: Processing chunk : 1358954496
Dec 3, 2014 6:33:12 PM FingerPrint computeMagnitude
INFO: FingerPrint: :36125.0:58084.0:139473.0:224776.0:432044.0:988684.0:1922531.0:3798965.0:7573350.0:1.5099825E7 Result :3.0273857E7
Dec 3, 2014 6:33:12 PM FingerPrint scan
INFO: Processing chunk : 1375731712
Dec 3, 2014 6:33:12 PM FingerPrint computeMagnitude
INFO: FingerPrint: :5397.0:26105.0:96898.0:130740.0:312505.0:577166.0:1068599.0:2283810.0:4561730.0:9022883.0 Result :1.8085833E7
Dec 3, 2014 6:33:12 PM FingerPrint scan
INFO: Processing chunk : 1392508928
Dec 3, 2014 6:33:12 PM FingerPrint computeMagnitude
INFO: FingerPrint: :22463.0:36420.0:87424.0:170145.0:354998.0:800858.0:1497779.0:2869820.0:5894643.0:1.1549065E7 Result :2.3283615E7
Dec 3, 2014 6:33:12 PM FingerPrint scan
INFO: Processing chunk : 1409286144
Dec 3, 2014 6:33:12 PM FingerPrint computeMagnitude
INFO: FingerPrint: :28786.0:49458.0:81815.0:177761.0:273440.0:607181.0:1278655.0:2435817.0:4909734.0:9923624.0 Result :1.9766271E7
Dec 3, 2014 6:33:12 PM FingerPrint scan
INFO: Processing chunk : 1426063360
Dec 3, 2014 6:33:12 PM FingerPrint computeMagnitude
INFO: FingerPrint: :28763.0:39778.0:61757.0:137183.0:242597.0:630384.0:1241428.0:2438228.0:4885104.0:9662935.0 Result :1.9368157E7
Dec 3, 2014 6:33:12 PM FingerPrint scan
INFO: Processing chunk : 1442840576
Dec 3, 2014 6:33:12 PM FingerPrint computeMagnitude
INFO: FingerPrint: :26603.0:9450.0:74743.0:133122.0:279998.0:597129.0:1168275.0:2273659.0:4629157.0:9125448.0 Result :1.8317584E7
Dec 3, 2014 6:33:12 PM FingerPrint scan
INFO: Processing chunk : 1459617792
Dec 3, 2014 6:33:12 PM FingerPrint computeMagnitude
INFO: FingerPrint: :17080.0:22893.0:52632.0:148196.0:377216.0:730613.0:1411041.0:2737289.0:5488471.0:1.0928414E7 Result :2.1913845E7
Dec 3, 2014 6:33:12 PM FingerPrint scan
INFO: Processing chunk : 1476395008
Dec 3, 2014 6:33:12 PM FingerPrint computeMagnitude
INFO: FingerPrint: :21479.0:43373.0:86006.0:184031.0:336249.0:649371.0:1323946.0:2764982.0:5363832.0:1.0882941E7 Result :2.165621E7
Dec 3, 2014 6:33:12 PM FingerPrint scan
INFO: Processing chunk : 1493172224
Dec 3, 2014 6:33:12 PM FingerPrint computeMagnitude
INFO: FingerPrint: :9110.0:33128.0:58820.0:59952.0:218962.0:318671.0:735929.0:1670907.0:3030370.0:6136491.0 Result :1.227234E7
Dec 3, 2014 6:33:12 PM FingerPrint scan
INFO: Processing chunk : 1509949440
Dec 3, 2014 6:33:12 PM FingerPrint computeMagnitude
INFO: FingerPrint: :8499.0:15225.0:41178.0:99305.0:234321.0:421399.0:796322.0:1732734.0:3252973.0:6614763.0 Result :1.3216719E7
Dec 3, 2014 6:33:12 PM FingerPrint scan
INFO: Processing chunk : 1526726656
Dec 3, 2014 6:33:12 PM FingerPrint computeMagnitude
INFO: FingerPrint: :13939.0:41237.0:67246.0:146951.0:276107.0:548064.0:1064111.0:2162801.0:4315262.0:8708261.0 Result :1.7343979E7
Dec 3, 2014 6:33:12 PM FingerPrint scan
INFO: Processing chunk : 1543503872
Dec 3, 2014 6:33:12 PM FingerPrint computeMagnitude
INFO: FingerPrint: :19681.0:17149.0:76191.0:180682.0:323533.0:745532.0:1413546.0:2734176.0:5478216.0:1.0906482E7 Result :2.1895188E7
Dec 3, 2014 6:33:12 PM FingerPrint scan
INFO: Processing chunk : 1560281088
Dec 3, 2014 6:33:12 PM FingerPrint computeMagnitude
INFO: FingerPrint: :14570.0:64654.0:64553.0:139378.0:352715.0:676999.0:1417755.0:2794835.0:5557640.0:1.1134561E7 Result :2.221766E7
Dec 3, 2014 6:33:12 PM FingerPrint scan
INFO: Processing chunk : 1577058304
Dec 3, 2014 6:33:12 PM FingerPrint computeMagnitude
INFO: FingerPrint: :18790.0:67424.0:118904.0:174302.0:353857.0:922086.0:1544188.0:3172625.0:6401791.0:1.2537549E7 Result :2.5311516E7
Dec 3, 2014 6:33:12 PM FingerPrint scan
INFO: Processing chunk : 1593835520
Dec 3, 2014 6:33:12 PM FingerPrint computeMagnitude
INFO: FingerPrint: :46045.0:43401.0:85055.0:240749.0:358727.0:728518.0:1425644.0:2916862.0:5874337.0:1.1774328E7 Result :2.3493666E7
Dec 3, 2014 6:33:12 PM FingerPrint scan
INFO: Processing chunk : 1610612736
Dec 3, 2014 6:33:12 PM FingerPrint computeMagnitude
INFO: FingerPrint: :10976.0:23159.0:17794.0:48611.0:139145.0:239585.0:488044.0:1007642.0:1951472.0:3916087.0 Result :7842515.0
Dec 3, 2014 6:33:12 PM FingerPrint scan
INFO: Processing chunk : 1627389952
Dec 3, 2014 6:33:12 PM FingerPrint computeMagnitude
INFO: FingerPrint: :2934.0:11076.0:23976.0:29218.0:81372.0:175182.0:336467.0:684136.0:1341943.0:2655684.0 Result :5341988.0
Dec 3, 2014 6:33:12 PM FingerPrint scan
INFO: Processing chunk : 1644167168
Dec 3, 2014 6:33:12 PM FingerPrint computeMagnitude
INFO: FingerPrint: :28995.0:39807.0:81468.0:169707.0:327941.0:578608.0:1211989.0:2521223.0:4987487.0:1.0003075E7 Result :1.99503E7
Dec 3, 2014 6:33:12 PM FingerPrint scan
INFO: Processing chunk : 1660944384
Dec 3, 2014 6:33:12 PM FingerPrint computeMagnitude
INFO: FingerPrint: :17679.0:60332.0:72156.0:154302.0:270718.0:543155.0:1220687.0:2355406.0:4738652.0:9469911.0 Result :1.8902998E7
Dec 3, 2014 6:33:12 PM FingerPrint scan
INFO: Processing chunk : 1677721600
Dec 3, 2014 6:33:12 PM FingerPrint computeMagnitude
INFO: FingerPrint: :27228.0:43079.0:62435.0:127785.0:316588.0:631676.0:1196006.0:2423879.0:4848604.0:9647880.0 Result :1.932516E7
Dec 3, 2014 6:33:12 PM FingerPrint scan
INFO: Processing chunk : 1694498816
Dec 3, 2014 6:33:12 PM FingerPrint computeMagnitude
INFO: FingerPrint: :7623.0:5971.0:21516.0:65395.0:118906.0:198227.0:455025.0:868920.0:1740245.0:3535327.0 Result :7017155.0
Dec 3, 2014 6:33:12 PM FingerPrint scan
INFO: Processing chunk : 1711276032
Dec 3, 2014 6:33:12 PM FingerPrint computeMagnitude
INFO: FingerPrint: :8732.0:36817.0:21114.0:80456.0:162561.0:319255.0:664884.0:1294000.0:2585555.0:5172810.0 Result :1.0346184E7
Dec 3, 2014 6:33:12 PM FingerPrint scan
INFO: Processing chunk : 1728053248
Dec 3, 2014 6:33:12 PM FingerPrint computeMagnitude
INFO: FingerPrint: :12683.0:52996.0:66664.0:153404.0:340048.0:683584.0:1339214.0:2663638.0:5347756.0:1.0612792E7 Result :2.1272779E7
Dec 3, 2014 6:33:12 PM FingerPrint scan
INFO: Processing chunk : 1744830464
Dec 3, 2014 6:33:12 PM FingerPrint computeMagnitude
INFO: FingerPrint: :12134.0:26580.0:26114.0:89931.0:149466.0:280436.0:589082.0:1174584.0:2357185.0:4756090.0 Result :9461602.0
Dec 3, 2014 6:33:12 PM FingerPrint scan
INFO: Processing chunk : 1761607680
Dec 3, 2014 6:33:12 PM FingerPrint computeMagnitude
INFO: FingerPrint: :22003.0:51793.0:76596.0:172311.0:314286.0:708340.0:1342060.0:2643463.0:5328541.0:1.0637725E7 Result :2.1297118E7
Dec 3, 2014 6:33:12 PM FingerPrint scan
INFO: Processing chunk : 1778384896
Dec 3, 2014 6:33:12 PM FingerPrint computeMagnitude
INFO: FingerPrint: :21522.0:47713.0:59159.0:181720.0:303640.0:631970.0:1377609.0:2648539.0:5216797.0:1.0582759E7 Result :2.1071428E7
